<?xml version="1.0" encoding="UTF-8"?>
<testsuite xmlns:xsi="http://www.w3.org/2001/XMLSchema-instance" xsi:noNamespaceSchemaLocation="https://maven.apache.org/surefire/maven-surefire-plugin/xsd/surefire-test-report-3.0.xsd" version="3.0" name="io.spicelabs.saffron.corpus.CorpusFileVerificationTest" time="24.412" tests="289" errors="0" skipped="0" failures="0">
  <properties>
[...]
</properties>
  <testcase name="testFileSha256OnImages" classname="io.spicelabs.saffron.corpus.CorpusFileVerificationTest" time="0.206">
    <system-out><![CDATA[
=== Verifying: Fedora-Cloud-Base-Generic-42-1.1.x86_64.qcow2 ===
/EFI/BOOT/grub.efi: 49e1bfbdd3cfc818... (size: 1275904 bytes)
]]></system-out>
  </testcase>
  <testcase name="testFileSha256OnImages" classname="io.spicelabs.saffron.corpus.CorpusFileVerificationTest" time="0.032">
    <system-out><![CDATA[/usr/lib/python3.6/site-packages/pyasn1/codec/ber/__pycache__/eoo.cpython-36.opt-1.pyc: b6f1a91f7adf21db... (size: 745 bytes)
]]></system-out>
  </testcase>
  <testcase name="testFileSha256OnImages" classname="io.spicelabs.saffron.corpus.CorpusFileVerificationTest" time="0.049">
    <system-out><![CDATA[/usr/lib/modules/6.1.0-42-amd64/kernel/drivers/net/wireless/broadcom/brcm80211/brcmfmac/brcmfmac.ko: c4119f7425e94173... (size: 892465 bytes)
]]></system-out>
  </testcase>
  <testcase name="testFileSha256OnImages" classname="io.spicelabs.saffron.corpus.CorpusFileVerificationTest" time="0.026">
    <system-out><![CDATA[/usr/lib/modules/6.1.0-42-amd64/kernel/drivers/media/rc/keymaps/rc-zx-irdec.ko: 4bdb75fd60abaaaf... (size: 8009 bytes)
]]></system-out>
  </testcase>
  <testcase name="testFileSha256OnImages" classname="io.spicelabs.saffron.corpus.CorpusFileVerificationTest" time="0.025">
    <system-out><![CDATA[/usr/share/locale/id/LC_MESSAGES/psmisc.mo: 868ff9698b918695... (size: 18493 bytes)
]]></system-out>
  </testcase>
  <testcase name="testFileSha256OnImages" classname="io.spicelabs.saffron.corpus.CorpusFileVerificationTest" time="0.034">
    <system-out><![CDATA[/usr/lib/modules/6.1.0-42-amd64/kernel/drivers/message/fusion/mptfc.ko: 37f17a9108b014d5... (size: 73457 bytes)
]]></system-out>
  </testcase>
  <testcase name="testFileSha256OnImages" classname="io.spicelabs.saffron.corpus.CorpusFileVerificationTest" time="0.028">
    <system-out><![CDATA[/usr/lib/python3.11/unittest/__pycache__/suite.cpython-311.pyc: cf49ea1132e803e8... (size: 17866 bytes)
]]></system-out>
  </testcase>
  <testcase name="testFileSha256OnImages" classname="io.spicelabs.saffron.corpus.CorpusFileVerificationTest" time="0.025">
    <system-out><![CDATA[/usr/share/vim/vim90/keymap/greek_iso-8859-7.vim: 3f527d5d9d58053d... (size: 2132 bytes)
]]></system-out>
  </testcase>
  <testcase name="testFileSha256OnImages" classname="io.spicelabs.saffron.corpus.CorpusFileVerificationTest" time="0.035">
    <system-out><![CDATA[/var/cache/man/it/index.db: 2e4b833212be1213... (size: 20480 bytes)
]]></system-out>
  </testcase>
  <testcase name="testFileSha256OnImages" classname="io.spicelabs.saffron.corpus.CorpusFileVerificationTest" time="0.031">
    <system-out><![CDATA[/usr/lib/python3/dist-packages/pygments/lexers/__pycache__/_qlik_builtins.cpython-311.pyc: 1467ee64d7c81a1e... (size: 6413 bytes)
]]></system-out>
  </testcase>
  <testcase name="testFileSha256OnImages" classname="io.spicelabs.saffron.corpus.CorpusFileVerificationTest" time="0.028">
    <system-out><![CDATA[/usr/lib/modules/6.1.0-42-amd64/kernel/sound/soc/sof/intel/snd-sof-pci-intel-apl.ko: 78314b3c5c3883a4... (size: 59441 bytes)
]]></system-out>
  </testcase>
  <testcase name="testFileSha256OnImages" classname="io.spicelabs.saffron.corpus.CorpusFileVerificationTest" time="0.034">
    <system-out><![CDATA[/usr/share/lintian/overrides/libsmartcols1: 00a6307e9ccfbcda... (size: 113 bytes)
]]></system-out>
  </testcase>
  <testcase name="testFileSha256OnImages" classname="io.spicelabs.saffron.corpus.CorpusFileVerificationTest" time="0.048">
    <system-out><![CDATA[/EFI/BOOT/BOOTX64.EFI: b07ef76374237de1... (size: 331776 bytes)
]]></system-out>
  </testcase>
  <testcase name="testFileSha256OnImages" classname="io.spicelabs.saffron.corpus.CorpusFileVerificationTest" time="0.239">
    <system-out><![CDATA[/usr/include/glib-2.0/gio/gunixconnection.h: 07f6415b4db55606... (size: 5801 bytes)
]]></system-out>
    <system-err><![CDATA[[dbg] advance: inline=false compressed=true numBytes=8192 ramBytes=8192 diskNum=4096 diskBytenr=456310784 offset=0 inlineLen=-1 extentStart=0 pos=0
]]></system-err>
  </testcase>
  <testcase name="testFileSha256OnImages" classname="io.spicelabs.saffron.corpus.CorpusFileVerificationTest" time="0.928">
    <system-out><![CDATA[/usr/lib/modules/6.18.5-arch1-1/kernel/drivers/ata/pata_parport/epat.ko.zst: 18462a9a1dd1f06d... (size: 8232 bytes)
]]></system-out>
    <system-err><![CDATA[[dbg] advance: inline=false compressed=false numBytes=12288 ramBytes=12288 diskNum=12288 diskBytenr=708980736 offset=0 inlineLen=-1 extentStart=0 pos=0
]]></system-err>
  </testcase>
  <testcase name="testFileSha256OnImages" classname="io.spicelabs.saffron.corpus.CorpusFileVerificationTest" time="0.119">
    <system-out><![CDATA[/usr/share/man/pl/man8/swapon.8.gz: 4e4b7c262191e846... (size: 3927 bytes)
]]></system-out>
    <system-err><![CDATA[[dbg] advance: inline=false compressed=false numBytes=4096 ramBytes=4096 diskNum=4096 diskBytenr=444112896 offset=0 inlineLen=-1 extentStart=0 pos=0
]]></system-err>
  </testcase>
  <testcase name="testFileSha256OnImages" classname="io.spicelabs.saffron.corpus.CorpusFileVerificationTest" time="0.958">
    <system-out><![CDATA[/usr/lib/grub/i386-efi/multiboot2.mod: 237983982ee48bdf... (size: 17332 bytes)
]]></system-out>
    <system-err><![CDATA[[dbg] advance: inline=false compressed=true numBytes=20480 ramBytes=20480 diskNum=12288 diskBytenr=816447488 offset=0 inlineLen=-1 extentStart=0 pos=0
]]></system-err>
  </testcase>
  <testcase name="testFileSha256OnImages" classname="io.spicelabs.saffron.corpus.CorpusFileVerificationTest" time="0.004">
    <system-out><![CDATA[/usr/share/man/de/man8/chgpasswd.8.gz: 5d9017e602affe58... (size: 1809 bytes)
]]></system-out>
  </testcase>
  <testcase name="testFileSha256OnImages" classname="io.spicelabs.saffron.corpus.CorpusFileVerificationTest" time="0.007">
    <system-out><![CDATA[/usr/share/man/uk/man1/free.1.gz: 0e731cd97c058816... (size: 2688 bytes)
]]></system-out>
  </testcase>
  <testcase name="testFileSha256OnImages" classname="io.spicelabs.saffron.corpus.CorpusFileVerificationTest" time="0.002">
    <system-out><![CDATA[/usr/lib/grub/i386-pc/password.mod: ae5249904ab0ff9d... (size: 1820 bytes)
]]></system-out>
  </testcase>
  <testcase name="testFileSha256OnImages" classname="io.spicelabs.saffron.corpus.CorpusFileVerificationTest" time="0.003">
    <system-out><![CDATA[/usr/share/zoneinfo/WET: 49cd25d3711f56cf... (size: 1905 bytes)
]]></system-out>
  </testcase>
  <testcase name="testFileSha256OnImages" classname="io.spicelabs.saffron.corpus.CorpusFileVerificationTest" time="0.001">
    <system-out><![CDATA[/usr/lib/systemd/system/systemd-reboot.service: c7ba107db4bd819e... (size: 568 bytes)
]]></system-out>
  </testcase>
  <testcase name="testFileSha256OnImages" classname="io.spicelabs.saffron.corpus.CorpusFileVerificationTest" time="0.004">
    <system-out><![CDATA[/usr/src/linux-azure-6.8-headers-6.8.0-1044/include/uapi/linux/poll.h: 87ba188970e3cae1... (size: 22 bytes)
]]></system-out>
  </testcase>
  <testcase name="testFileSha256OnImages" classname="io.spicelabs.saffron.corpus.CorpusFileVerificationTest" time="0.005">
    <system-out><![CDATA[/usr/share/doc/libflashrom1/changelog.Debian.gz: 9bbf15af656b064d... (size: 1218 bytes)
]]></system-out>
  </testcase>
  <testcase name="testFileSha256OnImages" classname="io.spicelabs.saffron.corpus.CorpusFileVerificationTest" time="0.004">
    <system-out><![CDATA[/usr/share/i18n/locales/yue_HK: b94fa8fcaf2a074c... (size: 4021 bytes)
]]></system-out>
  </testcase>
  <testcase name="testFileSha256OnImages" classname="io.spicelabs.saffron.corpus.CorpusFileVerificationTest" time="0.003">
    <system-out><![CDATA[/usr/share/man/man3/Locale::RecodeData::EBCDIC_FI_SE.3pm.gz: f03875e05d91b3d2... (size: 3717 bytes)
]]></system-out>
  </testcase>
  <testcase name="testFileSha256OnImages" classname="io.spicelabs.saffron.corpus.CorpusFileVerificationTest" time="0.012">
    <system-out><![CDATA[/usr/lib/x86_64-linux-gnu/libguestStoreClient.so.0.0.0: 3a68c989dfbb8118... (size: 318480 bytes)
]]></system-out>
  </testcase>
  <testcase name="testFileSha256OnImages" classname="io.spicelabs.saffron.corpus.CorpusFileVerificationTest" time="0.024">
    <system-out><![CDATA[/kalilinux/.config/xfce4/xfconf/xfce-perchannel-xml/thunar.xml: 7937a30e254658f0... (size: 209 bytes)
]]></system-out>
  </testcase>
  <testcase name="testFileSha256OnImages" classname="io.spicelabs.saffron.corpus.CorpusFileVerificationTest" time="0.026">
    <system-out><![CDATA[/kalilinux/.config/xfce4/xfconf/xfce-perchannel-xml/xfce4-panel.xml: 235b3b502823f409... (size: 10333 bytes)
]]></system-out>
  </testcase>
  <testcase name="testFileSha256OnImages" classname="io.spicelabs.saffron.corpus.CorpusFileVerificationTest" time="0.028">
    <system-out><![CDATA[/kalilinux/.config/cherrytree/config.cfg: 02ee403becc45058... (size: 541 bytes)
]]></system-out>
  </testcase>
  <testcase name="testFileSha256OnImages" classname="io.spicelabs.saffron.corpus.CorpusFileVerificationTest" time="0.024">
    <system-out><![CDATA[/kalilinux/.config/xfce4/xfconf/xfce-perchannel-xml/xsettings.xml: d095a0c5af9a2e38... (size: 1007 bytes)
]]></system-out>
  </testcase>
  <testcase name="testFileSha256OnImages" classname="io.spicelabs.saffron.corpus.CorpusFileVerificationTest" time="0.024">
    <system-out><![CDATA[/kalilinux/.config/xfce4/xfconf/xfce-perchannel-xml/xfwm4.xml: e069d624c5a20514... (size: 5075 bytes)
]]></system-out>
  </testcase>
  <testcase name="testFileSha256OnImages" classname="io.spicelabs.saffron.corpus.CorpusFileVerificationTest" time="0.004">
    <system-out><![CDATA[/usr/lib/python3.9/site-packages/awscli/examples/budgets/describe-notifications-for-budget.rst: ca99615ad61003ac... (size: 440 bytes)
]]></system-out>
  </testcase>
  <testcase name="testFileSha256OnImages" classname="io.spicelabs.saffron.corpus.CorpusFileVerificationTest" time="0.002">
    <system-out><![CDATA[/usr/share/man/man3p/munlock.3p.gz: c97be7bc21ed24ab... (size: 824 bytes)
]]></system-out>
  </testcase>
  <testcase name="testFileSha256OnImages" classname="io.spicelabs.saffron.corpus.CorpusFileVerificationTest" time="0.002">
    <system-out><![CDATA[/usr/lib64/perl5/vendor_perl/auto/Socket/Socket.so: e6d607539d1e0348... (size: 48816 bytes)
]]></system-out>
  </testcase>
  <testcase name="testFileSha256OnImages" classname="io.spicelabs.saffron.corpus.CorpusFileVerificationTest" time="0.002">
    <system-out><![CDATA[/usr/share/vim/vim90/syntax/sql.vim: 97510ff4fb9fb491... (size: 1120 bytes)
]]></system-out>
  </testcase>
  <testcase name="testFileSha256OnImages" classname="io.spicelabs.saffron.corpus.CorpusFileVerificationTest" time="0.002">
    <system-out><![CDATA[/usr/lib64/gconv/IBM273.so: ec81cf35df667aaf... (size: 20176 bytes)
]]></system-out>
  </testcase>
  <testcase name="testFileSha256OnImages" classname="io.spicelabs.saffron.corpus.CorpusFileVerificationTest" time="0.006">
    <system-out><![CDATA[/grub/i386-pc/gzio.mod: ab4b8e1acdfd7820... (size: 8752 bytes)
]]></system-out>
  </testcase>
  <testcase name="testFileSha256OnImages" classname="io.spicelabs.saffron.corpus.CorpusFileVerificationTest" time="0.005">
    <system-out><![CDATA[/grub/i386-pc/terminfo.mod: b1ecb00ecc091baf... (size: 12356 bytes)
]]></system-out>
  </testcase>
  <testcase name="testFileSha256OnImages" classname="io.spicelabs.saffron.corpus.CorpusFileVerificationTest" time="0.009">
    <system-out><![CDATA[/grub/i386-pc/testspeed.mod: c5ad99ef20515eee... (size: 2264 bytes)
]]></system-out>
  </testcase>
  <testcase name="testFileSha256OnImages" classname="io.spicelabs.saffron.corpus.CorpusFileVerificationTest" time="0.005">
    <system-out><![CDATA[/grub/i386-pc/zstd.mod: 7c6fd14cfeb5c544... (size: 45964 bytes)
]]></system-out>
  </testcase>
  <testcase name="testFileSha256OnImages" classname="io.spicelabs.saffron.corpus.CorpusFileVerificationTest" time="0.006">
    <system-out><![CDATA[/grub/i386-pc/random.mod: eb89ef47bfa4b565... (size: 3696 bytes)
]]></system-out>
  </testcase>
  <testcase name="testFileSha256OnImages" classname="io.spicelabs.saffron.corpus.CorpusFileVerificationTest" time="0.018">
    <system-out><![CDATA[/usr/share/icons/ubuntu-mono-light/status/22/indicator-keyboard-Da-5.svg: cfb4eaf9a19892ad... (size: 507 bytes)
]]></system-out>
  </testcase>
  <testcase name="testFileSha256OnImages" classname="io.spicelabs.saffron.corpus.CorpusFileVerificationTest" time="0.014">
    <system-out><![CDATA[/usr/src/linux-hwe-5.4-headers-5.4.0-84/drivers/cdrom/Makefile: ec849905c510f505... (size: 97 bytes)
]]></system-out>
  </testcase>
  <testcase name="testFileSha256OnImages" classname="io.spicelabs.saffron.corpus.CorpusFileVerificationTest" time="0.016">
    <system-out><![CDATA[/lib/modules/5.4.0-84-generic/kernel/fs/ocfs2/ocfs2_stack_user.ko: 753d44b688c6f5dd... (size: 24401 bytes)
]]></system-out>
  </testcase>
  <testcase name="testFileSha256OnImages" classname="io.spicelabs.saffron.corpus.CorpusFileVerificationTest" time="0.02">
    <system-out><![CDATA[/lib/modules/5.4.0-84-generic/kernel/sound/pci/snd-via82xx.ko: f3ab1ce076d9285d... (size: 54481 bytes)
]]></system-out>
  </testcase>
  <testcase name="testFileSha256OnImages" classname="io.spicelabs.saffron.corpus.CorpusFileVerificationTest" time="0.019">
    <system-out><![CDATA[/usr/share/perl/5.26.1/Unicode/Collate/Locale/lv.pl: ba78f42a916cf541... (size: 2201 bytes)
]]></system-out>
  </testcase>
  <testcase name="testFileSha256OnImages" classname="io.spicelabs.saffron.corpus.CorpusFileVerificationTest" time="0.034">
    <system-out><![CDATA[/usr/lib/python3/dist-packages/twisted/internet/__pycache__/inotify.cpython-312.pyc: 4466a1536e439b93... (size: 14583 bytes)
]]></system-out>
  </testcase>
  <testcase name="testFileSha256OnImages" classname="io.spicelabs.saffron.corpus.CorpusFileVerificationTest" time="0.035">
    <system-out><![CDATA[/usr/src/linux-headers-6.8.0-90/arch/powerpc/include/asm/hydra.h: f2c091ac34740cdd... (size: 2948 bytes)
]]></system-out>
  </testcase>
  <testcase name="testFileSha256OnImages" classname="io.spicelabs.saffron.corpus.CorpusFileVerificationTest" time="0.038">
    <system-out><![CDATA[/usr/sbin/xfs_bmap: f31ca5ef606faef7... (size: 695 bytes)
]]></system-out>
  </testcase>
  <testcase name="testFileSha256OnImages" classname="io.spicelabs.saffron.corpus.CorpusFileVerificationTest" time="0.032">
    <system-out><![CDATA[/etc/shells: 50d446d7cdf40ccc... (size: 148 bytes)
]]></system-out>
  </testcase>
  <testcase name="testFileSha256OnImages" classname="io.spicelabs.saffron.corpus.CorpusFileVerificationTest" time="0.032">
    <system-out><![CDATA[/usr/src/linux-headers-6.8.0-90/arch/arm/mach-milbeaut/Kconfig: e35c7e8d4ab25fb6... (size: 430 bytes)
]]></system-out>
  </testcase>
  <testcase name="testFileSha256OnImages" classname="io.spicelabs.saffron.corpus.CorpusFileVerificationTest" time="0.002">
    <system-out><![CDATA[/usr/lib/python3.11/site-packages/yaml/serializer.py: 0a1b85826854d358... (size: 4165 bytes)
]]></system-out>
  </testcase>
  <testcase name="testFileSha256OnImages" classname="io.spicelabs.saffron.corpus.CorpusFileVerificationTest" time="0.001">
    <system-out><![CDATA[/usr/lib/python3.11/shelve.py: b978c6f0ffa901b0... (size: 8560 bytes)
]]></system-out>
  </testcase>
  <testcase name="testFileSha256OnImages" classname="io.spicelabs.saffron.corpus.CorpusFileVerificationTest" time="0.001">
    <system-out><![CDATA[/lib/modules/6.6.4-1-virt/kernel/net/netfilter/xt_nfacct.ko.gz: fb81fa5dddbf3275... (size: 3895 bytes)
]]></system-out>
  </testcase>
  <testcase name="testFileSha256OnImages" classname="io.spicelabs.saffron.corpus.CorpusFileVerificationTest" time="0.002">
    <system-out><![CDATA[/lib/rc/bin/service_wasinactive: f96597dbf709a03e... (size: 14232 bytes)
]]></system-out>
  </testcase>
  <testcase name="testFileSha256OnImages" classname="io.spicelabs.saffron.corpus.CorpusFileVerificationTest" time="0.001">
    <system-out><![CDATA[/usr/lib/python3.11/lib-dynload/_testbuffer.cpython-311-x86_64-linux-musl.so: 80826814c49e45ce... (size: 45168 bytes)
]]></system-out>
  </testcase>
  <testcase name="testFileSha256OnImages" classname="io.spicelabs.saffron.corpus.CorpusFileVerificationTest" time="0.03">
    <system-out><![CDATA[/usr/src/linux-headers-4.15.0-212/include/linux/platform_data/efm32-uart.h: f9c465c577825ce9... (size: 393 bytes)
]]></system-out>
  </testcase>
  <testcase name="testFileSha256OnImages" classname="io.spicelabs.saffron.corpus.CorpusFileVerificationTest" time="0.029">
    <system-out><![CDATA[/usr/share/man/man5/mailcap.order.5.gz: 5c527a5a167cd02d... (size: 1226 bytes)
]]></system-out>
  </testcase>
  <testcase name="testFileSha256OnImages" classname="io.spicelabs.saffron.corpus.CorpusFileVerificationTest" time="0.026">
    <system-out><![CDATA[/usr/src/linux-headers-4.15.0-212/arch/ia64/include/uapi/asm/rse.h: 25abf161212e01b8... (size: 1750 bytes)
]]></system-out>
  </testcase>
  <testcase name="testFileSha256OnImages" classname="io.spicelabs.saffron.corpus.CorpusFileVerificationTest" time="0.025">
    <system-out><![CDATA[/usr/share/X11/xkb/symbols/nokia_vndr/rx-44: 608b189d1c160af5... (size: 15166 bytes)
]]></system-out>
  </testcase>
  <testcase name="testFileSha256OnImages" classname="io.spicelabs.saffron.corpus.CorpusFileVerificationTest" time="0.032">
    <system-out><![CDATA[/usr/src/linux-headers-4.15.0-212/include/video/da8xx-fb.h: d0634d1468088497... (size: 2035 bytes)
]]></system-out>
  </testcase>
  <testcase name="testFileSha256OnImages" classname="io.spicelabs.saffron.corpus.CorpusFileVerificationTest" time="0.012">
    <system-out><![CDATA[/grub/i386-pc/aout.mod: 3e3a1314eda023e7... (size: 956 bytes)
]]></system-out>
  </testcase>
  <testcase name="testFileSha256OnImages" classname="io.spicelabs.saffron.corpus.CorpusFileVerificationTest" time="0.02">
    <system-out><![CDATA[/grub/i386-pc/cat.mod: 35d52bd73d83c40d... (size: 2884 bytes)
]]></system-out>
  </testcase>
  <testcase name="testFileSha256OnImages" classname="io.spicelabs.saffron.corpus.CorpusFileVerificationTest" time="0.015">
    <system-out><![CDATA[/grub/i386-pc/keystatus.mod: ef08d7bf91c08a7a... (size: 1904 bytes)
]]></system-out>
  </testcase>
  <testcase name="testFileSha256OnImages" classname="io.spicelabs.saffron.corpus.CorpusFileVerificationTest" time="0.013">
    <system-out><![CDATA[/grub/i386-pc/lspci.mod: 7274371119f878ef... (size: 4828 bytes)
]]></system-out>
  </testcase>
  <testcase name="testFileSha256OnImages" classname="io.spicelabs.saffron.corpus.CorpusFileVerificationTest" time="0.012">
    <system-out><![CDATA[/grub/i386-pc/pbkdf2_test.mod: ffcb5803ad8760aa... (size: 2100 bytes)
]]></system-out>
  </testcase>
  <testcase name="testFileSha256OnImages" classname="io.spicelabs.saffron.corpus.CorpusFileVerificationTest" time="0.003">
    <system-out><![CDATA[/WINNT/Cursors/wagtail.ani: 3b38b4209ceb7f4e... (size: 2548 bytes)
]]></system-out>
  </testcase>
  <testcase name="testFileSha256OnImages" classname="io.spicelabs.saffron.corpus.CorpusFileVerificationTest" time="0.004">
    <system-out><![CDATA[/WINNT/INF/mdmcomm1.PNF: 6722724f1401ba43... (size: 38828 bytes)
]]></system-out>
  </testcase>
  <testcase name="testFileSha256OnImages" classname="io.spicelabs.saffron.corpus.CorpusFileVerificationTest" time="0.005">
    <system-out><![CDATA[/WINNT/system32/USERINIT.EXE: 448bfe6c17d6b021... (size: 26896 bytes)
]]></system-out>
  </testcase>
  <testcase name="testFileSha256OnImages" classname="io.spicelabs.saffron.corpus.CorpusFileVerificationTest" time="0.003">
    <system-out><![CDATA[/WINNT/INF/mdmlce.PNF: 5698a3618f81f0c0... (size: 41688 bytes)
]]></system-out>
  </testcase>
  <testcase name="testFileSha256OnImages" classname="io.spicelabs.saffron.corpus.CorpusFileVerificationTest" time="0.003">
    <system-out><![CDATA[/WINNT/INF/perms.PNF: ddb9a570aa70555b... (size: 6584 bytes)
]]></system-out>
  </testcase>
  <testcase name="testFileSha256OnImages" classname="io.spicelabs.saffron.corpus.CorpusFileVerificationTest" time="0.025">
    <system-out><![CDATA[/usr/share/man/man8/sg_rtpg.8.gz: 0cf8977ce50b97eb... (size: 1162 bytes)
]]></system-out>
  </testcase>
  <testcase name="testFileSha256OnImages" classname="io.spicelabs.saffron.corpus.CorpusFileVerificationTest" time="0.028">
    <system-out><![CDATA[/usr/lib/x86_64-linux-gnu/gconv/CP1256.so: 1b587a4d95e174f4... (size: 18704 bytes)
]]></system-out>
  </testcase>
  <testcase name="testFileSha256OnImages" classname="io.spicelabs.saffron.corpus.CorpusFileVerificationTest" time="0.027">
    <system-out><![CDATA[/usr/src/linux-headers-5.15.0-164/tools/testing/selftests/mincore/Makefile: 09f06cd61b32d6cd... (size: 107 bytes)
]]></system-out>
  </testcase>
  <testcase name="testFileSha256OnImages" classname="io.spicelabs.saffron.corpus.CorpusFileVerificationTest" time="0.027">
    <system-out><![CDATA[/usr/src/linux-headers-5.15.0-164/arch/x86/include/asm/linkage.h: 8a7c1cec44ed8689... (size: 1139 bytes)
]]></system-out>
  </testcase>
  <testcase name="testFileSha256OnImages" classname="io.spicelabs.saffron.corpus.CorpusFileVerificationTest" time="0.031">
    <system-out><![CDATA[/usr/lib/modules/5.15.0-164-generic/kernel/lib/ts_fsm.ko: 205daff7df940c19... (size: 11945 bytes)
]]></system-out>
  </testcase>
  <testcase name="testFileSha256OnImages" classname="io.spicelabs.saffron.corpus.CorpusFileVerificationTest" time="0.007">
    <system-out><![CDATA[/grub/i386-pc/cmostest.mod: 834f9dc31fa090b0... (size: 1816 bytes)
]]></system-out>
  </testcase>
  <testcase name="testFileSha256OnImages" classname="io.spicelabs.saffron.corpus.CorpusFileVerificationTest" time="0.011">
    <system-out><![CDATA[/grub/i386-pc/gzio.mod: b188a4e03b846ebc... (size: 8848 bytes)
]]></system-out>
  </testcase>
  <testcase name="testFileSha256OnImages" classname="io.spicelabs.saffron.corpus.CorpusFileVerificationTest" time="0.008">
    <system-out><![CDATA[/grub/i386-pc/play.mod: af5bb820ecc562d7... (size: 2448 bytes)
]]></system-out>
  </testcase>
  <testcase name="testFileSha256OnImages" classname="io.spicelabs.saffron.corpus.CorpusFileVerificationTest" time="0.007">
    <system-out><![CDATA[/grub/i386-pc/partmap.lst: 85a3d5f84d20723a... (size: 111 bytes)
]]></system-out>
  </testcase>
  <testcase name="testFileSha256OnImages" classname="io.spicelabs.saffron.corpus.CorpusFileVerificationTest" time="0.008">
    <system-out><![CDATA[/grub/i386-pc/crc64.mod: ae6065a833293c79... (size: 1572 bytes)
]]></system-out>
  </testcase>
  <testcase name="testFileSha256OnImages" classname="io.spicelabs.saffron.corpus.CorpusFileVerificationTest" time="0.024">
    <system-out><![CDATA[/WINDOWS/system32/mui/0427/xpsp1res.dll: 09c61ee29e440cae... (size: 189952 bytes)
]]></system-out>
  </testcase>
  <testcase name="testFileSha256OnImages" classname="io.spicelabs.saffron.corpus.CorpusFileVerificationTest" time="0.011">
    <system-out><![CDATA[/WINDOWS/inf/mdmexp.inf: 70129f846667d6f8... (size: 31321 bytes)
]]></system-out>
  </testcase>
  <testcase name="testFileSha256OnImages" classname="io.spicelabs.saffron.corpus.CorpusFileVerificationTest" time="0.004">
    <system-out><![CDATA[/WINDOWS/$hf_mig$/KB955069/update/updatebr.inf: 2570ae8f348d6915... (size: 678 bytes)
]]></system-out>
  </testcase>
  <testcase name="testFileSha256OnImages" classname="io.spicelabs.saffron.corpus.CorpusFileVerificationTest" time="0.011">
    <system-out><![CDATA[/WINDOWS/system32/dpwsock.dll: d51921ecb13dc6d4... (size: 42768 bytes)
]]></system-out>
  </testcase>
  <testcase name="testFileSha256OnImages" classname="io.spicelabs.saffron.corpus.CorpusFileVerificationTest" time="0.011">
    <system-out><![CDATA[/WINDOWS/system32/kbdcz2.dll: 0f66f7cc58dcbba1... (size: 6656 bytes)
]]></system-out>
  </testcase>
  <testcase name="testFileSha256OnImages" classname="io.spicelabs.saffron.corpus.CorpusFileVerificationTest" time="0.032">
    <system-out><![CDATA[Expected: 32023 files, 5862 dirs, 3 filesystems
Actual:   32023 files (0 hidden+system), 5862 dirs, 3 filesystems (3 mounted, 0 detected)
File count matches exactly
/usr/lib/python3/dist-packages/twisted/internet/__pycache__/inotify.cpython-312.pyc: 4466a1536e439b93... (size: 14583 bytes)
]]></system-out>
  </testcase>
  <testcase name="testFileSha256OnImages" classname="io.spicelabs.saffron.corpus.CorpusFileVerificationTest" time="0.036">
    <system-out><![CDATA[/usr/src/linux-headers-6.8.0-90/arch/powerpc/include/asm/hydra.h: f2c091ac34740cdd... (size: 2948 bytes)
]]></system-out>
  </testcase>
  <testcase name="testFileSha256OnImages" classname="io.spicelabs.saffron.corpus.CorpusFileVerificationTest" time="0.032">
    <system-out><![CDATA[/usr/sbin/xfs_bmap: f31ca5ef606faef7... (size: 695 bytes)
]]></system-out>
  </testcase>
  <testcase name="testFileSha256OnImages" classname="io.spicelabs.saffron.corpus.CorpusFileVerificationTest" time="0.031">
    <system-out><![CDATA[/etc/shells: 50d446d7cdf40ccc... (size: 148 bytes)
]]></system-out>
  </testcase>
  <testcase name="testFileSha256OnImages" classname="io.spicelabs.saffron.corpus.CorpusFileVerificationTest" time="0.033">
    <system-out><![CDATA[/usr/src/linux-headers-6.8.0-90/arch/arm/mach-milbeaut/Kconfig: e35c7e8d4ab25fb6... (size: 430 bytes)
]]></system-out>
  </testcase>
  <testcase name="testFileSha256OnImages" classname="io.spicelabs.saffron.corpus.CorpusFileVerificationTest" time="0.116">
    <system-out><![CDATA[/EFI/BOOT/BOOTX64.EFI: fd7928a115d3409c... (size: 959208 bytes)
]]></system-out>
  </testcase>
  <testcase name="testFileSha256OnImages" classname="io.spicelabs.saffron.corpus.CorpusFileVerificationTest" time="0.104">
    <system-out><![CDATA[/EFI/almalinux/shim.efi: fd7928a115d3409c... (size: 959208 bytes)
]]></system-out>
  </testcase>
  <testcase name="testFileSha256OnImages" classname="io.spicelabs.saffron.corpus.CorpusFileVerificationTest" time="0.107">
    <system-out><![CDATA[/EFI/almalinux/shimx64.efi: fd7928a115d3409c... (size: 959208 bytes)
]]></system-out>
  </testcase>
  <testcase name="testFileSha256OnImages" classname="io.spicelabs.saffron.corpus.CorpusFileVerificationTest" time="0.188">
    <system-out><![CDATA[
=== Verifying: almalinux-9-genericcloud-amd64.qcow2 ===
/EFI/almalinux/grubx64.efi: 46133a34bdd235a6... (size: 2573184 bytes)
]]></system-out>
  </testcase>
  <testcase name="testFileSha256OnImages" classname="io.spicelabs.saffron.corpus.CorpusFileVerificationTest" time="0.1">
    <system-out><![CDATA[/EFI/almalinux/mmx64.efi: 6ca7dca3c1cdef00... (size: 863184 bytes)
]]></system-out>
  </testcase>
  <testcase name="testFileSha256OnImages" classname="io.spicelabs.saffron.corpus.CorpusFileVerificationTest" time="0.021">
    <system-out><![CDATA[/EFI/BOOT/fbx64.efi: 52c7ae0db66ec19a... (size: 85672 bytes)
]]></system-out>
  </testcase>
  <testcase name="testFileSha256OnImages" classname="io.spicelabs.saffron.corpus.CorpusFileVerificationTest" time="0.021">
    <system-out><![CDATA[/EFI/ubuntu/BOOTX64.CSV: 6add06de471015ad... (size: 108 bytes)
]]></system-out>
  </testcase>
  <testcase name="testFileSha256OnImages" classname="io.spicelabs.saffron.corpus.CorpusFileVerificationTest" time="0.037">
    <system-out><![CDATA[/EFI/ubuntu/grubx64.efi: 9f3e2720f04c782f... (size: 1722240 bytes)
]]></system-out>
  </testcase>
  <testcase name="testFileSha256OnImages" classname="io.spicelabs.saffron.corpus.CorpusFileVerificationTest" time="0.026">
    <system-out><![CDATA[/EFI/BOOT/mmx64.efi: d66f9c08f8ffcc3b... (size: 856232 bytes)
]]></system-out>
  </testcase>
  <testcase name="testFileSha256OnImages" classname="io.spicelabs.saffron.corpus.CorpusFileVerificationTest" time="0.028">
    <system-out><![CDATA[/EFI/ubuntu/grub.cfg: a9211292b28cbb23... (size: 201 bytes)
]]></system-out>
  </testcase>
  <testcase name="testFileSha256OnImages" classname="io.spicelabs.saffron.corpus.CorpusFileVerificationTest" time="0.017">
    <system-out><![CDATA[/boot/grub/stage1: 77c1024a494c2170... (size: 512 bytes)
]]></system-out>
  </testcase>
  <testcase name="testFileSha256OnImages" classname="io.spicelabs.saffron.corpus.CorpusFileVerificationTest" time="0.052">
    <system-out><![CDATA[/boot/grub/stage2: bc172b23a49e7c4d... (size: 121188 bytes)
]]></system-out>
  </testcase>
  <testcase name="testFileSha256OnImages" classname="io.spicelabs.saffron.corpus.CorpusFileVerificationTest" time="1.087">
    <system-out><![CDATA[/boot/initrd.img-5.3.0-26-generic: d2076feb3fe0eea5... (size: 6504567 bytes)
]]></system-out>
  </testcase>
  <testcase name="testFileSha256OnImages" classname="io.spicelabs.saffron.corpus.CorpusFileVerificationTest" time="0.684">
    <system-out><![CDATA[/boot/vmlinuz-5.3.0-26-generic: c586660bd24dcda1... (size: 9144704 bytes)
]]></system-out>
  </testcase>
  <testcase name="testFileSha256OnImages" classname="io.spicelabs.saffron.corpus.CorpusFileVerificationTest" time="0.022">
    <system-out><![CDATA[/boot/grub/e2fs_stage1_5: 1d317c1e94328cdb... (size: 8344 bytes)
]]></system-out>
  </testcase>
  <testcase name="testFileSha256OnImages" classname="io.spicelabs.saffron.corpus.CorpusFileVerificationTest" time="0.002">
    <system-out><![CDATA[/usr/lib/python2.7/site-packages/awscli/examples/chime/get-global-settings.rst: dde602bbe0d60d8c... (size: 631 bytes)
]]></system-out>
  </testcase>
  <testcase name="testFileSha256OnImages" classname="io.spicelabs.saffron.corpus.CorpusFileVerificationTest" time="0.001">
    <system-out><![CDATA[/usr/lib/kbd/keymaps/xkb/ee-dvorak.map.gz: db902c1ed7906dec... (size: 4081 bytes)
]]></system-out>
  </testcase>
  <testcase name="testFileSha256OnImages" classname="io.spicelabs.saffron.corpus.CorpusFileVerificationTest" time="0.001">
    <system-out><![CDATA[/usr/lib/modules/4.14.336-253.554.amzn2.x86_64/kernel/fs/nls/nls_cp866.ko: eb317a01cc3f22c5... (size: 11118 bytes)
]]></system-out>
  </testcase>
  <testcase name="testFileSha256OnImages" classname="io.spicelabs.saffron.corpus.CorpusFileVerificationTest" time="0.001">
    <system-out><![CDATA[/usr/share/mime/application/pkcs12.xml: 8bd21c94fde1882c... (size: 3581 bytes)
]]></system-out>
  </testcase>
  <testcase name="testFileSha256OnImages" classname="io.spicelabs.saffron.corpus.CorpusFileVerificationTest" time="0.003">
    <system-out><![CDATA[/usr/share/man/man3/Time::tm.3pm.gz: b3f1c43dc44336e3... (size: 1970 bytes)
]]></system-out>
  </testcase>
  <testcase name="testFileSha256OnImages" classname="io.spicelabs.saffron.corpus.CorpusFileVerificationTest" time="0.026">
    <system-out><![CDATA[/usr/lib/python3/dist-packages/oauthlib/oauth2/rfc6749/endpoints/__pycache__/revocation.cpython-37.pyc: 80ff15ea5a51aad8... (size: 5298 bytes)
]]></system-out>
  </testcase>
  <testcase name="testFileSha256OnImages" classname="io.spicelabs.saffron.corpus.CorpusFileVerificationTest" time="0.03">
    <system-out><![CDATA[/usr/lib/modules/4.19.0-27-amd64/kernel/drivers/net/hippi/rrunner.ko: 31b8a71b0a060597... (size: 49643 bytes)
]]></system-out>
  </testcase>
  <testcase name="testFileSha256OnImages" classname="io.spicelabs.saffron.corpus.CorpusFileVerificationTest" time="0.03">
    <system-out><![CDATA[/usr/lib/modules/4.19.0-27-amd64/kernel/drivers/tty/synclink.ko: 710ebb9bf558938c... (size: 138643 bytes)
]]></system-out>
  </testcase>
  <testcase name="testFileSha256OnImages" classname="io.spicelabs.saffron.corpus.CorpusFileVerificationTest" time="0.025">
    <system-out><![CDATA[/usr/lib/modules/4.19.0-27-amd64/kernel/drivers/input/keyboard/newtonkbd.ko: 32e9f3795c2f7393... (size: 11075 bytes)
]]></system-out>
  </testcase>
  <testcase name="testFileSha256OnImages" classname="io.spicelabs.saffron.corpus.CorpusFileVerificationTest" time="0.029">
    <system-out><![CDATA[/usr/share/i18n/charmaps/MSZ_7795.3.gz: cc76e4c272b74883... (size: 1559 bytes)
]]></system-out>
  </testcase>
  <testcase name="testFileSha256OnImages" classname="io.spicelabs.saffron.corpus.CorpusFileVerificationTest" time="0.011">
    <system-out><![CDATA[/WINDOWS/Desktop/Online Services/America Online.lnk: a840eba534e7de69... (size: 405 bytes)
]]></system-out>
  </testcase>
  <testcase name="testFileSha256OnImages" classname="io.spicelabs.saffron.corpus.CorpusFileVerificationTest" time="0.021">
    <system-out><![CDATA[/WINDOWS/SYSTEM/OOBE/IMAGES/WM_PC.GIF: 3a41b2416be194bf... (size: 5486 bytes)
]]></system-out>
  </testcase>
  <testcase name="testFileSha256OnImages" classname="io.spicelabs.saffron.corpus.CorpusFileVerificationTest" time="0.032">
    <system-out><![CDATA[/Program Files/PLUS!/THEMES/RockRoll/Ro_WVLft.bmp: b15c95162bcdfdab... (size: 44686 bytes)
]]></system-out>
  </testcase>
  <testcase name="testFileSha256OnImages" classname="io.spicelabs.saffron.corpus.CorpusFileVerificationTest" time="0.037">
    <system-out><![CDATA[/WINDOWS/SYSTEM/RNATHUNK.DLL: fc7681e4345d9f81... (size: 24576 bytes)
]]></system-out>
  </testcase>
  <testcase name="testFileSha256OnImages" classname="io.spicelabs.saffron.corpus.CorpusFileVerificationTest" time="0.029">
    <system-out><![CDATA[/WINDOWS/SYSTEM/SENSCFG.DLL: 7832a09ea061eff2... (size: 20480 bytes)
]]></system-out>
  </testcase>
  <testcase name="testFileSha256OnImages" classname="io.spicelabs.saffron.corpus.CorpusFileVerificationTest" time="0.855">
    <system-out><![CDATA[/boot/initrd.img-4.4.0-28-generic: 7b932a872a87ba94... (size: 4938512 bytes)
]]></system-out>
  </testcase>
  <testcase name="testFileSha256OnImages" classname="io.spicelabs.saffron.corpus.CorpusFileVerificationTest" time="0.538">
    <system-out><![CDATA[/boot/vmlinuz-4.4.0-28-generic: fcf6efad6ab8a60f... (size: 7026864 bytes)
]]></system-out>
  </testcase>
  <testcase name="testFileSha256OnImages" classname="io.spicelabs.saffron.corpus.CorpusFileVerificationTest" time="0.06">
    <system-out><![CDATA[/boot/config-4.4.0-28-generic: 6f56b22aed8031fa... (size: 189533 bytes)
]]></system-out>
  </testcase>
  <testcase name="testFileSha256OnImages" classname="io.spicelabs.saffron.corpus.CorpusFileVerificationTest" time="0.022">
    <system-out><![CDATA[/boot/grub/menu.lst: bd4b7aa84740262b... (size: 308 bytes)
]]></system-out>
  </testcase>
  <testcase name="testFileSha256OnImages" classname="io.spicelabs.saffron.corpus.CorpusFileVerificationTest" time="0.017">
    <system-out><![CDATA[/boot/grub/stage1: 77c1024a494c2170... (size: 512 bytes)
]]></system-out>
  </testcase>
  <testcase name="testFileSha256OnImages" classname="io.spicelabs.saffron.corpus.CorpusFileVerificationTest" time="0.005">
    <system-out><![CDATA[/grub/i386-pc/time.mod: 9488b1214d5505fe... (size: 1456 bytes)
]]></system-out>
  </testcase>
  <testcase name="testFileSha256OnImages" classname="io.spicelabs.saffron.corpus.CorpusFileVerificationTest" time="0.005">
    <system-out><![CDATA[/grub/i386-pc/gcry_md5.mod: 92c1058de947a935... (size: 3668 bytes)
]]></system-out>
  </testcase>
  <testcase name="testFileSha256OnImages" classname="io.spicelabs.saffron.corpus.CorpusFileVerificationTest" time="0.005">
    <system-out><![CDATA[/grub/i386-pc/raid5rec.mod: 64d3dac31f25b680... (size: 1292 bytes)
]]></system-out>
  </testcase>
  <testcase name="testFileSha256OnImages" classname="io.spicelabs.saffron.corpus.CorpusFileVerificationTest" time="0.004">
    <system-out><![CDATA[/grub/i386-pc/ntldr.mod: bbfe64faf40aa643... (size: 2504 bytes)
]]></system-out>
  </testcase>
  <testcase name="testFileSha256OnImages" classname="io.spicelabs.saffron.corpus.CorpusFileVerificationTest" time="0.004">
    <system-out><![CDATA[/grub/i386-pc/part_gpt.mod: 3371e52b2b99f3ef... (size: 2300 bytes)
]]></system-out>
  </testcase>
  <testcase name="testFileSha256OnImages" classname="io.spicelabs.saffron.corpus.CorpusFileVerificationTest" time="0.157">
    <system-out><![CDATA[/EFI/rocky/mmx64.efi: eb142a794ae26063... (size: 857352 bytes)
]]></system-out>
  </testcase>
  <testcase name="testFileSha256OnImages" classname="io.spicelabs.saffron.corpus.CorpusFileVerificationTest" time="0.182">
    <system-out><![CDATA[Expected: 23692 files, 3705 dirs, 3 filesystems
Actual:   23692 files (0 hidden+system), 3705 dirs, 3 filesystems (3 mounted, 0 detected)
File count matches exactly
/EFI/rocky/shim.efi: b49c7d6911be1dc9... (size: 959224 bytes)
]]></system-out>
  </testcase>
  <testcase name="testFileSha256OnImages" classname="io.spicelabs.saffron.corpus.CorpusFileVerificationTest" time="0.175">
    <system-out><![CDATA[/EFI/BOOT/BOOTX64.EFI: b49c7d6911be1dc9... (size: 959224 bytes)
]]></system-out>
  </testcase>
  <testcase name="testFileSha256OnImages" classname="io.spicelabs.saffron.corpus.CorpusFileVerificationTest" time="0.035">
    <system-out><![CDATA[/EFI/rocky/BOOTX64.CSV: 407faf41257c23a1... (size: 104 bytes)
]]></system-out>
  </testcase>
  <testcase name="testFileSha256OnImages" classname="io.spicelabs.saffron.corpus.CorpusFileVerificationTest" time="0.179">
    <system-out><![CDATA[/EFI/BOOT/mmx64.efi: eb142a794ae26063... (size: 857352 bytes)
]]></system-out>
  </testcase>
  <testcase name="testFileSha256OnImages" classname="io.spicelabs.saffron.corpus.CorpusFileVerificationTest" time="0.029">
    <system-out><![CDATA[/usr/lib/systemd/system/blockdev@.target: ee28cd878acd2212... (size: 449 bytes)
]]></system-out>
  </testcase>
  <testcase name="testFileSha256OnImages" classname="io.spicelabs.saffron.corpus.CorpusFileVerificationTest" time="0.03">
    <system-out><![CDATA[/boot/grub/x86_64-efi/loadenv.mod: 1ff8b9232e481614... (size: 9208 bytes)
]]></system-out>
  </testcase>
  <testcase name="testFileSha256OnImages" classname="io.spicelabs.saffron.corpus.CorpusFileVerificationTest" time="0.031">
    <system-out><![CDATA[/usr/share/zoneinfo/right/Etc/GMT-13: 37432010d9d43b9b... (size: 664 bytes)
]]></system-out>
  </testcase>
  <testcase name="testFileSha256OnImages" classname="io.spicelabs.saffron.corpus.CorpusFileVerificationTest" time="0.029">
    <system-out><![CDATA[/usr/lib/grub/x86_64-efi/datehook.mod: 8fca83ea83710244... (size: 3064 bytes)
]]></system-out>
  </testcase>
  <testcase name="testFileSha256OnImages" classname="io.spicelabs.saffron.corpus.CorpusFileVerificationTest" time="0.029">
    <system-out><![CDATA[/usr/src/linux-kvm-headers-5.15.0-1091/tools/testing/selftests/ir/ir_loopback.sh: ac70e2aebce285b1... (size: 525 bytes)
]]></system-out>
  </testcase>
  <testcase name="testFileSha256OnImages" classname="io.spicelabs.saffron.corpus.CorpusFileVerificationTest" time="0.027">
    <system-out><![CDATA[/EFI/BOOT/fbx64.efi: 3a55f93fbc7eaa95... (size: 1222800 bytes)
]]></system-out>
  </testcase>
  <testcase name="testFileSha256OnImages" classname="io.spicelabs.saffron.corpus.CorpusFileVerificationTest" time="0.02">
    <system-out><![CDATA[
=== Verifying: almalinux-9-genericcloud-amd64.vmdk ===
/EFI/ubuntu/BOOTX64.CSV: 6add06de471015ad... (size: 108 bytes)
]]></system-out>
  </testcase>
  <testcase name="testFileSha256OnImages" classname="io.spicelabs.saffron.corpus.CorpusFileVerificationTest" time="0.028">
    <system-out><![CDATA[/EFI/ubuntu/grubx64.efi: adf854246581b08c... (size: 1718144 bytes)
]]></system-out>
  </testcase>
  <testcase name="testFileSha256OnImages" classname="io.spicelabs.saffron.corpus.CorpusFileVerificationTest" time="0.021">
    <system-out><![CDATA[/EFI/BOOT/mmx64.efi: 452c80fca7863dcf... (size: 1277024 bytes)
]]></system-out>
  </testcase>
  <testcase name="testFileSha256OnImages" classname="io.spicelabs.saffron.corpus.CorpusFileVerificationTest" time="0.019">
    <system-out><![CDATA[/EFI/ubuntu/grub.cfg: 5df8fab5c1483e48... (size: 201 bytes)
]]></system-out>
  </testcase>
  <testcase name="testFileSha256OnImages" classname="io.spicelabs.saffron.corpus.CorpusFileVerificationTest" time="0.016">
    <system-out><![CDATA[/EFI/BOOT/fbx64.efi: 52c7ae0db66ec19a... (size: 85672 bytes)
]]></system-out>
  </testcase>
  <testcase name="testFileSha256OnImages" classname="io.spicelabs.saffron.corpus.CorpusFileVerificationTest" time="0.017">
    <system-out><![CDATA[/EFI/ubuntu/BOOTX64.CSV: 6add06de471015ad... (size: 108 bytes)
]]></system-out>
  </testcase>
  <testcase name="testFileSha256OnImages" classname="io.spicelabs.saffron.corpus.CorpusFileVerificationTest" time="0.027">
    <system-out><![CDATA[/EFI/ubuntu/grubx64.efi: 528e0dde1d31a60f... (size: 1742728 bytes)
]]></system-out>
  </testcase>
  <testcase name="testFileSha256OnImages" classname="io.spicelabs.saffron.corpus.CorpusFileVerificationTest" time="0.02">
    <system-out><![CDATA[/EFI/BOOT/mmx64.efi: d66f9c08f8ffcc3b... (size: 856232 bytes)
]]></system-out>
  </testcase>
  <testcase name="testFileSha256OnImages" classname="io.spicelabs.saffron.corpus.CorpusFileVerificationTest" time="0.017">
    <system-out><![CDATA[/EFI/ubuntu/grub.cfg: f8d8b0e2c5634135... (size: 201 bytes)
]]></system-out>
  </testcase>
  <testcase name="testFileSha256OnImages" classname="io.spicelabs.saffron.corpus.CorpusFileVerificationTest" time="0.104">
    <system-out><![CDATA[/EFI/BOOT/BOOTX64.EFI: fd7928a115d3409c... (size: 959208 bytes)
]]></system-out>
  </testcase>
  <testcase name="testFileSha256OnImages" classname="io.spicelabs.saffron.corpus.CorpusFileVerificationTest" time="0.113">
    <system-out><![CDATA[/EFI/almalinux/shim.efi: fd7928a115d3409c... (size: 959208 bytes)
]]></system-out>
  </testcase>
  <testcase name="testFileSha256OnImages" classname="io.spicelabs.saffron.corpus.CorpusFileVerificationTest" time="0.11">
    <system-out><![CDATA[/EFI/almalinux/shimx64.efi: fd7928a115d3409c... (size: 959208 bytes)
]]></system-out>
  </testcase>
  <testcase name="testFileSha256OnImages" classname="io.spicelabs.saffron.corpus.CorpusFileVerificationTest" time="0.186">
    <system-out><![CDATA[/EFI/almalinux/grubx64.efi: 46133a34bdd235a6... (size: 2573184 bytes)
]]></system-out>
  </testcase>
  <testcase name="testFileSha256OnImages" classname="io.spicelabs.saffron.corpus.CorpusFileVerificationTest" time="0.104">
    <system-out><![CDATA[/EFI/almalinux/mmx64.efi: 6ca7dca3c1cdef00... (size: 863184 bytes)
]]></system-out>
  </testcase>
  <testcase name="testFileSha256OnImages" classname="io.spicelabs.saffron.corpus.CorpusFileVerificationTest" time="0.009">
    <system-out><![CDATA[/debian/.bashrc: afae8986f549c640... (size: 3526 bytes)
]]></system-out>
  </testcase>
  <testcase name="testFileSha256OnImages" classname="io.spicelabs.saffron.corpus.CorpusFileVerificationTest" time="0.008">
    <system-out><![CDATA[/debian/.bash_logout: 26882b79471c25f9... (size: 220 bytes)
]]></system-out>
  </testcase>
  <testcase name="testFileSha256OnImages" classname="io.spicelabs.saffron.corpus.CorpusFileVerificationTest" time="0.014">
    <system-out><![CDATA[/debian/.bash_history: d3ec7cf7ccacb1a5... (size: 15 bytes)
]]></system-out>
  </testcase>
  <testcase name="testFileSha256OnImages" classname="io.spicelabs.saffron.corpus.CorpusFileVerificationTest" time="0.008">
    <system-out><![CDATA[/debian/.profile: 28b4a453b68dde64... (size: 807 bytes)
]]></system-out>
  </testcase>
  <testcase name="testFileSha256OnImages" classname="io.spicelabs.saffron.corpus.CorpusFileVerificationTest" time="0.012">
    <system-out><![CDATA[/usr/share/groff/1.22.4/tmac/pspic.tmac: fbdf5159390d3faa... (size: 4998 bytes)
]]></system-out>
  </testcase>
  <testcase name="testFileSha256OnImages" classname="io.spicelabs.saffron.corpus.CorpusFileVerificationTest" time="0.002">
    <system-out><![CDATA[/WINDOWS/SYSTEM/IOSUBSYS/DISKTSD.VXD: 536d88044d1573e7... (size: 16478 bytes)
]]></system-out>
  </testcase>
  <testcase name="testFileSha256OnImages" classname="io.spicelabs.saffron.corpus.CorpusFileVerificationTest" time="0.002">
    <system-out><![CDATA[/Program Files/The Microsoft Network/MVTTL14C.DLL: a72bd378f3c63c3a... (size: 77312 bytes)
]]></system-out>
  </testcase>
  <testcase name="testFileSha256OnImages" classname="io.spicelabs.saffron.corpus.CorpusFileVerificationTest" time="0.001">
    <system-out><![CDATA[/WINDOWS/SYSTEM/WIN87EM.DLL: 7ca7a2a1f5735b12... (size: 11904 bytes)
]]></system-out>
  </testcase>
  <testcase name="testFileSha256OnImages" classname="io.spicelabs.saffron.corpus.CorpusFileVerificationTest" time="0.001">
    <system-out><![CDATA[/WINDOWS/SYSTEM/MSPRINT2.DLL: 72d11b424df04a44... (size: 48128 bytes)
]]></system-out>
  </testcase>
  <testcase name="testFileSha256OnImages" classname="io.spicelabs.saffron.corpus.CorpusFileVerificationTest" time="0.001">
    <system-out><![CDATA[/WINDOWS/SYSTEM/MPR.DLL: 44afcee6e6fd64ab... (size: 40448 bytes)
]]></system-out>
  </testcase>
  <testcase name="testFileSha256OnImages" classname="io.spicelabs.saffron.corpus.CorpusFileVerificationTest" time="0.006">
    <system-out><![CDATA[/usr/lib/modules/6.14.0-1017-azure/kernel/lib/reed_solomon/reed_solomon.ko.zst: 3d8832acdfdbac7d... (size: 9680 bytes)
]]></system-out>
  </testcase>
  <testcase name="testFileSha256OnImages" classname="io.spicelabs.saffron.corpus.CorpusFileVerificationTest" time="0.002">
    <system-out><![CDATA[/usr/share/perl/5.38.2/Test2/Util/HashBase.pm: 52631d3c8bc1f0d5... (size: 13221 bytes)
]]></system-out>
  </testcase>
  <testcase name="testFileSha256OnImages" classname="io.spicelabs.saffron.corpus.CorpusFileVerificationTest" time="0.004">
    <system-out><![CDATA[/usr/share/man/man8/netplan-get.8.gz: eb955ad80a55c4be... (size: 729 bytes)
]]></system-out>
  </testcase>
  <testcase name="testFileSha256OnImages" classname="io.spicelabs.saffron.corpus.CorpusFileVerificationTest" time="0.003">
    <system-out><![CDATA[/usr/lib/x86_64-linux-gnu/security/pam_succeed_if.so: 2f57cf7b54dcb2a6... (size: 18584 bytes)
]]></system-out>
  </testcase>
  <testcase name="testFileSha256OnImages" classname="io.spicelabs.saffron.corpus.CorpusFileVerificationTest" time="0.002">
    <system-out><![CDATA[/var/lib/dpkg/info/python3-problem-report.md5sums: e605bb66eefa2c1a... (size: 254 bytes)
]]></system-out>
  </testcase>
  <testcase name="testFileSha256OnImages" classname="io.spicelabs.saffron.corpus.CorpusFileVerificationTest" time="0.646">
    <system-out><![CDATA[/devuan/.config/pulse/6264b3a603a9527b5edd3bd560541438-default-source: 01ba4719c80b6fe9... (size: 1 bytes)
]]></system-out>
  </testcase>
  <testcase name="testFileSha256OnImages" classname="io.spicelabs.saffron.corpus.CorpusFileVerificationTest" time="0.647">
    <system-out><![CDATA[/devuan/.dbus/session-bus/a6f3e609d6d5290a7f22492260540d96-0: b0aafdb62b224fbd... (size: 467 bytes)
]]></system-out>
  </testcase>
  <testcase name="testFileSha256OnImages" classname="io.spicelabs.saffron.corpus.CorpusFileVerificationTest" time="0.644">
    <system-out><![CDATA[/devuan/.config/pulse/07409025fa22427670bae63260546b56-card-database.tdb: 4579a11c1145ee20... (size: 696 bytes)
]]></system-out>
  </testcase>
  <testcase name="testFileSha256OnImages" classname="io.spicelabs.saffron.corpus.CorpusFileVerificationTest" time="0.655">
    <system-out><![CDATA[/devuan/.config/xfce4/panel/launcher-12/16161212964.desktop: 6345aad7586f584e... (size: 296 bytes)
]]></system-out>
  </testcase>
  <testcase name="testFileSha256OnImages" classname="io.spicelabs.saffron.corpus.CorpusFileVerificationTest" time="0.647">
    <system-out><![CDATA[/devuan/.dbus/session-bus/07409025fa22427670bae63260546b56-0: 945dd99ba9acac8e... (size: 467 bytes)
]]></system-out>
  </testcase>
  <testcase name="testFileSha256OnImages" classname="io.spicelabs.saffron.corpus.CorpusFileVerificationTest" time="0.188">
    <system-out><![CDATA[/EFI/BOOT/bootx64.efi: 4f5c118a947b3af9... (size: 965672 bytes)
]]></system-out>
  </testcase>
  <testcase name="testFileSha256OnImages" classname="io.spicelabs.saffron.corpus.CorpusFileVerificationTest" time="0.16">
    <system-out><![CDATA[/EFI/BOOT/MokManager.efi: 1c21f3b6fd9d96a4... (size: 852456 bytes)
]]></system-out>
  </testcase>
  <testcase name="testFileSha256OnImages" classname="io.spicelabs.saffron.corpus.CorpusFileVerificationTest" time="0.031">
    <system-out><![CDATA[/EFI/BOOT/grub.cfg: b3c99306c331eddf... (size: 137 bytes)
]]></system-out>
  </testcase>
  <testcase name="testFileSha256OnImages" classname="io.spicelabs.saffron.corpus.CorpusFileVerificationTest" time="0.244">
    <system-out><![CDATA[Expected: 23692 files, 3705 dirs, 3 filesystems
Actual:   23692 files (0 hidden+system), 3705 dirs, 3 filesystems (3 mounted, 0 detected)
File count matches exactly
/EFI/BOOT/grub.efi: 783ad613d4344caf... (size: 2082816 bytes)
]]></system-out>
  </testcase>
  <testcase name="testFileSha256OnImages" classname="io.spicelabs.saffron.corpus.CorpusFileVerificationTest" time="0.033">
    <system-out><![CDATA[/usr/share/terminfo/a/avt-w: e375bcb782f5695b... (size: 1226 bytes)
]]></system-out>
  </testcase>
  <testcase name="testFileSha256OnImages" classname="io.spicelabs.saffron.corpus.CorpusFileVerificationTest" time="0.022">
    <system-out><![CDATA[/boot/grub/menu.lst: bd4b7aa84740262b... (size: 308 bytes)
]]></system-out>
  </testcase>
  <testcase name="testFileSha256OnImages" classname="io.spicelabs.saffron.corpus.CorpusFileVerificationTest" time="0.035">
    <system-out><![CDATA[/boot/config-5.15.0-71-generic: 220e7a9b87697272... (size: 261914 bytes)
]]></system-out>
  </testcase>
  <testcase name="testFileSha256OnImages" classname="io.spicelabs.saffron.corpus.CorpusFileVerificationTest" time="0.017">
    <system-out><![CDATA[/boot/grub/e2fs_stage1_5: 1d317c1e94328cdb... (size: 8344 bytes)
]]></system-out>
  </testcase>
  <testcase name="testFileSha256OnImages" classname="io.spicelabs.saffron.corpus.CorpusFileVerificationTest" time="0.017">
    <system-out><![CDATA[/boot/grub/stage1: 77c1024a494c2170... (size: 512 bytes)
]]></system-out>
  </testcase>
  <testcase name="testFileSha256OnImages" classname="io.spicelabs.saffron.corpus.CorpusFileVerificationTest" time="0.152">
    <system-out><![CDATA[/boot/vmlinuz-5.15.0-71-generic: d22d336de01ca31f... (size: 11569216 bytes)
]]></system-out>
  </testcase>
  <testcase name="testFileSha256OnImages" classname="io.spicelabs.saffron.corpus.CorpusFileVerificationTest" time="0.066">
    <system-out><![CDATA[/EFI/BOOT/bootx64.efi: 6f0214807dae3fea... (size: 1042048 bytes)
]]></system-out>
  </testcase>
  <testcase name="testFileSha256OnImages" classname="io.spicelabs.saffron.corpus.CorpusFileVerificationTest" time="0.063">
    <system-out><![CDATA[/EFI/BOOT/MokManager.efi: cd2f7c8928dbfd9e... (size: 923880 bytes)
]]></system-out>
  </testcase>
  <testcase name="testFileSha256OnImages" classname="io.spicelabs.saffron.corpus.CorpusFileVerificationTest" time="0.026">
    <system-out><![CDATA[/EFI/BOOT/grub.cfg: c2e871e6a8fa1f71... (size: 137 bytes)
]]></system-out>
  </testcase>
  <testcase name="testFileSha256OnImages" classname="io.spicelabs.saffron.corpus.CorpusFileVerificationTest" time="0.091">
    <system-out><![CDATA[
=== Verifying: almalinux-9-minimal.qcow2 ===
/EFI/BOOT/grub.efi: 861e8cab2b5bb093... (size: 2148208 bytes)
]]></system-out>
  </testcase>
  <testcase name="testFileSha256OnImages" classname="io.spicelabs.saffron.corpus.CorpusFileVerificationTest" time="0.029">
    <system-out><![CDATA[/usr/lib64/python3.13/__pycache__/linecache.cpython-313.opt-2.pyc: 7b362d53db3a4894... (size: 7357 bytes)
]]></system-out>
  </testcase>
  <testcase name="testFileSha256OnImages" classname="io.spicelabs.saffron.corpus.CorpusFileVerificationTest" time="0.038">
    <system-out><![CDATA[/usr/lib/python3/dist-packages/cryptography/hazmat/__init__.py: e48c2b2d6ad5a740... (size: 455 bytes)
]]></system-out>
  </testcase>
  <testcase name="testFileSha256OnImages" classname="io.spicelabs.saffron.corpus.CorpusFileVerificationTest" time="0.032">
    <system-out><![CDATA[/usr/lib/python3/dist-packages/cloudinit/config/cc_yum_add_repo.py: cdd0456d3de92ec3... (size: 4641 bytes)
]]></system-out>
  </testcase>
  <testcase name="testFileSha256OnImages" classname="io.spicelabs.saffron.corpus.CorpusFileVerificationTest" time="0.039">
    <system-out><![CDATA[/usr/bin/zcat: f0b4d86b6a10064b... (size: 1984 bytes)
]]></system-out>
  </testcase>
  <testcase name="testFileSha256OnImages" classname="io.spicelabs.saffron.corpus.CorpusFileVerificationTest" time="0.04">
    <system-out><![CDATA[/var/lib/dpkg/info/libdrm2:amd64.triggers: 0f1eda96d7595190... (size: 75 bytes)
]]></system-out>
  </testcase>
  <testcase name="testFileSha256OnImages" classname="io.spicelabs.saffron.corpus.CorpusFileVerificationTest" time="0.042">
    <system-out><![CDATA[/usr/lib/python3/dist-packages/validate/__pycache__/__init__.cpython-312.pyc: 7155596cd7427807... (size: 455 bytes)
]]></system-out>
  </testcase>
  <testcase name="testFileSha256OnImages" classname="io.spicelabs.saffron.corpus.CorpusFileVerificationTest" time="0.034">
    <system-out><![CDATA[/grub2/i386-pc/cbfs.mod: abe93e8650ba00e3... (size: 4924 bytes)
]]></system-out>
  </testcase>
  <testcase name="testFileSha256OnImages" classname="io.spicelabs.saffron.corpus.CorpusFileVerificationTest" time="0.03">
    <system-out><![CDATA[/grub2/i386-pc/fat.mod: 7139c5c347dc37ac... (size: 8584 bytes)
]]></system-out>
  </testcase>
  <testcase name="testFileSha256OnImages" classname="io.spicelabs.saffron.corpus.CorpusFileVerificationTest" time="0.029">
    <system-out><![CDATA[/grub2/i386-pc/minix3.mod: f7025309ddd289cc... (size: 5448 bytes)
]]></system-out>
  </testcase>
  <testcase name="testFileSha256OnImages" classname="io.spicelabs.saffron.corpus.CorpusFileVerificationTest" time="0.028">
    <system-out><![CDATA[/grub2/locale/gl.mo: af83207cf8bbba7a... (size: 103937 bytes)
]]></system-out>
  </testcase>
  <testcase name="testFileSha256OnImages" classname="io.spicelabs.saffron.corpus.CorpusFileVerificationTest" time="0.032">
    <system-out><![CDATA[/grub2/i386-pc/procfs.mod: 2dfb4ecc45789996... (size: 2672 bytes)
]]></system-out>
  </testcase>
  <testcase name="testFileSha256OnImages" classname="io.spicelabs.saffron.corpus.CorpusFileVerificationTest" time="0.003">
    <system-out><![CDATA[/file2.txt: e397da6bdf086eea... (size: 23 bytes)
]]></system-out>
  </testcase>
  <testcase name="testFileSha256OnImages" classname="io.spicelabs.saffron.corpus.CorpusFileVerificationTest" time="0.002">
    <system-out><![CDATA[/.fseventsd/0000000085c085db: 1594835a0fb318e5... (size: 174 bytes)
]]></system-out>
  </testcase>
  <testcase name="testFileSha256OnImages" classname="io.spicelabs.saffron.corpus.CorpusFileVerificationTest" time="0.002">
    <system-out><![CDATA[/.fseventsd/fseventsd-uuid: 4ee1a7ca836387a8... (size: 36 bytes)
]]></system-out>
  </testcase>
  <testcase name="testFileSha256OnImages" classname="io.spicelabs.saffron.corpus.CorpusFileVerificationTest" time="0.035">
    <system-out><![CDATA[/.journal: ca3c774a01bb363b... (size: 8388608 bytes)
]]></system-out>
  </testcase>
  <testcase name="testFileSha256OnImages" classname="io.spicelabs.saffron.corpus.CorpusFileVerificationTest" time="0.002">
    <system-out><![CDATA[/.journal_info_block: 16d0dbd9385279fc... (size: 4096 bytes)
]]></system-out>
  </testcase>
  <testcase name="testFileSha256OnImages" classname="io.spicelabs.saffron.corpus.CorpusFileVerificationTest" time="0.029">
    <system-out><![CDATA[/usr/share/man/man8/pam_xauth.8.gz: 8a8296d41fdf9d0d... (size: 2248 bytes)
]]></system-out>
  </testcase>
  <testcase name="testFileSha256OnImages" classname="io.spicelabs.saffron.corpus.CorpusFileVerificationTest" time="0.03">
    <system-out><![CDATA[/usr/lib/gconv/gconv-modules: 57793b77fddf6021... (size: 3916 bytes)
]]></system-out>
  </testcase>
  <testcase name="testFileSha256OnImages" classname="io.spicelabs.saffron.corpus.CorpusFileVerificationTest" time="0.026">
    <system-out><![CDATA[/etc/ssl/certs/40547a79.pem: ba864450891b443a... (size: 4864 bytes)
]]></system-out>
  </testcase>
  <testcase name="testFileSha256OnImages" classname="io.spicelabs.saffron.corpus.CorpusFileVerificationTest" time="0.032">
    <system-out><![CDATA[/usr/lib/dracut/modules.d/00warpclock/warpclock.sh: bfc0a5f55bef8abf... (size: 349 bytes)
]]></system-out>
  </testcase>
  <testcase name="testFileSha256OnImages" classname="io.spicelabs.saffron.corpus.CorpusFileVerificationTest" time="0.03">
    <system-out><![CDATA[/usr/lib/dracut/modules.d/90crypt/parse-crypt.sh: e8436114d0727757... (size: 8083 bytes)
]]></system-out>
  </testcase>
  <testcase name="testFileSha256OnImages" classname="io.spicelabs.saffron.corpus.CorpusFileVerificationTest" time="0.019">
    <system-out><![CDATA[/boot/grub/stage1: 77c1024a494c2170... (size: 512 bytes)
]]></system-out>
  </testcase>
  <testcase name="testFileSha256OnImages" classname="io.spicelabs.saffron.corpus.CorpusFileVerificationTest" time="0.016">
    <system-out><![CDATA[/boot/grub/e2fs_stage1_5: 1d317c1e94328cdb... (size: 8344 bytes)
]]></system-out>
  </testcase>
  <testcase name="testFileSha256OnImages" classname="io.spicelabs.saffron.corpus.CorpusFileVerificationTest" time="0.193">
    <system-out><![CDATA[/boot/vmlinuz-5.3.0-26-generic: c586660bd24dcda1... (size: 9144704 bytes)
]]></system-out>
  </testcase>
  <testcase name="testFileSha256OnImages" classname="io.spicelabs.saffron.corpus.CorpusFileVerificationTest" time="0.296">
    <system-out><![CDATA[/boot/initrd.img-5.3.0-26-generic: ee408d7058e3899d... (size: 6546942 bytes)
]]></system-out>
  </testcase>
  <testcase name="testFileSha256OnImages" classname="io.spicelabs.saffron.corpus.CorpusFileVerificationTest" time="0.031">
    <system-out><![CDATA[/boot/grub/stage2: 10c0f1d9e2706a6d... (size: 121188 bytes)
]]></system-out>
  </testcase>
  <testcase name="testFileSha256OnImages" classname="io.spicelabs.saffron.corpus.CorpusFileVerificationTest" time="0.284">
    <system-out><![CDATA[/EFI/rocky/grubx64.efi: c8a17b29ccd7a136... (size: 2214728 bytes)
]]></system-out>
  </testcase>
  <testcase name="testFileSha256OnImages" classname="io.spicelabs.saffron.corpus.CorpusFileVerificationTest" time="0.043">
    <system-out><![CDATA[/EFI/rocky/grubenv: feff84ea0d357259... (size: 1024 bytes)
]]></system-out>
  </testcase>
  <testcase name="testFileSha256OnImages" classname="io.spicelabs.saffron.corpus.CorpusFileVerificationTest" time="0.181">
    <system-out><![CDATA[/EFI/rocky/shimx64-rocky.efi: a10478f6de6012b3... (size: 948816 bytes)
]]></system-out>
  </testcase>
  <testcase name="testFileSha256OnImages" classname="io.spicelabs.saffron.corpus.CorpusFileVerificationTest" time="0.053">
    <system-out><![CDATA[/EFI/BOOT/fbx64.efi: ba3a304969502036... (size: 91016 bytes)
]]></system-out>
  </testcase>
  <testcase name="testFileSha256OnImages" classname="io.spicelabs.saffron.corpus.CorpusFileVerificationTest" time="0.185">
    <system-out><![CDATA[/EFI/BOOT/BOOTX64.EFI: b27e80c027be5600... (size: 956144 bytes)
]]></system-out>
  </testcase>
  <testcase name="testFileSha256OnImages" classname="io.spicelabs.saffron.corpus.CorpusFileVerificationTest" time="0.027">
    <system-out><![CDATA[/usr/share/dbus-1/interfaces/org.freedesktop.locale1.xml: 5df5605def337c67... (size: 2566 bytes)
]]></system-out>
  </testcase>
  <testcase name="testFileSha256OnImages" classname="io.spicelabs.saffron.corpus.CorpusFileVerificationTest" time="0.03">
    <system-out><![CDATA[/usr/lib64/python3.9/__pycache__/bdb.cpython-39.opt-1.pyc: 88ad0335f177ec51... (size: 24540 bytes)
]]></system-out>
  </testcase>
  <testcase name="testFileSha256OnImages" classname="io.spicelabs.saffron.corpus.CorpusFileVerificationTest" time="0.023">
    <system-out><![CDATA[/usr/share/man/man8/tc-matchall.8.gz: 59146a21160f5512... (size: 794 bytes)
]]></system-out>
  </testcase>
  <testcase name="testFileSha256OnImages" classname="io.spicelabs.saffron.corpus.CorpusFileVerificationTest" time="0.031">
    <system-out><![CDATA[/usr/lib64/python3.9/site-packages/dbus/__pycache__/decorators.cpython-39.opt-1.pyc: 75b4149b64a4ced9... (size: 11715 bytes)
]]></system-out>
  </testcase>
  <testcase name="testFileSha256OnImages" classname="io.spicelabs.saffron.corpus.CorpusFileVerificationTest" time="0.026">
    <system-out><![CDATA[/usr/lib/modules/5.14.0-665.el9.x86_64/kernel/drivers/usb/serial/ch341.ko.xz: 3d50b7afc78307af... (size: 9608 bytes)
]]></system-out>
  </testcase>
  <testcase name="testFileSha256OnImages" classname="io.spicelabs.saffron.corpus.CorpusFileVerificationTest" time="0.018">
    <system-out><![CDATA[/kalilinux/.vboxclient-display-svga-x11-tty7-control.pid: de236469a739f245... (size: 5 bytes)
]]></system-out>
  </testcase>
  <testcase name="testFileSha256OnImages" classname="io.spicelabs.saffron.corpus.CorpusFileVerificationTest" time="0.016">
    <system-out><![CDATA[/kalilinux/.config/xfce4/xfconf/xfce-perchannel-xml/xfce4-notifyd.xml: 66ee0129f24350c6... (size: 163 bytes)
]]></system-out>
  </testcase>
  <testcase name="testFileSha256OnImages" classname="io.spicelabs.saffron.corpus.CorpusFileVerificationTest" time="0.02">
    <system-out><![CDATA[/kalilinux/.bashrc.original: afae8986f549c640... (size: 3526 bytes)
]]></system-out>
  </testcase>
  <testcase name="testFileSha256OnImages" classname="io.spicelabs.saffron.corpus.CorpusFileVerificationTest" time="0.019">
    <system-out><![CDATA[/kalilinux/.config/xfce4/desktop/icons.screen0-784x549.rc: 37c586f4f988f53b... (size: 163 bytes)
]]></system-out>
  </testcase>
  <testcase name="testFileSha256OnImages" classname="io.spicelabs.saffron.corpus.CorpusFileVerificationTest" time="0.017">
    <system-out><![CDATA[/kalilinux/.vboxclient-draganddrop-tty7-control.pid: acc9a6c273bcb01a... (size: 4 bytes)
]]></system-out>
  </testcase>
  <testcase name="testFileSha256OnImages" classname="io.spicelabs.saffron.corpus.CorpusFileVerificationTest" time="0.018">
    <system-out><![CDATA[/debian/.bash_logout: 26882b79471c25f9... (size: 220 bytes)
]]></system-out>
  </testcase>
  <testcase name="testFileSha256OnImages" classname="io.spicelabs.saffron.corpus.CorpusFileVerificationTest" time="0.019">
    <system-out><![CDATA[/debian/.bashrc: afae8986f549c640... (size: 3526 bytes)
]]></system-out>
  </testcase>
  <testcase name="testFileSha256OnImages" classname="io.spicelabs.saffron.corpus.CorpusFileVerificationTest" time="0.017">
    <system-out><![CDATA[/debian/.profile: 28b4a453b68dde64... (size: 807 bytes)
]]></system-out>
  </testcase>
  <testcase name="testFileSha256OnImages" classname="io.spicelabs.saffron.corpus.CorpusFileVerificationTest" time="0.016">
    <system-out><![CDATA[/debian/.bash_history: d3ec7cf7ccacb1a5... (size: 15 bytes)
]]></system-out>
  </testcase>
  <testcase name="testFileSha256OnImages" classname="io.spicelabs.saffron.corpus.CorpusFileVerificationTest" time="0.02">
    <system-out><![CDATA[/usr/share/locale/hu/LC_MESSAGES/apt-utils.mo: 14f09ae290260b7a... (size: 10334 bytes)
]]></system-out>
  </testcase>
  <testcase name="testFileSha256OnImages" classname="io.spicelabs.saffron.corpus.CorpusFileVerificationTest" time="0.017">
    <system-out><![CDATA[/EFI/BOOT/fbx64.efi: 52c7ae0db66ec19a... (size: 85672 bytes)
]]></system-out>
  </testcase>
  <testcase name="testFileSha256OnImages" classname="io.spicelabs.saffron.corpus.CorpusFileVerificationTest" time="0.016">
    <system-out><![CDATA[/EFI/ubuntu/BOOTX64.CSV: 6add06de471015ad... (size: 108 bytes)
]]></system-out>
  </testcase>
  <testcase name="testFileSha256OnImages" classname="io.spicelabs.saffron.corpus.CorpusFileVerificationTest" time="0.028">
    <system-out><![CDATA[/EFI/ubuntu/grubx64.efi: 528e0dde1d31a60f... (size: 1742728 bytes)
]]></system-out>
  </testcase>
  <testcase name="testFileSha256OnImages" classname="io.spicelabs.saffron.corpus.CorpusFileVerificationTest" time="0.023">
    <system-out><![CDATA[/EFI/BOOT/mmx64.efi: d66f9c08f8ffcc3b... (size: 856232 bytes)
]]></system-out>
  </testcase>
  <testcase name="testFileSha256OnImages" classname="io.spicelabs.saffron.corpus.CorpusFileVerificationTest" time="0.016">
    <system-out><![CDATA[/EFI/ubuntu/grub.cfg: 42483a7805bf563b... (size: 201 bytes)
]]></system-out>
  </testcase>
  <testcase name="testFileSha256OnImages" classname="io.spicelabs.saffron.corpus.CorpusFileVerificationTest" time="0.163">
    <system-out><![CDATA[/EFI/rocky/mmx64.efi: eb142a794ae26063... (size: 857352 bytes)
]]></system-out>
  </testcase>
  <testcase name="testFileSha256OnImages" classname="io.spicelabs.saffron.corpus.CorpusFileVerificationTest" time="0.178">
    <system-out><![CDATA[/EFI/rocky/shim.efi: b49c7d6911be1dc9... (size: 959224 bytes)
]]></system-out>
  </testcase>
  <testcase name="testFileSha256OnImages" classname="io.spicelabs.saffron.corpus.CorpusFileVerificationTest" time="0.179">
    <system-out><![CDATA[/EFI/BOOT/BOOTX64.EFI: b49c7d6911be1dc9... (size: 959224 bytes)
]]></system-out>
  </testcase>
  <testcase name="testFileSha256OnImages" classname="io.spicelabs.saffron.corpus.CorpusFileVerificationTest" time="0.032">
    <system-out><![CDATA[/EFI/rocky/BOOTX64.CSV: 407faf41257c23a1... (size: 104 bytes)
]]></system-out>
  </testcase>
  <testcase name="testFileSha256OnImages" classname="io.spicelabs.saffron.corpus.CorpusFileVerificationTest" time="0.158">
    <system-out><![CDATA[/EFI/BOOT/mmx64.efi: eb142a794ae26063... (size: 857352 bytes)
]]></system-out>
  </testcase>
  <testcase name="testFileSha256OnImages" classname="io.spicelabs.saffron.corpus.CorpusFileVerificationTest" time="0.002">
    <system-out><![CDATA[/CONFIG.SYS: 3fc101bf49b20fab... (size: 91 bytes)
]]></system-out>
  </testcase>
  <testcase name="testFileSha256OnImages" classname="io.spicelabs.saffron.corpus.CorpusFileVerificationTest" time="0.001">
    <system-out><![CDATA[/IBMBIO.COM: c8539b4ca08dd5ac... (size: 24810 bytes)
]]></system-out>
  </testcase>
  <testcase name="testFileSha256OnImages" classname="io.spicelabs.saffron.corpus.CorpusFileVerificationTest" time="0.003">
    <system-out><![CDATA[/EBOOT.BIN: 52c22d299b2beb71... (size: 31579 bytes)
]]></system-out>
  </testcase>
  <testcase name="testFileSha256OnImages" classname="io.spicelabs.saffron.corpus.CorpusFileVerificationTest" time="0.001">
    <system-out><![CDATA[/AUTOEXEC.BAK: 7e86937df522dc77... (size: 1040 bytes)
]]></system-out>
  </testcase>
  <testcase name="testFileSha256OnImages" classname="io.spicelabs.saffron.corpus.CorpusFileVerificationTest" time="0.002">
    <system-out><![CDATA[/AUTOEXEC.BAT: eddd79d3fd1ad279... (size: 1032 bytes)
]]></system-out>
  </testcase>
  <testcase name="testFileSha256OnImages" classname="io.spicelabs.saffron.corpus.CorpusFileVerificationTest" time="0.049">
    <system-out><![CDATA[/flatcar/grub/i386-pc/crypto.lst: 37b9af649538ea69... (size: 432 bytes)
]]></system-out>
  </testcase>
  <testcase name="testFileSha256OnImages" classname="io.spicelabs.saffron.corpus.CorpusFileVerificationTest" time="0.046">
    <system-out><![CDATA[/flatcar/grub/x86_64-xen/procfs.mod: a927c4da26c02e36... (size: 1116 bytes)
]]></system-out>
  </testcase>
  <testcase name="testFileSha256OnImages" classname="io.spicelabs.saffron.corpus.CorpusFileVerificationTest" time="0.054">
    <system-out><![CDATA[/flatcar/grub/i386-pc/luks.mod: 963a783d09411374... (size: 1908 bytes)
]]></system-out>
  </testcase>
  <testcase name="testFileSha256OnImages" classname="io.spicelabs.saffron.corpus.CorpusFileVerificationTest" time="0.051">
    <system-out><![CDATA[/flatcar/grub/x86_64-xen/keystatus.mod: 79e5f0ed9a144f0f... (size: 960 bytes)
]]></system-out>
  </testcase>
  <testcase name="testFileSha256OnImages" classname="io.spicelabs.saffron.corpus.CorpusFileVerificationTest" time="0.418">
    <system-out><![CDATA[/xen/pvboot-x86_64.elf: 51cd0a08c03a6a64... (size: 698944 bytes)
]]></system-out>
  </testcase>
  <testcase name="testFileSha256OnImages" classname="io.spicelabs.saffron.corpus.CorpusFileVerificationTest" time="0.113">
    <system-out><![CDATA[/EFI/BOOT/BOOTX64.EFI: fd7928a115d3409c... (size: 959208 bytes)
]]></system-out>
  </testcase>
  <testcase name="testFileSha256OnImages" classname="io.spicelabs.saffron.corpus.CorpusFileVerificationTest" time="0.107">
    <system-out><![CDATA[/EFI/almalinux/shim.efi: fd7928a115d3409c... (size: 959208 bytes)
]]></system-out>
  </testcase>
  <testcase name="testFileSha256OnImages" classname="io.spicelabs.saffron.corpus.CorpusFileVerificationTest" time="0.121">
    <system-out><![CDATA[/EFI/almalinux/shimx64.efi: fd7928a115d3409c... (size: 959208 bytes)
]]></system-out>
  </testcase>
  <testcase name="testFileSha256OnImages" classname="io.spicelabs.saffron.corpus.CorpusFileVerificationTest" time="0.184">
    <system-out><![CDATA[Expected: 23692 files, 3705 dirs, 3 filesystems
Actual:   23692 files (0 hidden+system), 3705 dirs, 3 filesystems (3 mounted, 0 detected)
File count matches exactly
/EFI/almalinux/grubx64.efi: 46133a34bdd235a6... (size: 2573184 bytes)
]]></system-out>
  </testcase>
  <testcase name="testFileSha256OnImages" classname="io.spicelabs.saffron.corpus.CorpusFileVerificationTest" time="0.103">
    <system-out><![CDATA[/EFI/almalinux/mmx64.efi: 6ca7dca3c1cdef00... (size: 863184 bytes)
]]></system-out>
  </testcase>
  <testcase name="testFileSha256OnImages" classname="io.spicelabs.saffron.corpus.CorpusFileVerificationTest" time="0.02">
    <system-out><![CDATA[/boot/grub/stage1: 77c1024a494c2170... (size: 512 bytes)
]]></system-out>
  </testcase>
  <testcase name="testFileSha256OnImages" classname="io.spicelabs.saffron.corpus.CorpusFileVerificationTest" time="0.396">
    <system-out><![CDATA[/boot/initrd.img-5.15.0-48-generic: 2b918d4d66e5e10d... (size: 8812150 bytes)
]]></system-out>
  </testcase>
  <testcase name="testFileSha256OnImages" classname="io.spicelabs.saffron.corpus.CorpusFileVerificationTest" time="0.026">
    <system-out><![CDATA[/boot/grub/stage2: 53bc21974700eda5... (size: 121188 bytes)
]]></system-out>
  </testcase>
  <testcase name="testFileSha256OnImages" classname="io.spicelabs.saffron.corpus.CorpusFileVerificationTest" time="0.017">
    <system-out><![CDATA[/boot/grub/e2fs_stage1_5: 1d317c1e94328cdb... (size: 8344 bytes)
]]></system-out>
  </testcase>
  <testcase name="testFileSha256OnImages" classname="io.spicelabs.saffron.corpus.CorpusFileVerificationTest" time="0.023">
    <system-out><![CDATA[/boot/grub/menu.lst: bd4b7aa84740262b... (size: 308 bytes)
]]></system-out>
  </testcase>
  <testcase name="testFileSha256OnImages" classname="io.spicelabs.saffron.corpus.CorpusFileVerificationTest" time="0.035">
    <system-out><![CDATA[/EFI/BOOT/grub.cfg: 05a832b4c02960ab... (size: 154 bytes)
]]></system-out>
  </testcase>
  <testcase name="testFileSha256OnImages" classname="io.spicelabs.saffron.corpus.CorpusFileVerificationTest" time="0.142">
    <system-out><![CDATA[
=== Verifying: amazonlinux-2-kvm.qcow2 ===
/EFI/fedora/mmia32.efi: c0aca1c783936992... (size: 673992 bytes)
]]></system-out>
  </testcase>
  <testcase name="testFileSha256OnImages" classname="io.spicelabs.saffron.corpus.CorpusFileVerificationTest" time="0.158">
    <system-out><![CDATA[/EFI/BOOT/BOOTIA32.EFI: 5ec41801add3ff17... (size: 747681 bytes)
]]></system-out>
  </testcase>
  <testcase name="testFileSha256OnImages" classname="io.spicelabs.saffron.corpus.CorpusFileVerificationTest" time="0.181">
    <system-out><![CDATA[/EFI/BOOT/BOOTX64.EFI: 4773d74d87c2371a... (size: 949424 bytes)
]]></system-out>
  </testcase>
  <testcase name="testFileSha256OnImages" classname="io.spicelabs.saffron.corpus.CorpusFileVerificationTest" time="0.562">
    <system-out><![CDATA[
=== Verifying: amazonlinux-2023-kvm.qcow2 ===
/EFI/fedora/grubia32.efi: 223c87e1553044cc... (size: 3022144 bytes)
]]></system-out>
  </testcase>
  <testcase name="testFileSha256OnImages" classname="io.spicelabs.saffron.corpus.CorpusFileVerificationTest" time="0.113">
    <system-out><![CDATA[
=== Verifying: archlinux-latest-cloudimg.qcow2 ===
/EFI/BOOT/BOOTX64.EFI: fd7928a115d3409c... (size: 959208 bytes)
]]></system-out>
  </testcase>
  <testcase name="testFileSha256OnImages" classname="io.spicelabs.saffron.corpus.CorpusFileVerificationTest" time="0.111">
    <system-out><![CDATA[/EFI/almalinux/shim.efi: fd7928a115d3409c... (size: 959208 bytes)
]]></system-out>
  </testcase>
  <testcase name="testFileSha256OnImages" classname="io.spicelabs.saffron.corpus.CorpusFileVerificationTest" time="0.127">
    <system-out><![CDATA[/EFI/almalinux/shimx64.efi: fd7928a115d3409c... (size: 959208 bytes)
]]></system-out>
  </testcase>
  <testcase name="testFileSha256OnImages" classname="io.spicelabs.saffron.corpus.CorpusFileVerificationTest" time="0.188">
    <system-out><![CDATA[/EFI/almalinux/grubx64.efi: 46133a34bdd235a6... (size: 2573184 bytes)
]]></system-out>
  </testcase>
  <testcase name="testFileSha256OnImages" classname="io.spicelabs.saffron.corpus.CorpusFileVerificationTest" time="0.108">
    <system-out><![CDATA[/EFI/almalinux/mmx64.efi: 6ca7dca3c1cdef00... (size: 863184 bytes)
]]></system-out>
  </testcase>
  <testcase name="testFileSha256OnImages" classname="io.spicelabs.saffron.corpus.CorpusFileVerificationTest" time="0.002">
    <system-out><![CDATA[/usr/share/syslinux/lua.c32: 5000ee72dbdae40d... (size: 6848 bytes)
]]></system-out>
  </testcase>
  <testcase name="testFileSha256OnImages" classname="io.spicelabs.saffron.corpus.CorpusFileVerificationTest" time="0.002">
    <system-out><![CDATA[/usr/share/syslinux/whichsys.c32: 6ae4af3e254f66f5... (size: 2488 bytes)
]]></system-out>
  </testcase>
  <testcase name="testFileSha256OnImages" classname="io.spicelabs.saffron.corpus.CorpusFileVerificationTest" time="0.002">
    <system-out><![CDATA[/lib/modules/6.6.31-0-virt/kernel/net/netfilter/nft_ct.ko.gz: 9e7575165608e8a8... (size: 17232 bytes)
]]></system-out>
  </testcase>
  <testcase name="testFileSha256OnImages" classname="io.spicelabs.saffron.corpus.CorpusFileVerificationTest" time="0.002">
    <system-out><![CDATA[/usr/lib/python3.12/encodings/__pycache__/iso8859_5.cpython-312.pyc: 3bbcbf5b6f8092f0... (size: 3107 bytes)
]]></system-out>
  </testcase>
  <testcase name="verifyAllCorpusImages" classname="io.spicelabs.saffron.corpus.CorpusFullVerificationTest" time="6.892">
    <system-out><![CDATA[PASSED
]]></system-out>
  </testcase>
  <testcase name="verifyAllCorpusImages" classname="io.spicelabs.saffron.corpus.CorpusFullVerificationTest" time="4.954">
    <system-out><![CDATA[PASSED
]]></system-out>
  </testcase>
  <testcase name="verifyAllCorpusImages" classname="io.spicelabs.saffron.corpus.CorpusFullVerificationTest" time="5.187">
    <system-out><![CDATA[PASSED
]]></system-out>
  </testcase>
  <testcase name="verifyAllCorpusImages" classname="io.spicelabs.saffron.corpus.CorpusFullVerificationTest" time="4.87">
    <system-out><![CDATA[PASSED
]]></system-out>
  </testcase>
  <testcase name="verifyAllCorpusImages" classname="io.spicelabs.saffron.corpus.CorpusFullVerificationTest" time="0.033">
    <system-out><![CDATA[
=== Verifying: alpine-3.19-cloud-amd64.qcow2 ===
Expected: 5342 files, 681 dirs, 1 filesystems
Actual:   5342 files (0 hidden+system), 681 dirs, 1 filesystems (1 mounted, 0 detected)
File count matches exactly
PASSED
]]></system-out>
  </testcase>
  <testcase name="verifyAllCorpusImages" classname="io.spicelabs.saffron.corpus.CorpusFullVerificationTest" time="0.027">
    <system-out><![CDATA[
=== Verifying: alpine-3.20-cloud.qcow2 ===
Expected: 4653 files, 654 dirs, 1 filesystems
Actual:   4653 files (0 hidden+system), 654 dirs, 1 filesystems (1 mounted, 0 detected)
File count matches exactly
PASSED
]]></system-out>
  </testcase>
  <testcase name="verifyAllCorpusImages" classname="io.spicelabs.saffron.corpus.CorpusFullVerificationTest" time="0.589">
    <system-out><![CDATA[Expected: 38529 files, 4823 dirs, 1 filesystems
Actual:   38529 files (0 hidden+system), 4823 dirs, 1 filesystems (1 mounted, 0 detected)
File count matches exactly
PASSED
]]></system-out>
  </testcase>
  <testcase name="verifyAllCorpusImages" classname="io.spicelabs.saffron.corpus.CorpusFullVerificationTest" time="0.47">
    <system-out><![CDATA[Expected: 39412 files, 5017 dirs, 2 filesystems
Actual:   39412 files (0 hidden+system), 5017 dirs, 2 filesystems (2 mounted, 0 detected)
File count matches exactly
PASSED
]]></system-out>
  </testcase>
</testsuite>