<?xml version="1.0" encoding="UTF-8"?>
<testsuite xmlns:xsi="http://www.w3.org/2001/XMLSchema-instance" xsi:noNamespaceSchemaLocation="https://maven.apache.org/surefire/maven-surefire-plugin/xsd/surefire-test-report-3.0.xsd" version="3.0" name="io.spicelabs.saffron.filesystem.ntfs.NtfsDebugTest" time="0.203" tests="6" errors="0" skipped="0" failures="0">
  <properties>
[...]
</properties>
  <testcase name="testFileSha256OnImages" classname="io.spicelabs.saffron.corpus.CorpusFileVerificationTest" time="0.156">
    <system-out><![CDATA[=== NTFS Debug Test ===

Image: Windows NT Workstation 4.0 Hard Disk.vhd
Disk format: VHD
Virtual size: 8589934592 bytes

Partition table: MBR
Partitions:
  - Start LBA: 63, Size: 1028097 sectors

--- Attempting filesystem mount ---
Filesystem type: NTFS
Total size: 526385152
Label: (none)
UUID: 3820A06E20A03532

Root directory: /

Root directory contents:
/EFI/almalinux/mmx64.efi: 310e6b1926951d47... (size: 863184 bytes)
  REGULAR_FILE AUTOEXEC.BAT (0 bytes)
  REGULAR_FILE boot.ini (289 bytes)
  DIRECTORY Config.Msi (- bytes)
  REGULAR_FILE CONFIG.SYS (0 bytes)
  REGULAR_FILE IO.SYS (0 bytes)
]]></system-out>
  </testcase>
  <testcase name="testFileSha256OnImages" classname="io.spicelabs.saffron.corpus.CorpusFileVerificationTest" time="0.132">
    <system-out><![CDATA[=== Windows XP Mode NTFS 3.1 Test ===

Image: Windows XP Mode.vhd
Disk format: VHD
Virtual size: 127 GB

Partition table: MBR
Partitions: 1
  - Start LBA: 63, Size: 130033 MB

Filesystem type: NTFS
Label: (none)
Total size: 130033 MB
UUID: CC24FEB624FEA31E

Root directory contents:
  FILEAUTOEXEC.BAT
  FILEboot.ini
  FILECONFIG.SYS
  DIR Documents and Settings
  DIR I386
  FILEIO.SYS
  FILENTDETECT.COM
  FILEntldr
  FILEpagefile.sys
  DIR Program Files
  DIR RECYCLER
  DIR Sysprep
  DIR System Volume Information
  DIR WINDOWS
  FILEMSDOS.SYS

WINDOWS directory found!
WINDOWS children count: 116
system32 directory found!

--- Walking filesystem (limited to 5000 entries) ---
/EFI/almalinux/shimx64.efi: fd7928a115d3409c... (size: 959208 bytes)
]]></system-out>
  </testcase>
  <testcase name="testFileSha256OnImages" classname="io.spicelabs.saffron.corpus.CorpusFileVerificationTest" time="0.037">
    <system-out><![CDATA[/EFI/almalinux/grub.cfg: 1107c4055890fb68... (size: 143 bytes)
]]></system-out>
  </testcase>
  <testcase name="debugNtfsFilesystem" classname="io.spicelabs.saffron.filesystem.ntfs.NtfsDebugTest" time="0.043">
    <system-out><![CDATA[  REGULAR_FILE MSDOS.SYS (0 bytes)
  REGULAR_FILE NTDETECT.COM (26816 bytes)
  REGULAR_FILE ntldr (156496 bytes)
  REGULAR_FILE pagefile.sys (78643200 bytes)
  DIRECTORY Program Files (- bytes)
  DIRECTORY TEMP (- bytes)
  DIRECTORY WINNT (- bytes)

--- Checking WINNT directory directly ---
WINNT exists: /WINNT
WINNT direct children: 70
All WINNT children:
  FILE Rhododendron.bmp
  FILE River Sumida.bmp
  FILE Santa Fe Stucco.bmp
  FILE Seaside 16.bmp
  FILE Seaside.bmp
  DIR  $NtServicePackUninstall$
  DIR  AppPatch
  FILE black16.scr
  FILE Blue Lace 16.bmp
  FILE Blue Monday 16.bmp
  FILE Blue Monday.bmp
  FILE clock.avi
  FILE Coffee Bean 16.bmp
  FILE Coffee Bean.bmp
  DIR  Config
  FILE control.ini
  FILE EXPLORER.EXE
  FILE FeatherTexture.bmp
  FILE Fiddle Head.bmp
  DIR  Fonts
  DIR  FORMS
  FILE Furry Dog 16.bmp
  FILE Furry Dog.bmp
  FILE Geometrix.bmp
  FILE Gone Fishing.bmp
  FILE Greenstone.bmp
  FILE Hazy Autumn 16.bmp
  FILE Hiking Boot.bmp
  FILE IEHELP.EXE
  DIR  INF
  DIR  Installer
  DIR  Java
  FILE Leaf Fossils 16.bmp
  FILE Leather 16.bmp
  FILE Maple Trails.bmp
  DIR  Cursors
  DIR  Help
  DIR  repair
  FILE TASKMAN.EXE
  FILE Upstream 16.bmp
  FILE vmmreg32.dll
  FILE welcome.exe
  FILE WIN.INI
  FILE WINFILE.INI
  FILE WINHELP.EXE
  FILE WINHLP32.EXE
  FILE winnt.bmp
  FILE winnt256.bmp
  FILE Zapotec 16.bmp
  FILE Zapotec.bmp
  FILE _DEFAULT.PIF
  DIR  Media
  FILE network.wri
  FILE NOTEPAD.EXE
  FILE Petroglyph 16.bmp
  FILE Prairie Wind.bmp
  FILE printer.wri
  DIR  Profiles
  FILE REGEDIT.EXE
  FILE setup.old
  FILE setuplog.txt
  FILE ShellIconCache
  DIR  ShellNew
  FILE Snakeskin.bmp
  FILE Soap Bubbles.bmp
  FILE Solstice.bmp
  FILE Swimming Pool.bmp
  DIR  system
  FILE system.ini
  DIR  system32

Checking for system32:
system32 EXISTS: DIRECTORY

--- Debugging WINNT MFT record ---
WINNT MFT record: 17
  Attr: 0x10 ($STANDARD_INFORMATION), Resident: true, Size: 48
  Attr: 0x30 ($FILE_NAME), Resident: true, Size: 76
  Attr: 0x50 ($SECURITY_DESCRIPTOR), Resident: true, Size: 80
  Attr: 0x90 ($INDEX_ROOT), Resident: true, Size: 56
    IndexRoot entries: 1
      mftRef=0, flags: 3 [SUBNODE LAST]
  Attr: 0xa0 ($INDEX_ALLOCATION), Resident: false, Size: 18432
    Data runs: 3
      LCN: 133388, Length: 4 clusters, Bytes: 2048
      LCN: 133420, Length: 4 clusters, Bytes: 2048
      LCN: 133847, Length: 28 clusters, Bytes: 14336
    Total size: 18432 bytes
    Index blocks: 4

    Analyzing INDX blocks:
    Block at offset 0: signature=0x58444e49 valid=true
      Entries: 9, first: Rhododendron.bmp, last: Seaside.bmp
    Block at offset 4096: signature=0x58444e49 valid=true
      Entries: 11, first: EXPLORER.EXE, last: FURRYD~1.BMP
    Block at offset 8192: signature=0x58444e49 valid=true
      Entries: 13, first: Hiking Boot.bmp, last: Maple Trails.bmp
    Block at offset 12288: signature=0x58444e49 valid=true
      Entries: 15, first: Upstream 16.bmp, last: _DEFAULT.PIF
  Attr: 0xb0 ($BITMAP), Resident: true, Size: 8

--- Walking filesystem ---
  DIR:  /
  FILE: /AUTOEXEC.BAT
  FILE: /boot.ini
  DIR:  /Config.Msi
  FILE: /CONFIG.SYS
  FILE: /IO.SYS
  FILE: /MSDOS.SYS
  FILE: /NTDETECT.COM
  FILE: /ntldr
  FILE: /pagefile.sys
  DIR:  /Program Files
  DIR:  /Program Files/MarkVis
  DIR:  /Program Files/MarkVis/WinNT
  DIR:  /Program Files/Plus!
  DIR:  /Program Files/Plus!/Microsoft Internet
  DIR:  /Program Files/Plus!/Microsoft Internet/docs
  FILE: /Program Files/Plus!/Microsoft Internet/docs/backgrnd.gif
  FILE: /Program Files/Plus!/Microsoft Internet/docs/client.gif
  FILE: /Program Files/Plus!/Microsoft Internet/docs/home.htm
  FILE: /Program Files/Plus!/Microsoft Internet/docs/space.gif
  FILE: /Program Files/Plus!/Microsoft Internet/IEXPLORE.EXE
  FILE: /Program Files/Plus!/Microsoft Internet/secbasic.dll
  DIR:  /Program Files/Virtual Machine Additions
  DIR:  /Program Files/Virtual Machine Additions/backup
  FILE: /Program Files/Virtual Machine Additions/backup/i8042prt.sys
  FILE: /Program Files/Virtual Machine Additions/cdeject.exe
  FILE: /Program Files/Virtual Machine Additions/i8042prt.sys
  FILE: /Program Files/Virtual Machine Additions/mrxvpcnp.dll
  FILE: /Program Files/Virtual Machine Additions/msvmscsi.inf
  FILE: /Program Files/Virtual Machine Additions/msvmscsi.sys
  DIR:  /Program Files/Windows NT
  DIR:  /Program Files/Windows NT/Accessories
  DIR:  /Program Files/Windows NT/Accessories/ImageVue
  DIR:  /Program Files/Windows NT/Pinball
  DIR:  /Program Files/Windows NT/Windows Messaging
  DIR:  /TEMP
  DIR:  /WINNT
  DIR:  /WINNT/$NtServicePackUninstall$
  DIR:  /WINNT/$NtServicePackUninstall$/spuninst
  DIR:  /WINNT/AppPatch
  DIR:  /WINNT/Config
  DIR:  /WINNT/Fonts
  DIR:  /WINNT/FORMS
  DIR:  /WINNT/FORMS/CONFIGS
  DIR:  /WINNT/INF
  DIR:  /WINNT/Installer
  DIR:  /WINNT/Installer/InstMsi0
  DIR:  /WINNT/Installer/{E799CA03-7E46-4AE7-A7B6-E904CCFD1529}
  DIR:  /WINNT/Java
  DIR:  /WINNT/Java/TrustLib

Total files: 2245
Total directories: 115
]]></system-out>
  </testcase>
  <testcase name="debugNtfsMftRecords" classname="io.spicelabs.saffron.filesystem.ntfs.NtfsDebugTest" time="0.069">
    <system-out><![CDATA[=== NTFS MFT Debug Test ===

Partition offset: 32256
Bytes per sector: 512
Sectors per cluster: 1
Cluster size: 512
Clusters per index record: 8
Index record size: 4096
NTFS mounted successfully

--- Reading MFT root record ---
Root record number: 5
Root is in use: true
Root is directory: true
Root filename: .

Root record attributes:
  Type: 0x10 (STANDARD_INFORMATION), Resident: true, Size: 48
  Type: 0x30 (FILE_NAME), Resident: true, Size: 68
  Type: 0x50 (SECURITY_DESCRIPTOR), Resident: false, Size: 2100
  Type: 0x90 (INDEX_ROOT), Resident: true, Size: 56
    Index block size: 4096
    Index entries: 1
      MFT ref: 2, flags: 3, last: true, hasSubnode: true
  Type: 0xa0 (INDEX_ALLOCATION), Resident: false, Size: 4096
    Data runs: 1
      LCN: 522319, Length: 8 clusters, Sparse: false

    --- Debugging INDEX_ALLOCATION content ---
    Total bytes from data runs: 4096
    Attribute data size: 4096
    First INDX block signature: 0x58444e49 (expected 0x58444e49 'INDX')
    Update seq offset: 40, size: 9
    VCN: 0
    Entries offset (from header): 64
    Total size of entries: 2512
    Allocated size: 4072
    Index flags: 0

    --- Parsing INDX entries ---
    Entry 0 at offset 88: mftRef=4, len=104, streamLen=82, flags=0 []
      -> Filename: $AttrDef
    Entry 1 at offset 192: mftRef=8, len=104, streamLen=82, flags=0 []
      -> Filename: $BadClus
    Entry 2 at offset 296: mftRef=6, len=96, streamLen=80, flags=0 []
      -> Filename: $Bitmap
    Entry 3 at offset 392: mftRef=7, len=96, streamLen=76, flags=0 []
      -> Filename: $Boot
    Entry 4 at offset 488: mftRef=2, len=104, streamLen=82, flags=0 []
      -> Filename: $LogFile
    Entry 5 at offset 592: mftRef=0, len=96, streamLen=74, flags=0 []
      -> Filename: $MFT
    Entry 6 at offset 688: mftRef=1, len=104, streamLen=82, flags=0 []
      -> Filename: $MFTMirr
    Entry 7 at offset 792: mftRef=9, len=96, streamLen=78, flags=0 []
      -> Filename: $Quota
    Entry 8 at offset 888: mftRef=10, len=96, streamLen=80, flags=0 []
      -> Filename: $UpCase
    Entry 9 at offset 984: mftRef=3, len=96, streamLen=80, flags=0 []
      -> Filename: $Volume
    Entry 10 at offset 1080: mftRef=5, len=88, streamLen=68, flags=0 []
      -> Filename: .
    Entry 11 at offset 1168: mftRef=1289, len=112, streamLen=90, flags=0 []
      -> Filename: AUTOEXEC.BAT
    Entry 12 at offset 1280: mftRef=990, len=104, streamLen=82, flags=0 []
      -> Filename: boot.ini
    Entry 13 at offset 1384: mftRef=451, len=104, streamLen=86, flags=0 []
      -> Filename: Config.Msi
    Entry 14 at offset 1488: mftRef=1288, len=104, streamLen=86, flags=0 []
      -> Filename: CONFIG.SYS
    Entry 15 at offset 1592: mftRef=1290, len=96, streamLen=78, flags=0 []
      -> Filename: IO.SYS
    Entry 16 at offset 1688: mftRef=1291, len=104, streamLen=84, flags=0 []
      -> Filename: MSDOS.SYS
    Entry 17 at offset 1792: mftRef=988, len=112, streamLen=90, flags=0 []
      -> Filename: NTDETECT.COM
    Entry 18 at offset 1904: mftRef=989, len=96, streamLen=76, flags=0 []
      -> Filename: ntldr
    Entry 19 at offset 2000: mftRef=991, len=112, streamLen=90, flags=0 []
      -> Filename: pagefile.sys
    Entry 20 at offset 2112: mftRef=1160, len=112, streamLen=92, flags=0 []
      -> Filename: Program Files
    Entry 21 at offset 2224: mftRef=1160, len=104, streamLen=82, flags=0 []
      -> Filename: PROGRA~1
    Entry 22 at offset 2328: mftRef=1306, len=96, streamLen=74, flags=0 []
      -> Filename: TEMP
    Entry 23 at offset 2424: mftRef=17, len=96, streamLen=76, flags=0 []
      -> Filename: WINNT
    Entry 24 at offset 2520: mftRef=0, len=16, streamLen=0, flags=2 [LAST]
    Reached LAST entry
    Total entries found in first INDX block: 25
  Type: 0xb0 (BITMAP), Resident: true, Size: 8

--- Listing root directory via listDirectory() ---
Found 22 entries
  FILE: $AttrDef (record 4)
  FILE: $BadClus (record 8)
  FILE: $Bitmap (record 6)
  FILE: $Boot (record 7)
  FILE: $LogFile (record 2)
  FILE: $MFTMirr (record 1)
  FILE: $Quota (record 9)
  FILE: $UpCase (record 10)
  FILE: $Volume (record 3)
  DIR: . (record 5)
  FILE: AUTOEXEC.BAT (record 1289)
  FILE: boot.ini (record 990)
  DIR: Config.Msi (record 451)
  FILE: CONFIG.SYS (record 1288)
  FILE: IO.SYS (record 1290)
  FILE: MSDOS.SYS (record 1291)
  FILE: NTDETECT.COM (record 988)
  FILE: ntldr (record 989)
  FILE: pagefile.sys (record 991)
  DIR: Program Files (record 1160)
  DIR: TEMP (record 1306)
  DIR: WINNT (record 17)

--- Checking MFT $DATA attribute ---
MFT $DATA resident: false
MFT $DATA size: 3693568
MFT $DATA runs: 15
Estimated max MFT record from size: 3607
  Run 0: LCN=130951, length=32 clusters (16384 bytes), covers records 0-15
  Run 1: LCN=130984, length=1988 clusters (1017856 bytes), covers records 16-1009
  Run 2: LCN=133424, length=124 clusters (63488 bytes), covers records 1010-1071
  Run 3: LCN=133552, length=224 clusters (114688 bytes), covers records 1072-1183
  Run 4: LCN=135085, length=128 clusters (65536 bytes), covers records 1184-1247
  Run 5: LCN=135357, length=96 clusters (49152 bytes), covers records 1248-1295
  Run 6: LCN=135509, length=928 clusters (475136 bytes), covers records 1296-1759
  Run 7: LCN=137001, length=64 clusters (32768 bytes), covers records 1760-1791
  Run 8: LCN=137073, length=32 clusters (16384 bytes), covers records 1792-1807
  Run 9: LCN=137545, length=96 clusters (49152 bytes), covers records 1808-1855
  ... and 5 more runs

--- Trying to read specific MFT records from INDX entries ---
Record 1289: in_use=true, name=AUTOEXEC.BAT
Record 990: in_use=true, name=boot.ini
Record 1160: in_use=true, name=Program Files
Record 17: in_use=true, name=WINNT
Record 451: in_use=true, name=Config.Msi

--- Scanning MFT for WINNT children (parent ref 17) ---
  DIR system32 (record 18)
  FILEBlue Monday.bmp (record 46)
  FILEBlue Lace 16.bmp (record 47)
  FILEBlue Monday 16.bmp (record 48)
  FILESoap Bubbles.bmp (record 112)
  FILECoffee Bean 16.bmp (record 113)
  FILECoffee Bean.bmp (record 114)
  FILEFeatherTexture.bmp (record 115)
  FILEFiddle Head.bmp (record 117)
  FILEFurry Dog 16.bmp (record 118)
  FILEFurry Dog.bmp (record 119)
  FILEGeometrix.bmp (record 120)
  FILEShellIconCache (record 150)
  DIR Installer (record 259)
  FILEIEHELP.EXE (record 375)
  DIR AppPatch (record 492)
  FILEGone Fishing.bmp (record 667)
  DIR system (record 716)
  DIR repair (record 718)
  DIR INF (record 720)
  DIR Help (record 899)
  DIR Fonts (record 921)
  DIR Config (record 965)
  DIR Profiles (record 969)
  DIR Cursors (record 970)
  DIR Media (record 971)
  FILEvmmreg32.dll (record 977)
  FILEwinnt256.bmp (record 978)
  FILEwinnt.bmp (record 979)
  FILEwelcome.exe (record 981)
  FILEsystem.ini (record 982)
  FILEprinter.wri (record 983)
  FILEnetwork.wri (record 984)
  FILEclock.avi (record 986)
  FILEblack16.scr (record 987)
  FILEsetuplog.txt (record 999)
  FILE_DEFAULT.PIF (record 1025)
  FILEREGEDIT.EXE (record 1026)
  FILEWIN.INI (record 1027)
  FILEWINFILE.INI (record 1028)
  FILEWINHELP.EXE (record 1029)
  FILENOTEPAD.EXE (record 1032)
  FILETASKMAN.EXE (record 1033)
  FILEsetup.old (record 1176)
  FILEcontrol.ini (record 1292)
  FILEGreenstone.bmp (record 1307)
  FILEHazy Autumn 16.bmp (record 1308)
  FILEHiking Boot.bmp (record 1309)
  FILELeaf Fossils 16.bmp (record 1310)
  FILELeather 16.bmp (record 1311)
  FILEMaple Trails.bmp (record 1312)
  FILEPetroglyph 16.bmp (record 1313)
  FILESwimming Pool.bmp (record 1314)
  FILEPrairie Wind.bmp (record 1315)
  FILERhododendron.bmp (record 1316)
  FILERiver Sumida.bmp (record 1317)
  FILESanta Fe Stucco.bmp (record 1318)
  FILESeaside.bmp (record 1319)
  FILESeaside 16.bmp (record 1320)
  FILESnakeskin.bmp (record 1321)
  FILESolstice.bmp (record 1322)
  FILEUpstream 16.bmp (record 1323)
  FILEZapotec.bmp (record 1324)
  FILEZapotec 16.bmp (record 1325)
  DIR ShellNew (record 1444)
  DIR FORMS (record 1599)
Found 66 entries with WINNT as parent (by MFT scan)

--- Scanning MFT for user files (records 24-500) ---
  FILE: system.LOG (record 24)
  FILE: software.LOG (record 25)
  FILE: default.LOG (record 26)
  FILE: system.sav (record 27)
  FILE: software.sav (record 28)
  FILE: default.sav (record 29)
  DIR:  drivers (record 30)
  DIR:  etc (record 31)
  FILE: KBDCLASS.SYS (record 32)
  FILE: MOUCLASS.SYS (record 33)
  FILE: I8042PRT.SYS (record 34)
  FILE: CALC.EXE (record 35)
  FILE: calc.cnt (record 36)
  FILE: calc.hlp (record 37)
  FILE: charmap.exe (record 38)
  FILE: charmap.cnt (record 39)
  FILE: S3.SYS (record 40)
  FILE: charmap.hlp (record 41)
  FILE: clipbrd.exe (record 42)
  FILE: clipbrd.cnt (record 43)
  FILE: clipbrd.hlp (record 44)
  FILE: CLOCK.EXE (record 45)
  DIR:  os2 (record 90)
  DIR:  dll (record 91)
  DIR:  ras (record 95)
  DIR:  spool (record 101)
  DIR:  drivers (record 102)
  DIR:  w32x86 (record 103)
  DIR:  2 (record 104)
  DIR:  prtprocs (record 105)
In-use records in range 24-500: 462
Found 439 user files, 23 user dirs by MFT scan
]]></system-out>
  </testcase>
  <testcase name="testWindowsXpModeNtfs31" classname="io.spicelabs.saffron.filesystem.ntfs.NtfsDebugTest" time="0.088">
    <system-out><![CDATA[Files found: 4204
Directories found: 796

Windows XP Mode NTFS 3.1 test completed successfully!
]]></system-out>
  </testcase>
</testsuite>