<?xml version="1.0" encoding="UTF-8"?>
<testsuite xmlns:xsi="http://www.w3.org/2001/XMLSchema-instance" xsi:noNamespaceSchemaLocation="https://maven.apache.org/surefire/maven-surefire-plugin/xsd/surefire-test-report-3.0.xsd" version="3.0" name="io.spicelabs.saffron.corpus.Qcow2DiagnosticTest" time="0.054" tests="2" errors="0" skipped="0" failures="0">
  <properties>
[...]
</properties>
  <testcase name="diagnoseQcow2Reading" classname="io.spicelabs.saffron.corpus.Qcow2DiagnosticTest" time="0.002">
    <system-out><![CDATA[=== QCOW2 Diagnostic for CirrOS ===
Virtual size: 117440512 bytes
Cluster size: 65536 bytes

--- Reading first 4KB ---
MBR signature at 510: 0xaa55
GPT signature at 512: 0x5452415020494645
Expected 'EFI PART': 0x5452415020494645

GPT Header:
  Partition entries LBA: 2
  Number of entries: 128
  Entry size: 128
  Entries byte offset: 1024

--- Reading partition entries at offset 1024 ---
First partition entry raw bytes:
    0: af 3d c6 0f 83 84 72 47 8e 79 3d 69 d8 47 7d e4 
   16: 7d 01 2f df cc ed 71 43 81 c7 fc fa 0c 5c 1b 09 
   32: 00 48 00 00 00 00 00 00 de 7f 03 00 00 00 00 00 
   48: 00 00 00 00 00 00 00 00 00 00 00 00 00 00 00 00 
   64: 00 00 00 00 00 00 00 00 00 00 00 00 00 00 00 00 
   80: 00 00 00 00 00 00 00 00 00 00 00 00 00 00 00 00 
   96: 00 00 00 00 00 00 00 00 00 00 00 00 00 00 00 00 
  112: 00 00 00 00 00 00 00 00 00 00 00 00 00 00 00 00 

Parsed partition entry 0:
  Type GUID: af3dc60f838472478e793d69d8477de4
  Unique GUID: 7d012fdfcced714381c7fcfa0c5c1b09
  Starting LBA: 18432
  Ending LBA: 229342

--- Verification: re-read GPT header ---
GPT signature (re-read): 0x5452415020494645

--- Checking cluster allocation for offset 1024 ---
Is offset 0-65536 allocated? true
]]></system-out>
  </testcase>
  <testcase name="dumpQcow2RawFile" classname="io.spicelabs.saffron.corpus.Qcow2DiagnosticTest" time="0.051">
    <system-out><![CDATA[=== Raw QCOW2 File Analysis ===
File size: 21430272 bytes

QCOW2 Header:
  Magic: 0x514649fb (expected 0x514649fb)
  Version: 3
  Cluster bits: 16 (cluster size: 65536)
  Virtual size: 117440512
  L1 size: 1
  L1 table offset: 196608

--- L1 Table (first few entries) ---
  L1[0]: 0x8000000000040000
    L2 table offset: 262144
    --- L2 Table (first entries) ---
      L2[0]: 0x4040000000050000 (compressed=true, zero=false, offset=18014398509809664)
      L2[1]: 0x0 (compressed=false, zero=false, offset=0)
      L2[2]: 0x0 (compressed=false, zero=false, offset=0)
      L2[3]: 0x0 (compressed=false, zero=false, offset=0)
      L2[4]: 0x0 (compressed=false, zero=false, offset=0)
      L2[5]: 0x0 (compressed=false, zero=false, offset=0)
      L2[6]: 0x0 (compressed=false, zero=false, offset=0)
      L2[7]: 0x0 (compressed=false, zero=false, offset=0)
]]></system-out>
  </testcase>
</testsuite>