<?xml version="1.0" encoding="UTF-8"?>
<testsuite xmlns:xsi="http://www.w3.org/2001/XMLSchema-instance" xsi:noNamespaceSchemaLocation="https://maven.apache.org/surefire/maven-surefire-plugin/xsd/surefire-test-report-3.0.xsd" version="3.0" name="io.spicelabs.saffron.filesystem.ext4.Ext4FileSystemTest" time="0.664" tests="24" errors="0" skipped="0" failures="0">
  <properties>
[...]
</properties>
  <testcase name="testFileSha256OnImages" classname="io.spicelabs.saffron.corpus.CorpusFileVerificationTest" time="0.033">
    <system-out><![CDATA[/usr/share/ca-certificates/mozilla/emSign_Root_CA_-_G1.crt: 8d390d4c54f6a4a0... (size: 1302 bytes)
]]></system-out>
  </testcase>
  <testcase name="testFileSha256OnImages" classname="io.spicelabs.saffron.corpus.CorpusFileVerificationTest" time="0.042">
    <system-out><![CDATA[Boot directory contents:
  grub (4096 bytes)
  config-5.15.0-71-generic (261914 bytes)
    Read 261914 bytes successfully
  initrd.img-5.15.0-71-generic (8950804 bytes)
/usr/share/man/man3/CURLOPT_SSL_CTX_DATA.3.bz2: a2d5845a90e2619d... (size: 2321 bytes)
]]></system-out>
  </testcase>
  <testcase name="testFileSha256OnImages" classname="io.spicelabs.saffron.corpus.CorpusFileVerificationTest" time="0.041">
    <system-out><![CDATA[/EFI/BOOT/fbx64.efi: 3a55f93fbc7eaa95... (size: 1222800 bytes)
]]></system-out>
  </testcase>
  <testcase name="testFileSha256OnImages" classname="io.spicelabs.saffron.corpus.CorpusFileVerificationTest" time="0.027">
    <system-out><![CDATA[/EFI/ubuntu/BOOTX64.CSV: 6add06de471015ad... (size: 108 bytes)
]]></system-out>
  </testcase>
  <testcase name="testFileSha256OnImages" classname="io.spicelabs.saffron.corpus.CorpusFileVerificationTest" time="0.041">
    <system-out><![CDATA[/EFI/ubuntu/grubx64.efi: adf854246581b08c... (size: 1718144 bytes)
]]></system-out>
  </testcase>
  <testcase name="testFileSha256OnImages" classname="io.spicelabs.saffron.corpus.CorpusFileVerificationTest" time="0.035">
    <system-out><![CDATA[/EFI/BOOT/mmx64.efi: 452c80fca7863dcf... (size: 1277024 bytes)
]]></system-out>
  </testcase>
  <testcase name="testFileSha256OnImages" classname="io.spicelabs.saffron.corpus.CorpusFileVerificationTest" time="0.021">
    <system-out><![CDATA[/EFI/ubuntu/grub.cfg: 5df8fab5c1483e48... (size: 201 bytes)
]]></system-out>
  </testcase>
  <testcase name="testFileSha256OnImages" classname="io.spicelabs.saffron.corpus.CorpusFileVerificationTest" time="0.014">
    <system-out><![CDATA[/var/lib/dpkg/info/qml-module-org-kde-prison:amd64.md5sums: 0ccdf1fad12b43c7... (size: 279 bytes)
]]></system-out>
  </testcase>
  <testcase name="testFileSha256OnImages" classname="io.spicelabs.saffron.corpus.CorpusFileVerificationTest" time="0.016">
    <system-out><![CDATA[/usr/share/icons/Papirus/22x22/apps/bauh.svg: 3ae3c64830212a6f... (size: 5303 bytes)
]]></system-out>
  </testcase>
  <testcase name="testFileSha256OnImages" classname="io.spicelabs.saffron.corpus.CorpusFileVerificationTest" time="0.005">
    <system-out><![CDATA[/usr/share/locale/pl/LC_MESSAGES/purpose_saveas.mo: cb0e68baca1e53ba... (size: 755 bytes)
]]></system-out>
  </testcase>
  <testcase name="testFileSha256OnImages" classname="io.spicelabs.saffron.corpus.CorpusFileVerificationTest" time="0.005">
    <system-out><![CDATA[/usr/share/libreoffice/help/media/icon-themes/cmd/lc_zoompanning.svg: fd9ad5ea6e59db39... (size: 2545 bytes)
]]></system-out>
  </testcase>
  <testcase name="testFileSha256OnImages" classname="io.spicelabs.saffron.corpus.CorpusFileVerificationTest" time="0.008">
    <system-out><![CDATA[/usr/share/icons/ePapirus/22x22/actions/code-variable.svg: 25ebda245cf39160... (size: 570 bytes)
]]></system-out>
  </testcase>
  <testcase name="testFileSha256OnImages" classname="io.spicelabs.saffron.corpus.CorpusFileVerificationTest" time="0.018">
    <system-out><![CDATA[/boot/grub/e2fs_stage1_5: 1d317c1e94328cdb... (size: 8344 bytes)
]]></system-out>
  </testcase>
  <testcase name="testFileSha256OnImages" classname="io.spicelabs.saffron.corpus.CorpusFileVerificationTest" time="0.154">
    <system-out><![CDATA[/boot/vmlinuz-5.15.0-48-generic: 2c73184fa1076a0c... (size: 11524384 bytes)
]]></system-out>
  </testcase>
  <testcase name="testFileSha256OnImages" classname="io.spicelabs.saffron.corpus.CorpusFileVerificationTest" time="0.018">
    <system-out><![CDATA[/boot/grub/stage1: 77c1024a494c2170... (size: 512 bytes)
]]></system-out>
  </testcase>
  <testcase name="testFileSha256OnImages" classname="io.spicelabs.saffron.corpus.CorpusFileVerificationTest" time="0.037">
    <system-out><![CDATA[    Read 8950804 bytes successfully
  vmlinuz-5.15.0-71-generic (11569216 bytes)
/boot/grub/stage2: 1f33a75649407d7c... (size: 121188 bytes)
]]></system-out>
  </testcase>
  <testcase name="testFileSha256OnImages" classname="io.spicelabs.saffron.corpus.CorpusFileVerificationTest" time="0.024">
    <system-out><![CDATA[/boot/grub/menu.lst: bd4b7aa84740262b... (size: 308 bytes)
]]></system-out>
  </testcase>
  <testcase name="testFileSha256OnImages" classname="io.spicelabs.saffron.corpus.CorpusFileVerificationTest" time="0.031">
    <system-out><![CDATA[/lib/modules/3.2.0-80-virtual/modules.alias.bin: 2146bcc17463ead5... (size: 2553 bytes)
]]></system-out>
  </testcase>
  <testcase name="testFileSha256OnImages" classname="io.spicelabs.saffron.corpus.CorpusFileVerificationTest" time="0.031">
    <system-out><![CDATA[/etc/sudoers.d/90-cirros-user: 9ec44366e32e3a7c... (size: 68 bytes)
]]></system-out>
  </testcase>
  <testcase name="testFileSha256OnImages" classname="io.spicelabs.saffron.corpus.CorpusFileVerificationTest" time="0.06">
    <system-out><![CDATA[/usr/bin/sudo: ae01e3027b9f84cb... (size: 91384 bytes)
]]></system-out>
  </testcase>
  <testcase name="testReadFileContent" classname="io.spicelabs.saffron.filesystem.ext4.Ext4FileSystemTest" time="0.565">
    <system-out><![CDATA[    Read 11569216 bytes successfully
]]></system-out>
  </testcase>
  <testcase name="testSha256Hash" classname="io.spicelabs.saffron.filesystem.ext4.Ext4FileSystemTest" time="0.035">
    <system-out><![CDATA[config-5.15.0-71-generic SHA256: 220e7a9b87697272ae55521752b466dc3b973bfbdd84c773e6773f1244679d2f
File size: 261914 bytes
Content length: 261914 bytes
]]></system-out>
  </testcase>
  <testcase name="testReadAlpineFilesystem" classname="io.spicelabs.saffron.filesystem.ext4.Ext4FileSystemTest" time="0.038">
    <system-out><![CDATA[Detected filesystem: EXT4 at offset 0
Filesystem type: EXT4
Total size: 1073741824 bytes
UUID: 367ceb5a-a72a-4cc6-9140-e18812d3c81b

Root directory contents:
  DIRECTORY lost+found
  DIRECTORY etc
  DIRECTORY tmp
  DIRECTORY dev
  DIRECTORY lib
  DIRECTORY var
  DIRECTORY proc
  DIRECTORY bin
  DIRECTORY sbin
  DIRECTORY usr
  DIRECTORY home
  DIRECTORY media
  DIRECTORY mnt
  DIRECTORY opt
  DIRECTORY root
  DIRECTORY run
  DIRECTORY srv
  DIRECTORY sys
  DIRECTORY boot

Total entries: 6510
]]></system-out>
  </testcase>
  <testcase name="testReadCirrosFilesystem" classname="io.spicelabs.saffron.filesystem.ext4.Ext4FileSystemTest" time="0.023">
    <system-out><![CDATA[Detected filesystem: EXT4 at offset 9437184
Filesystem type: EXT4
Total size: 104857600 bytes
Used size: 31797248 bytes
UUID: f1511162-06fb-4482-9dab-9a0c76633fb2

Root directory contents:
  dir lost+found (16384 bytes)
  link vmlinuz (30 bytes)
  link initrd.img (33 bytes)
  dir boot (4096 bytes)

Walking filesystem...
Files: 7
Directories: 4
Symlinks: 2
Total entries: 13
]]></system-out>
  </testcase>
</testsuite>