<?xml version="1.0" encoding="UTF-8"?>
<testsuite xmlns:xsi="http://www.w3.org/2001/XMLSchema-instance" xsi:noNamespaceSchemaLocation="https://maven.apache.org/surefire/maven-surefire-plugin/xsd/surefire-test-report-3.0.xsd" version="3.0" name="io.spicelabs.saffron.corpus.CorpusFullVerificationTest" time="257.863" tests="137" errors="0" skipped="0" failures="0">
  <properties>
[...]
</properties>
  <testcase name="verifyAllCorpusImages" classname="io.spicelabs.saffron.corpus.CorpusFullVerificationTest" time="0.04">
    <system-out><![CDATA[
=== Verifying: HPCF-CEPC-CE30.VHD ===
Expected: 13 files, 3 dirs, 1 filesystems
Actual:   13 files (2 hidden+system), 3 dirs, 1 filesystems (1 mounted, 0 detected)
File count matches exactly
PASSED
]]></system-out>
  </testcase>
  <testcase name="verifyAllCorpusImages" classname="io.spicelabs.saffron.corpus.CorpusFullVerificationTest" time="0.015">
    <system-out><![CDATA[
=== Verifying: MicrosoftOs-21.30HardDisk.vhd ===
Expected: 276 files, 11 dirs, 1 filesystems
Actual:   276 files (3 hidden+system), 11 dirs, 1 filesystems (1 mounted, 0 detected)
File count matches exactly
PASSED
]]></system-out>
  </testcase>
  <testcase name="verifyAllCorpusImages" classname="io.spicelabs.saffron.corpus.CorpusFullVerificationTest" time="0.017">
    <system-out><![CDATA[
=== Verifying: Windows 95 Hard Disk.vhd ===
Expected: 853 files, 37 dirs, 1 filesystems
Actual:   855 files (13 hidden+system), 37 dirs, 1 filesystems (1 mounted, 0 detected)
File count matches for FAT filesystem (expected within visible..total range)
PASSED
]]></system-out>
  </testcase>
  <testcase name="verifyAllCorpusImages" classname="io.spicelabs.saffron.corpus.CorpusFullVerificationTest" time="4.921">
    <system-out><![CDATA[
=== Verifying: almalinux-9-cloud-amd64.qcow2 ===
  Actual files: 24001
Expected: 23692 files, 3705 dirs, 3 filesystems
Actual:   23692 files (0 hidden+system), 3705 dirs, 3 filesystems (3 mounted, 0 detected)
File count matches exactly
PASSED
]]></system-out>
  </testcase>
  <testcase name="verifyAllCorpusImages" classname="io.spicelabs.saffron.corpus.CorpusFullVerificationTest" time="71.915">
    <system-out><![CDATA[
=== Verifying: Fedora-Cloud-Base-Generic-42-1.1.x86_64.qcow2:/dev/sda4 ===
  Expected: 25308 files, 5398 dirs, btrfs fs
  Looking for partition index 3 (device: /dev/sda4)
  Found 3 filesystem locations
    Checking partition index 1 (EFI System)
    Checking partition index 2 (Unknown (bc13c2ff-59e6-4262-a352-b275fd6f7172))
    Checking partition index 3 (Linux root (x86-64))
  Found partition /dev/sda4 at index 3
Expected: 38045 files, 3013 dirs, 5 filesystems
Actual:   38045 files (0 hidden+system), 3013 dirs, 5 filesystems (5 mounted, 0 detected)
File count matches exactly
Expected: 51276 files, 10810 dirs, 6 filesystems
Actual:   51276 files (0 hidden+system), 10810 dirs, 6 filesystems (6 mounted, 0 detected)
File count matches exactly
  Actual files: 25308
PASSED
]]></system-out>
    <system-err><![CDATA[[dbg] advance: inline=false compressed=true numBytes=8192 ramBytes=8192 diskNum=4096 diskBytenr=456310784 offset=0 inlineLen=-1 extentStart=0 pos=0
[dbg] advance: inline=false compressed=false numBytes=12288 ramBytes=12288 diskNum=12288 diskBytenr=708980736 offset=0 inlineLen=-1 extentStart=0 pos=0
[dbg] advance: inline=false compressed=false numBytes=4096 ramBytes=4096 diskNum=4096 diskBytenr=444112896 offset=0 inlineLen=-1 extentStart=0 pos=0
[dbg] advance: inline=false compressed=true numBytes=20480 ramBytes=20480 diskNum=12288 diskBytenr=816447488 offset=0 inlineLen=-1 extentStart=0 pos=0
[dbg] advance: inline=true compressed=true numBytes=0 ramBytes=1084 diskNum=0 diskBytenr=0 offset=0 inlineLen=696 extentStart=0 pos=0
[dbg] advance: inline=true compressed=true numBytes=0 ramBytes=151 diskNum=0 diskBytenr=0 offset=0 inlineLen=122 extentStart=0 pos=0
[dbg] advance: inline=true compressed=true numBytes=0 ramBytes=118 diskNum=0 diskBytenr=0 offset=0 inlineLen=49 extentStart=0 pos=0
[dbg] advance: inline=true compressed=true numBytes=0 ramBytes=662 diskNum=0 diskBytenr=0 offset=0 inlineLen=516 extentStart=0 pos=0
[dbg] advance: inline=false compressed=true numBytes=8192 ramBytes=8192 diskNum=4096 diskBytenr=1006002176 offset=0 inlineLen=-1 extentStart=0 pos=0
[dbg] advance: inline=false compressed=false numBytes=20480 ramBytes=20480 diskNum=20480 diskBytenr=734019584 offset=0 inlineLen=-1 extentStart=0 pos=0
[dbg] advance: inline=true compressed=true numBytes=0 ramBytes=918 diskNum=0 diskBytenr=0 offset=0 inlineLen=438 extentStart=0 pos=0
[dbg] advance: inline=false compressed=true numBytes=20480 ramBytes=20480 diskNum=8192 diskBytenr=21815296 offset=0 inlineLen=-1 extentStart=0 pos=0
[dbg] advance: inline=false compressed=true numBytes=131072 ramBytes=131072 diskNum=49152 diskBytenr=1070174208 offset=0 inlineLen=-1 extentStart=0 pos=0
[dbg] advance: inline=false compressed=true numBytes=45056 ramBytes=45056 diskNum=16384 diskBytenr=1070223360 offset=0 inlineLen=-1 extentStart=131072 pos=131072
[dbg] advance: inline=true compressed=true numBytes=0 ramBytes=978 diskNum=0 diskBytenr=0 offset=0 inlineLen=560 extentStart=0 pos=0
[dbg] advance: inline=true compressed=false numBytes=0 ramBytes=827 diskNum=0 diskBytenr=0 offset=0 inlineLen=827 extentStart=0 pos=0
[dbg] advance: inline=true compressed=true numBytes=0 ramBytes=1404 diskNum=0 diskBytenr=0 offset=0 inlineLen=933 extentStart=0 pos=0
[dbg] advance: inline=false compressed=true numBytes=20480 ramBytes=20480 diskNum=4096 diskBytenr=1036558336 offset=0 inlineLen=-1 extentStart=0 pos=0
[dbg] advance: inline=true compressed=true numBytes=0 ramBytes=132 diskNum=0 diskBytenr=0 offset=0 inlineLen=104 extentStart=0 pos=0
[dbg] advance: inline=true compressed=true numBytes=0 ramBytes=936 diskNum=0 diskBytenr=0 offset=0 inlineLen=454 extentStart=0 pos=0
[dbg] advance: inline=false compressed=true numBytes=8192 ramBytes=8192 diskNum=4096 diskBytenr=837169152 offset=0 inlineLen=-1 extentStart=0 pos=0
[dbg] advance: inline=false compressed=false numBytes=12288 ramBytes=12288 diskNum=12288 diskBytenr=1106489344 offset=0 inlineLen=-1 extentStart=0 pos=0
[dbg] advance: inline=true compressed=true numBytes=0 ramBytes=376 diskNum=0 diskBytenr=0 offset=0 inlineLen=229 extentStart=0 pos=0
[dbg] advance: inline=false compressed=true numBytes=24576 ramBytes=24576 diskNum=8192 diskBytenr=861331456 offset=0 inlineLen=-1 extentStart=0 pos=0
[dbg] advance: inline=false compressed=true numBytes=90112 ramBytes=90112 diskNum=32768 diskBytenr=1062006784 offset=0 inlineLen=-1 extentStart=0 pos=0
[dbg] advance: inline=true compressed=true numBytes=0 ramBytes=645 diskNum=0 diskBytenr=0 offset=0 inlineLen=403 extentStart=0 pos=0
[dbg] advance: inline=true compressed=false numBytes=0 ramBytes=42 diskNum=0 diskBytenr=0 offset=0 inlineLen=42 extentStart=0 pos=0
[dbg] advance: inline=false compressed=false numBytes=8192 ramBytes=8192 diskNum=8192 diskBytenr=871985152 offset=0 inlineLen=-1 extentStart=0 pos=0
[dbg] advance: inline=true compressed=false numBytes=0 ramBytes=2 diskNum=0 diskBytenr=0 offset=0 inlineLen=2 extentStart=0 pos=0
[dbg] advance: inline=false compressed=false numBytes=8192 ramBytes=8192 diskNum=8192 diskBytenr=865783808 offset=0 inlineLen=-1 extentStart=0 pos=0
[dbg] advance: inline=false compressed=true numBytes=12288 ramBytes=12288 diskNum=8192 diskBytenr=837083136 offset=0 inlineLen=-1 extentStart=0 pos=0
[dbg] advance: inline=true compressed=true numBytes=0 ramBytes=1971 diskNum=0 diskBytenr=0 offset=0 inlineLen=1130 extentStart=0 pos=0
[dbg] advance: inline=false compressed=true numBytes=20480 ramBytes=20480 diskNum=8192 diskBytenr=1045164032 offset=0 inlineLen=-1 extentStart=0 pos=0
[dbg] advance: inline=false compressed=true numBytes=8192 ramBytes=8192 diskNum=4096 diskBytenr=985567232 offset=0 inlineLen=-1 extentStart=0 pos=0
[dbg] advance: inline=false compressed=false numBytes=8192 ramBytes=8192 diskNum=8192 diskBytenr=1093005312 offset=0 inlineLen=-1 extentStart=0 pos=0
[dbg] advance: inline=false compressed=false numBytes=4096 ramBytes=4096 diskNum=4096 diskBytenr=858337280 offset=0 inlineLen=-1 extentStart=0 pos=0
[dbg] advance: inline=false compressed=true numBytes=16384 ramBytes=16384 diskNum=8192 diskBytenr=857088000 offset=0 inlineLen=-1 extentStart=0 pos=0
[dbg] advance: inline=false compressed=true numBytes=8192 ramBytes=8192 diskNum=4096 diskBytenr=989966336 offset=0 inlineLen=-1 extentStart=0 pos=0
[dbg] advance: inline=true compressed=true numBytes=0 ramBytes=440 diskNum=0 diskBytenr=0 offset=0 inlineLen=357 extentStart=0 pos=0
[dbg] advance: inline=false compressed=false numBytes=4096 ramBytes=4096 diskNum=4096 diskBytenr=870600704 offset=0 inlineLen=-1 extentStart=0 pos=0
[dbg] advance: inline=false compressed=true numBytes=20480 ramBytes=20480 diskNum=12288 diskBytenr=991350784 offset=0 inlineLen=-1 extentStart=0 pos=0
[dbg] advance: inline=false compressed=true numBytes=28672 ramBytes=28672 diskNum=12288 diskBytenr=1043435520 offset=0 inlineLen=-1 extentStart=0 pos=0
[dbg] advance: inline=false compressed=true numBytes=24576 ramBytes=24576 diskNum=12288 diskBytenr=803352576 offset=0 inlineLen=-1 extentStart=0 pos=0
[dbg] advance: inline=false compressed=true numBytes=65536 ramBytes=65536 diskNum=28672 diskBytenr=1064853504 offset=0 inlineLen=-1 extentStart=0 pos=0
[dbg] advance: inline=true compressed=true numBytes=0 ramBytes=458 diskNum=0 diskBytenr=0 offset=0 inlineLen=362 extentStart=0 pos=0
[dbg] advance: inline=true compressed=true numBytes=0 ramBytes=360 diskNum=0 diskBytenr=0 offset=0 inlineLen=202 extentStart=0 pos=0
[dbg] advance: inline=true compressed=true numBytes=0 ramBytes=786 diskNum=0 diskBytenr=0 offset=0 inlineLen=405 extentStart=0 pos=0
[dbg] advance: inline=false compressed=true numBytes=20480 ramBytes=20480 diskNum=8192 diskBytenr=754417664 offset=0 inlineLen=-1 extentStart=0 pos=0
[dbg] advance: inline=true compressed=true numBytes=0 ramBytes=1433 diskNum=0 diskBytenr=0 offset=0 inlineLen=823 extentStart=0 pos=0
[dbg] advance: inline=false compressed=true numBytes=16384 ramBytes=16384 diskNum=8192 diskBytenr=896958464 offset=0 inlineLen=-1 extentStart=0 pos=0
[dbg] advance: inline=true compressed=false numBytes=0 ramBytes=2 diskNum=0 diskBytenr=0 offset=0 inlineLen=2 extentStart=0 pos=0
[dbg] advance: inline=true compressed=false numBytes=0 ramBytes=1201 diskNum=0 diskBytenr=0 offset=0 inlineLen=1201 extentStart=0 pos=0
[dbg] advance: inline=false compressed=false numBytes=16384 ramBytes=16384 diskNum=16384 diskBytenr=1103695872 offset=0 inlineLen=-1 extentStart=0 pos=0
[dbg] advance: inline=true compressed=false numBytes=0 ramBytes=1739 diskNum=0 diskBytenr=0 offset=0 inlineLen=1739 extentStart=0 pos=0
[dbg] advance: inline=true compressed=false numBytes=0 ramBytes=2 diskNum=0 diskBytenr=0 offset=0 inlineLen=2 extentStart=0 pos=0
[dbg] advance: inline=false compressed=false numBytes=4096 ramBytes=4096 diskNum=4096 diskBytenr=1103142912 offset=0 inlineLen=-1 extentStart=0 pos=0
[dbg] advance: inline=false compressed=false numBytes=16384 ramBytes=16384 diskNum=16384 diskBytenr=1104027648 offset=0 inlineLen=-1 extentStart=0 pos=0
[dbg] advance: inline=false compressed=false numBytes=16384 ramBytes=16384 diskNum=16384 diskBytenr=1108021248 offset=0 inlineLen=-1 extentStart=0 pos=0
[dbg] advance: inline=true compressed=false numBytes=0 ramBytes=1822 diskNum=0 diskBytenr=0 offset=0 inlineLen=1822 extentStart=0 pos=0
[dbg] advance: inline=true compressed=false numBytes=0 ramBytes=2 diskNum=0 diskBytenr=0 offset=0 inlineLen=2 extentStart=0 pos=0
[dbg] advance: inline=true compressed=false numBytes=0 ramBytes=2 diskNum=0 diskBytenr=0 offset=0 inlineLen=2 extentStart=0 pos=0
[dbg] advance: inline=false compressed=false numBytes=12288 ramBytes=12288 diskNum=12288 diskBytenr=1105584128 offset=0 inlineLen=-1 extentStart=0 pos=0
[dbg] advance: inline=true compressed=false numBytes=0 ramBytes=2 diskNum=0 diskBytenr=0 offset=0 inlineLen=2 extentStart=0 pos=0
[dbg] advance: inline=false compressed=false numBytes=12288 ramBytes=12288 diskNum=12288 diskBytenr=1105252352 offset=0 inlineLen=-1 extentStart=0 pos=0
[dbg] advance: inline=false compressed=false numBytes=16384 ramBytes=16384 diskNum=16384 diskBytenr=1108873216 offset=0 inlineLen=-1 extentStart=0 pos=0
[dbg] advance: inline=false compressed=false numBytes=12288 ramBytes=12288 diskNum=12288 diskBytenr=1108176896 offset=0 inlineLen=-1 extentStart=0 pos=0
[dbg] advance: inline=false compressed=false numBytes=12288 ramBytes=12288 diskNum=12288 diskBytenr=1109954560 offset=0 inlineLen=-1 extentStart=0 pos=0
[dbg] advance: inline=true compressed=false numBytes=0 ramBytes=1891 diskNum=0 diskBytenr=0 offset=0 inlineLen=1891 extentStart=0 pos=0
[dbg] advance: inline=true compressed=true numBytes=0 ramBytes=1094 diskNum=0 diskBytenr=0 offset=0 inlineLen=682 extentStart=0 pos=0
[dbg] advance: inline=true compressed=false numBytes=0 ramBytes=2 diskNum=0 diskBytenr=0 offset=0 inlineLen=2 extentStart=0 pos=0
[dbg] advance: inline=true compressed=true numBytes=0 ramBytes=3838 diskNum=0 diskBytenr=0 offset=0 inlineLen=1867 extentStart=0 pos=0
[dbg] advance: inline=true compressed=false numBytes=0 ramBytes=2 diskNum=0 diskBytenr=0 offset=0 inlineLen=2 extentStart=0 pos=0
]]></system-err>
  </testcase>
  <testcase name="verifyAllCorpusImages" classname="io.spicelabs.saffron.corpus.CorpusFullVerificationTest" time="56.992">
    <system-out><![CDATA[  Actual dirs: 4874 (visible: 4871)
PASSED
]]></system-out>
    <system-err><![CDATA[[dbg] advance: inline=false compressed=false numBytes=53248 ramBytes=53248 diskNum=53248 diskBytenr=774070272 offset=0 inlineLen=-1 extentStart=0 pos=0
[dbg] advance: inline=false compressed=false numBytes=8192 ramBytes=8192 diskNum=8192 diskBytenr=754061312 offset=0 inlineLen=-1 extentStart=0 pos=0
[dbg] advance: inline=false compressed=true numBytes=24576 ramBytes=24576 diskNum=12288 diskBytenr=1622745088 offset=0 inlineLen=-1 extentStart=0 pos=0
[dbg] advance: inline=false compressed=false numBytes=8192 ramBytes=8192 diskNum=8192 diskBytenr=770875392 offset=0 inlineLen=-1 extentStart=0 pos=0
[dbg] advance: inline=false compressed=true numBytes=40960 ramBytes=40960 diskNum=16384 diskBytenr=697282560 offset=0 inlineLen=-1 extentStart=0 pos=0
[dbg] advance: inline=false compressed=true numBytes=12288 ramBytes=12288 diskNum=8192 diskBytenr=837083136 offset=0 inlineLen=-1 extentStart=0 pos=0
[dbg] advance: inline=true compressed=true numBytes=0 ramBytes=1971 diskNum=0 diskBytenr=0 offset=0 inlineLen=1130 extentStart=0 pos=0
[dbg] advance: inline=false compressed=true numBytes=20480 ramBytes=20480 diskNum=8192 diskBytenr=1045164032 offset=0 inlineLen=-1 extentStart=0 pos=0
[dbg] advance: inline=true compressed=true numBytes=0 ramBytes=2434 diskNum=0 diskBytenr=0 offset=0 inlineLen=817 extentStart=0 pos=0
[dbg] advance: inline=false compressed=true numBytes=8192 ramBytes=8192 diskNum=4096 diskBytenr=985567232 offset=0 inlineLen=-1 extentStart=0 pos=0
[dbg] advance: inline=false compressed=true numBytes=53248 ramBytes=53248 diskNum=24576 diskBytenr=388747264 offset=0 inlineLen=-1 extentStart=0 pos=0
[dbg] advance: inline=true compressed=true numBytes=0 ramBytes=565 diskNum=0 diskBytenr=0 offset=0 inlineLen=332 extentStart=0 pos=0
[dbg] advance: inline=false compressed=false numBytes=8192 ramBytes=8192 diskNum=8192 diskBytenr=1093005312 offset=0 inlineLen=-1 extentStart=0 pos=0
[dbg] advance: inline=false compressed=false numBytes=4096 ramBytes=4096 diskNum=4096 diskBytenr=858337280 offset=0 inlineLen=-1 extentStart=0 pos=0
[dbg] advance: inline=false compressed=true numBytes=16384 ramBytes=16384 diskNum=8192 diskBytenr=857088000 offset=0 inlineLen=-1 extentStart=0 pos=0
[dbg] advance: inline=true compressed=false numBytes=0 ramBytes=1818 diskNum=0 diskBytenr=0 offset=0 inlineLen=1818 extentStart=0 pos=0
]]></system-err>
  </testcase>
  <testcase name="verifyAllCorpusImages" classname="io.spicelabs.saffron.corpus.CorpusFullVerificationTest" time="0.74">
    <system-out><![CDATA[
=== Verifying: centos-stream-9-cloud.qcow2 ===

=== Verifying: cirros-0.6.0-x86_64.qcow2 ===
Expected: 9 files, 8 dirs, 2 filesystems
Actual:   9 files (0 hidden+system), 8 dirs, 2 filesystems (2 mounted, 0 detected)
File count matches exactly
PASSED
]]></system-out>
    <system-err><![CDATA[[dbg] advance: inline=false compressed=true numBytes=8192 ramBytes=8192 diskNum=4096 diskBytenr=989966336 offset=0 inlineLen=-1 extentStart=0 pos=0
]]></system-err>
  </testcase>
  <testcase name="verifyAllCorpusImages" classname="io.spicelabs.saffron.corpus.CorpusFullVerificationTest" time="0.767">
    <system-out><![CDATA[
=== Verifying: cirros-0.6.1-x86_64.qcow2 ===
Expected: 9 files, 8 dirs, 2 filesystems
Actual:   9 files (0 hidden+system), 8 dirs, 2 filesystems (2 mounted, 0 detected)
File count matches exactly
PASSED
]]></system-out>
    <system-err><![CDATA[[dbg] advance: inline=true compressed=true numBytes=0 ramBytes=440 diskNum=0 diskBytenr=0 offset=0 inlineLen=357 extentStart=0 pos=0
[dbg] advance: inline=false compressed=false numBytes=4096 ramBytes=4096 diskNum=4096 diskBytenr=870600704 offset=0 inlineLen=-1 extentStart=0 pos=0
]]></system-err>
  </testcase>
  <testcase name="verifyAllCorpusImages" classname="io.spicelabs.saffron.corpus.CorpusFullVerificationTest" time="0.751">
    <system-out><![CDATA[
=== Verifying: cirros-0.6.2-x86_64.qcow2 ===
Expected: 9 files, 8 dirs, 2 filesystems
Actual:   9 files (0 hidden+system), 8 dirs, 2 filesystems (2 mounted, 0 detected)
File count matches exactly
PASSED
]]></system-out>
    <system-err><![CDATA[[dbg] advance: inline=false compressed=true numBytes=20480 ramBytes=20480 diskNum=12288 diskBytenr=991350784 offset=0 inlineLen=-1 extentStart=0 pos=0
[dbg] advance: inline=false compressed=true numBytes=28672 ramBytes=28672 diskNum=12288 diskBytenr=1043435520 offset=0 inlineLen=-1 extentStart=0 pos=0
]]></system-err>
  </testcase>
  <testcase name="verifyAllCorpusImages" classname="io.spicelabs.saffron.corpus.CorpusFullVerificationTest" time="2.746">
    <system-out><![CDATA[
=== Verifying: almalinux-8-cloud-amd64.qcow2:/dev/sda2 ===
  Expected: 8 files, 5 dirs, vfat fs
  Looking for partition index 1 (device: /dev/sda2)
  Found 3 filesystem locations
    Checking partition index 1 (EFI System)
  Found partition /dev/sda2 at index 1
  Actual files: 8 (0 hidden+system, 8 visible)
  Actual dirs: 5 (visible: 5)
Expected: 21488 files, 2683 dirs, 2 filesystems
Actual:   21488 files (0 hidden+system), 2683 dirs, 2 filesystems (2 mounted, 0 detected)
File count matches exactly
PASSED
]]></system-out>
  </testcase>
  <testcase name="verifyAllCorpusImages" classname="io.spicelabs.saffron.corpus.CorpusFullVerificationTest" time="5.491">
    <system-out><![CDATA[
=== Verifying: almalinux-8-cloud-amd64.qcow2:/dev/sda3 ===
  Expected: 297 files, 8 dirs, xfs fs
  Looking for partition index 2 (device: /dev/sda3)
  Found 3 filesystem locations
    Checking partition index 1 (EFI System)
    Checking partition index 2 (Linux Filesystem)
  Found partition /dev/sda3 at index 2
  Actual files: 297
Expected: 27984 files, 5067 dirs, 1 filesystems
Actual:   27984 files (0 hidden+system), 5067 dirs, 1 filesystems (1 mounted, 0 detected)
File count matches exactly
  Actual dirs: 8 (visible: 8)
PASSED
]]></system-out>
  </testcase>
  <testcase name="verifyAllCorpusImages" classname="io.spicelabs.saffron.corpus.CorpusFullVerificationTest" time="0.302">
    <system-out><![CDATA[
=== Verifying: almalinux-8-cloud-amd64.qcow2:/dev/sda4 ===
  Expected: 31718 files, 5849 dirs, xfs fs
  Looking for partition index 3 (device: /dev/sda4)
  Found 3 filesystem locations
    Checking partition index 1 (EFI System)
    Checking partition index 2 (Linux Filesystem)
    Checking partition index 3 (Linux Filesystem)
  Found partition /dev/sda4 at index 3
Expected: 248 files, 94 dirs, 1 filesystems
Actual:   248 files (0 hidden+system), 94 dirs, 1 filesystems (1 mounted, 0 detected)
File count matches exactly
PASSED
]]></system-out>
  </testcase>
  <testcase name="verifyAllCorpusImages" classname="io.spicelabs.saffron.corpus.CorpusFullVerificationTest" time="1.596">
    <system-out><![CDATA[
=== Verifying: cirros-0.4.0-x86_64.qcow2 ===
Expected: 9 files, 8 dirs, 2 filesystems
Actual:   9 files (0 hidden+system), 8 dirs, 2 filesystems (2 mounted, 0 detected)
File count matches exactly
PASSED
]]></system-out>
  </testcase>
  <testcase name="verifyAllCorpusImages" classname="io.spicelabs.saffron.corpus.CorpusFullVerificationTest" time="1.907">
    <system-out><![CDATA[
=== Verifying: cirros-0.5.1-x86_64.qcow2 ===
Expected: 9 files, 8 dirs, 2 filesystems
Actual:   9 files (0 hidden+system), 8 dirs, 2 filesystems (2 mounted, 0 detected)
File count matches exactly
Expected: 23067 files, 2872 dirs, 2 filesystems
Actual:   23067 files (0 hidden+system), 2872 dirs, 2 filesystems (2 mounted, 0 detected)
File count matches exactly
PASSED
]]></system-out>
  </testcase>
  <testcase name="verifyAllCorpusImages" classname="io.spicelabs.saffron.corpus.CorpusFullVerificationTest" time="4.641">
    <system-out><![CDATA[
=== Verifying: cirros-0.5.2-x86_64.qcow2 ===
Expected: 9 files, 8 dirs, 2 filesystems
Actual:   9 files (0 hidden+system), 8 dirs, 2 filesystems (2 mounted, 0 detected)
File count matches exactly
PASSED
]]></system-out>
  </testcase>
  <testcase name="verifyAllCorpusImages" classname="io.spicelabs.saffron.corpus.CorpusFullVerificationTest" time="0.568">
    <system-out><![CDATA[
=== Verifying: debian-12-nocloud.qcow2 ===
PASSED
]]></system-out>
  </testcase>
  <testcase name="verifyAllCorpusImages" classname="io.spicelabs.saffron.corpus.CorpusFullVerificationTest" time="4.311">
    <system-out><![CDATA[
=== Verifying: debian-11-nocloud.qcow2 ===
  Actual files: 31718
Expected: 21567 files, 2766 dirs, 2 filesystems
Actual:   21567 files (0 hidden+system), 2766 dirs, 2 filesystems (2 mounted, 0 detected)
File count matches exactly
Expected: 19951 files, 2614 dirs, 2 filesystems
Actual:   19951 files (0 hidden+system), 2614 dirs, 2 filesystems (2 mounted, 0 detected)
File count matches exactly
PASSED
]]></system-out>
  </testcase>
  <testcase name="verifyAllCorpusImages" classname="io.spicelabs.saffron.corpus.CorpusFullVerificationTest" time="4.532">
    <system-out><![CDATA[
=== Verifying: debian-11-vbox.vdi ===
PASSED
]]></system-out>
  </testcase>
  <testcase name="verifyAllCorpusImages" classname="io.spicelabs.saffron.corpus.CorpusFullVerificationTest" time="0.159">
    <system-out><![CDATA[
=== Verifying: fedora-40-cloud-base-amd64.qcow2 ===
Expected: 26133 files, 3425 dirs, 6 filesystems
Actual:   26133 files (0 hidden+system), 3425 dirs, 6 filesystems (5 mounted, 1 detected)
File count matches exactly
PASSED
]]></system-out>
  </testcase>
  <testcase name="verifyAllCorpusImages" classname="io.spicelabs.saffron.corpus.CorpusFullVerificationTest" time="5.136">
    <system-out><![CDATA[
=== Verifying: debian-12-generic-amd64.qcow2 ===
Expected: 24257 files, 3004 dirs, 2 filesystems
Actual:   24257 files (0 hidden+system), 3004 dirs, 2 filesystems (2 mounted, 0 detected)
File count matches exactly
PASSED
]]></system-out>
  </testcase>
  <testcase name="verifyAllCorpusImages" classname="io.spicelabs.saffron.corpus.CorpusFullVerificationTest" time="0.16">
    <system-out><![CDATA[
=== Verifying: debian-12-genericcloud-amd64.raw ===
Expected: 21356 files, 2345 dirs, 2 filesystems
Actual:   21356 files (0 hidden+system), 2345 dirs, 2 filesystems (2 mounted, 0 detected)
File count matches exactly
PASSED
]]></system-out>
  </testcase>
  <testcase name="verifyAllCorpusImages" classname="io.spicelabs.saffron.corpus.CorpusFullVerificationTest" time="0.15">
    <system-out><![CDATA[
=== Verifying: debian-12-vbox.vdi ===
Expected: 27293 files, 3601 dirs, 6 filesystems
Actual:   27293 files (0 hidden+system), 3601 dirs, 6 filesystems (5 mounted, 1 detected)
File count matches exactly
PASSED
]]></system-out>
  </testcase>
  <testcase name="verifyAllCorpusImages" classname="io.spicelabs.saffron.corpus.CorpusFullVerificationTest" time="19.613">
    <system-out><![CDATA[
=== Verifying: almalinux-9-genericcloud-amd64.qcow2:/dev/sda4 ===
  Expected: 23383 files, 3693 dirs, xfs fs
  Looking for partition index 3 (device: /dev/sda4)
  Found 3 filesystem locations
    Checking partition index 1 (EFI System)
    Checking partition index 2 (Linux Filesystem)
    Checking partition index 3 (Linux Filesystem)
  Found partition /dev/sda4 at index 3
PASSED
]]></system-out>
  </testcase>
  <testcase name="verifyAllCorpusImages" classname="io.spicelabs.saffron.corpus.CorpusFullVerificationTest" time="67.879">
    <system-out><![CDATA[
=== Verifying: debian-11-generic-amd64.qcow2:/dev/sda15 ===
  Expected: 8 files, 4 dirs, vfat fs
  Looking for partition index 14 (device: /dev/sda15)
  Found 2 filesystem locations
    Checking partition index 0 (Linux root (x86-64))
    Checking partition index 14 (EFI System)
  Found partition /dev/sda15 at index 14
  Actual files: 8 (0 hidden+system, 8 visible)
  Actual dirs: 4 (visible: 4)
PASSED
]]></system-out>
    <system-err><![CDATA[[dbg] advance: inline=true compressed=false numBytes=0 ramBytes=1445 diskNum=0 diskBytenr=0 offset=0 inlineLen=1445 extentStart=0 pos=0
[dbg] advance: inline=true compressed=false numBytes=0 ramBytes=2 diskNum=0 diskBytenr=0 offset=0 inlineLen=2 extentStart=0 pos=0
]]></system-err>
  </testcase>
  <testcase name="verifyAllCorpusImages" classname="io.spicelabs.saffron.corpus.CorpusFullVerificationTest" time="3.03">
    <system-out><![CDATA[
=== Verifying: debian-11-nocloud.qcow2:/dev/sda1 ===
  Expected: 19943 files, 2610 dirs, ext4 fs
  Looking for partition index 0 (device: /dev/sda1)
  Found 2 filesystem locations
    Checking partition index 0 (Linux root (x86-64))
  Found partition /dev/sda1 at index 0
Expected: 363606 files, 37722 dirs, 6 filesystems
Actual:   363606 files (0 hidden+system), 37722 dirs, 6 filesystems (5 mounted, 1 detected)
File count matches exactly
PASSED
]]></system-out>
  </testcase>
  <testcase name="verifyAllCorpusImages" classname="io.spicelabs.saffron.corpus.CorpusFullVerificationTest" time="1.277">
    <system-out><![CDATA[
=== Verifying: linuxmint-21-vbox.vdi ===
  Actual files: 19943
Expected: 215229 files, 20985 dirs, 3 filesystems
Actual:   215229 files (0 hidden+system), 20985 dirs, 3 filesystems (2 mounted, 1 detected)
File count matches exactly
PASSED
]]></system-out>
  </testcase>
  <testcase name="verifyAllCorpusImages" classname="io.spicelabs.saffron.corpus.CorpusFullVerificationTest" time="1.043">
    <system-out><![CDATA[
=== Verifying: lubuntu-23.04-vbox.vdi ===
Expected: 203768 files, 14463 dirs, 1 filesystems
Actual:   203768 files (0 hidden+system), 14463 dirs, 1 filesystems (1 mounted, 0 detected)
File count matches exactly
PASSED
]]></system-out>
  </testcase>
  <testcase name="verifyAllCorpusImages" classname="io.spicelabs.saffron.corpus.CorpusFullVerificationTest" time="5.061">
    <system-out><![CDATA[
=== Verifying: debian-11-nocloud.qcow2:/dev/sda15 ===
  Expected: 8 files, 4 dirs, vfat fs
  Looking for partition index 14 (device: /dev/sda15)
  Found 2 filesystem locations
    Checking partition index 0 (Linux root (x86-64))
    Checking partition index 14 (EFI System)
  Found partition /dev/sda15 at index 14
  Actual files: 8 (0 hidden+system, 8 visible)
  Actual dirs: 4 (visible: 4)
Expected: 21401 files, 2769 dirs, 2 filesystems
Actual:   21401 files (0 hidden+system), 2769 dirs, 2 filesystems (2 mounted, 0 detected)
File count matches exactly
PASSED
]]></system-out>
  </testcase>
  <testcase name="verifyAllCorpusImages" classname="io.spicelabs.saffron.corpus.CorpusFullVerificationTest" time="10.948">
    <system-out><![CDATA[
=== Verifying: devuan-3.1-vmware.vmdk:/dev/devuan310-vg/root ===
  Expected: 101924 files, 13771 dirs, ext4 fs
  Found LVM LV /dev/devuan310-vg/root (name: root)
  Actual files: 38043
Expected: 49626 files, 5985 dirs, 2 filesystems
Actual:   49626 files (0 hidden+system), 5985 dirs, 2 filesystems (2 mounted, 0 detected)
File count matches exactly
PASSED
]]></system-out>
  </testcase>
  <testcase name="verifyAllCorpusImages" classname="io.spicelabs.saffron.corpus.CorpusFullVerificationTest" time="4.431">
    <system-out><![CDATA[
=== Verifying: oracle-linux-9-amd64.qcow2 ===
Expected: 22960 files, 4819 dirs, 3 filesystems
Actual:   22960 files (0 hidden+system), 4819 dirs, 3 filesystems (2 mounted, 1 detected)
File count matches exactly
PASSED
]]></system-out>
  </testcase>
  <testcase name="verifyAllCorpusImages" classname="io.spicelabs.saffron.corpus.CorpusFullVerificationTest" time="2.393">
    <system-out><![CDATA[
=== Verifying: photon-5.0-x86_64.vmdk ===
Expected: 13779 files, 1428 dirs, 2 filesystems
Actual:   13779 files (0 hidden+system), 1428 dirs, 2 filesystems (2 mounted, 0 detected)
File count matches exactly
PASSED
]]></system-out>
  </testcase>
  <testcase name="verifyAllCorpusImages" classname="io.spicelabs.saffron.corpus.CorpusFullVerificationTest" time="6.767">
    <system-out><![CDATA[
=== Verifying: rocky-8-cloud-amd64.qcow2 ===
Expected: 26667 files, 2119 dirs, 4 filesystems
Actual:   26667 files (0 hidden+system), 2119 dirs, 4 filesystems (4 mounted, 0 detected)
File count matches exactly
  Actual files: 101924
Expected: 31596 files, 5685 dirs, 3 filesystems
Actual:   31596 files (0 hidden+system), 5685 dirs, 3 filesystems (3 mounted, 0 detected)
File count matches exactly
PASSED
]]></system-out>
    <system-err><![CDATA[[dbg] advance: inline=false compressed=true numBytes=131072 ramBytes=131072 diskNum=61440 diskBytenr=80785408 offset=0 inlineLen=-1 extentStart=0 pos=0
[dbg] advance: inline=false compressed=true numBytes=131072 ramBytes=131072 diskNum=73728 diskBytenr=38572032 offset=0 inlineLen=-1 extentStart=131072 pos=131072
[dbg] advance: inline=false compressed=true numBytes=131072 ramBytes=131072 diskNum=73728 diskBytenr=38645760 offset=0 inlineLen=-1 extentStart=262144 pos=262144
[dbg] advance: inline=false compressed=true numBytes=131072 ramBytes=131072 diskNum=65536 diskBytenr=38719488 offset=0 inlineLen=-1 extentStart=393216 pos=393216
[dbg] advance: inline=false compressed=true numBytes=131072 ramBytes=131072 diskNum=61440 diskBytenr=80846848 offset=0 inlineLen=-1 extentStart=524288 pos=524288
[dbg] advance: inline=false compressed=true numBytes=131072 ramBytes=131072 diskNum=61440 diskBytenr=38785024 offset=0 inlineLen=-1 extentStart=655360 pos=655360
[dbg] advance: inline=false compressed=true numBytes=131072 ramBytes=131072 diskNum=57344 diskBytenr=38846464 offset=0 inlineLen=-1 extentStart=786432 pos=786432
[dbg] advance: inline=false compressed=true numBytes=131072 ramBytes=131072 diskNum=57344 diskBytenr=38903808 offset=0 inlineLen=-1 extentStart=917504 pos=917504
[dbg] advance: inline=false compressed=true numBytes=131072 ramBytes=131072 diskNum=61440 diskBytenr=80908288 offset=0 inlineLen=-1 extentStart=1048576 pos=1048576
[dbg] advance: inline=false compressed=true numBytes=131072 ramBytes=131072 diskNum=61440 diskBytenr=38961152 offset=0 inlineLen=-1 extentStart=1179648 pos=1179648
[dbg] advance: inline=false compressed=true numBytes=131072 ramBytes=131072 diskNum=61440 diskBytenr=39022592 offset=0 inlineLen=-1 extentStart=1310720 pos=1310720
[dbg] advance: inline=false compressed=true numBytes=131072 ramBytes=131072 diskNum=57344 diskBytenr=39084032 offset=0 inlineLen=-1 extentStart=1441792 pos=1441792
[dbg] advance: inline=false compressed=true numBytes=131072 ramBytes=131072 diskNum=65536 diskBytenr=80969728 offset=0 inlineLen=-1 extentStart=1572864 pos=1572864
[dbg] advance: inline=false compressed=true numBytes=131072 ramBytes=131072 diskNum=57344 diskBytenr=39145472 offset=0 inlineLen=-1 extentStart=1703936 pos=1703936
[dbg] advance: inline=false compressed=true numBytes=131072 ramBytes=131072 diskNum=57344 diskBytenr=39202816 offset=0 inlineLen=-1 extentStart=1835008 pos=1835008
[dbg] advance: inline=false compressed=true numBytes=131072 ramBytes=131072 diskNum=61440 diskBytenr=39260160 offset=0 inlineLen=-1 extentStart=1966080 pos=1966080
[dbg] advance: inline=false compressed=true numBytes=131072 ramBytes=131072 diskNum=57344 diskBytenr=81035264 offset=0 inlineLen=-1 extentStart=2097152 pos=2097152
[dbg] advance: inline=false compressed=true numBytes=131072 ramBytes=131072 diskNum=53248 diskBytenr=39321600 offset=0 inlineLen=-1 extentStart=2228224 pos=2228224
[dbg] advance: inline=false compressed=true numBytes=131072 ramBytes=131072 diskNum=61440 diskBytenr=39374848 offset=0 inlineLen=-1 extentStart=2359296 pos=2359296
[dbg] advance: inline=false compressed=true numBytes=131072 ramBytes=131072 diskNum=53248 diskBytenr=39436288 offset=0 inlineLen=-1 extentStart=2490368 pos=2490368
[dbg] advance: inline=false compressed=true numBytes=131072 ramBytes=131072 diskNum=61440 diskBytenr=81092608 offset=0 inlineLen=-1 extentStart=2621440 pos=2621440
[dbg] advance: inline=false compressed=false numBytes=393216 ramBytes=393216 diskNum=393216 diskBytenr=39489536 offset=0 inlineLen=-1 extentStart=2752512 pos=2752512
[dbg] advance: inline=false compressed=true numBytes=131072 ramBytes=131072 diskNum=65536 diskBytenr=81154048 offset=0 inlineLen=-1 extentStart=3145728 pos=3145728
[dbg] advance: inline=false compressed=true numBytes=131072 ramBytes=131072 diskNum=65536 diskBytenr=39882752 offset=0 inlineLen=-1 extentStart=3276800 pos=3276800
[dbg] advance: inline=false compressed=true numBytes=131072 ramBytes=131072 diskNum=65536 diskBytenr=39948288 offset=0 inlineLen=-1 extentStart=3407872 pos=3407872
[dbg] advance: inline=false compressed=true numBytes=131072 ramBytes=131072 diskNum=61440 diskBytenr=40013824 offset=0 inlineLen=-1 extentStart=3538944 pos=3538944
[dbg] advance: inline=false compressed=true numBytes=131072 ramBytes=131072 diskNum=32768 diskBytenr=81219584 offset=0 inlineLen=-1 extentStart=3670016 pos=3670016
[dbg] advance: inline=false compressed=true numBytes=131072 ramBytes=131072 diskNum=24576 diskBytenr=40075264 offset=0 inlineLen=-1 extentStart=3801088 pos=3801088
[dbg] advance: inline=false compressed=true numBytes=131072 ramBytes=131072 diskNum=53248 diskBytenr=40099840 offset=0 inlineLen=-1 extentStart=3932160 pos=3932160
[dbg] advance: inline=false compressed=true numBytes=131072 ramBytes=131072 diskNum=53248 diskBytenr=40153088 offset=0 inlineLen=-1 extentStart=4063232 pos=4063232
[dbg] advance: inline=false compressed=true numBytes=131072 ramBytes=131072 diskNum=45056 diskBytenr=81252352 offset=0 inlineLen=-1 extentStart=4194304 pos=4194304
[dbg] advance: inline=false compressed=true numBytes=131072 ramBytes=131072 diskNum=57344 diskBytenr=40206336 offset=0 inlineLen=-1 extentStart=4325376 pos=4325376
[dbg] advance: inline=false compressed=true numBytes=131072 ramBytes=131072 diskNum=40960 diskBytenr=40263680 offset=0 inlineLen=-1 extentStart=4456448 pos=4456448
[dbg] advance: inline=false compressed=true numBytes=131072 ramBytes=131072 diskNum=40960 diskBytenr=40304640 offset=0 inlineLen=-1 extentStart=4587520 pos=4587520
[dbg] advance: inline=false compressed=true numBytes=131072 ramBytes=131072 diskNum=49152 diskBytenr=81297408 offset=0 inlineLen=-1 extentStart=4718592 pos=4718592
[dbg] advance: inline=false compressed=true numBytes=131072 ramBytes=131072 diskNum=57344 diskBytenr=40345600 offset=0 inlineLen=-1 extentStart=4849664 pos=4849664
[dbg] advance: inline=false compressed=true numBytes=131072 ramBytes=131072 diskNum=45056 diskBytenr=40402944 offset=0 inlineLen=-1 extentStart=4980736 pos=4980736
[dbg] advance: inline=false compressed=true numBytes=131072 ramBytes=131072 diskNum=36864 diskBytenr=40448000 offset=0 inlineLen=-1 extentStart=5111808 pos=5111808
[dbg] advance: inline=false compressed=true numBytes=131072 ramBytes=131072 diskNum=53248 diskBytenr=81346560 offset=0 inlineLen=-1 extentStart=5242880 pos=5242880
[dbg] advance: inline=false compressed=true numBytes=131072 ramBytes=131072 diskNum=45056 diskBytenr=40484864 offset=0 inlineLen=-1 extentStart=5373952 pos=5373952
[dbg] advance: inline=false compressed=true numBytes=131072 ramBytes=131072 diskNum=53248 diskBytenr=40529920 offset=0 inlineLen=-1 extentStart=5505024 pos=5505024
[dbg] advance: inline=false compressed=true numBytes=131072 ramBytes=131072 diskNum=57344 diskBytenr=40583168 offset=0 inlineLen=-1 extentStart=5636096 pos=5636096
[dbg] advance: inline=false compressed=true numBytes=131072 ramBytes=131072 diskNum=57344 diskBytenr=81399808 offset=0 inlineLen=-1 extentStart=5767168 pos=5767168
[dbg] advance: inline=false compressed=true numBytes=131072 ramBytes=131072 diskNum=61440 diskBytenr=40640512 offset=0 inlineLen=-1 extentStart=5898240 pos=5898240
[dbg] advance: inline=false compressed=true numBytes=131072 ramBytes=131072 diskNum=61440 diskBytenr=40701952 offset=0 inlineLen=-1 extentStart=6029312 pos=6029312
[dbg] advance: inline=false compressed=true numBytes=131072 ramBytes=131072 diskNum=32768 diskBytenr=40763392 offset=0 inlineLen=-1 extentStart=6160384 pos=6160384
[dbg] advance: inline=false compressed=true numBytes=131072 ramBytes=131072 diskNum=24576 diskBytenr=81457152 offset=0 inlineLen=-1 extentStart=6291456 pos=6291456
[dbg] advance: inline=false compressed=true numBytes=131072 ramBytes=131072 diskNum=28672 diskBytenr=40800256 offset=0 inlineLen=-1 extentStart=6422528 pos=6422528
[dbg] advance: inline=false compressed=true numBytes=131072 ramBytes=131072 diskNum=28672 diskBytenr=40828928 offset=0 inlineLen=-1 extentStart=6553600 pos=6553600
[dbg] advance: inline=false compressed=true numBytes=131072 ramBytes=131072 diskNum=45056 diskBytenr=40857600 offset=0 inlineLen=-1 extentStart=6684672 pos=6684672
[dbg] advance: inline=false compressed=true numBytes=131072 ramBytes=131072 diskNum=45056 diskBytenr=81481728 offset=0 inlineLen=-1 extentStart=6815744 pos=6815744
[dbg] advance: inline=false compressed=true numBytes=131072 ramBytes=131072 diskNum=57344 diskBytenr=40902656 offset=0 inlineLen=-1 extentStart=6946816 pos=6946816
[dbg] advance: inline=false compressed=true numBytes=131072 ramBytes=131072 diskNum=61440 diskBytenr=40960000 offset=0 inlineLen=-1 extentStart=7077888 pos=7077888
[dbg] advance: inline=false compressed=true numBytes=131072 ramBytes=131072 diskNum=53248 diskBytenr=41021440 offset=0 inlineLen=-1 extentStart=7208960 pos=7208960
[dbg] advance: inline=false compressed=true numBytes=131072 ramBytes=131072 diskNum=53248 diskBytenr=81526784 offset=0 inlineLen=-1 extentStart=7340032 pos=7340032
[dbg] advance: inline=false compressed=true numBytes=131072 ramBytes=131072 diskNum=36864 diskBytenr=41074688 offset=0 inlineLen=-1 extentStart=7471104 pos=7471104
[dbg] advance: inline=false compressed=true numBytes=131072 ramBytes=131072 diskNum=57344 diskBytenr=41111552 offset=0 inlineLen=-1 extentStart=7602176 pos=7602176
[dbg] advance: inline=false compressed=true numBytes=131072 ramBytes=131072 diskNum=57344 diskBytenr=41168896 offset=0 inlineLen=-1 extentStart=7733248 pos=7733248
[dbg] advance: inline=false compressed=true numBytes=131072 ramBytes=131072 diskNum=57344 diskBytenr=81580032 offset=0 inlineLen=-1 extentStart=7864320 pos=7864320
[dbg] advance: inline=false compressed=true numBytes=131072 ramBytes=131072 diskNum=32768 diskBytenr=41226240 offset=0 inlineLen=-1 extentStart=7995392 pos=7995392
[dbg] advance: inline=false compressed=true numBytes=131072 ramBytes=131072 diskNum=53248 diskBytenr=41259008 offset=0 inlineLen=-1 extentStart=8126464 pos=8126464
[dbg] advance: inline=false compressed=true numBytes=131072 ramBytes=131072 diskNum=49152 diskBytenr=41312256 offset=0 inlineLen=-1 extentStart=8257536 pos=8257536
[dbg] advance: inline=false compressed=true numBytes=131072 ramBytes=131072 diskNum=61440 diskBytenr=81637376 offset=0 inlineLen=-1 extentStart=8388608 pos=8388608
[dbg] advance: inline=false compressed=true numBytes=131072 ramBytes=131072 diskNum=53248 diskBytenr=41365504 offset=0 inlineLen=-1 extentStart=8519680 pos=8519680
[dbg] advance: inline=false compressed=true numBytes=131072 ramBytes=131072 diskNum=45056 diskBytenr=41418752 offset=0 inlineLen=-1 extentStart=8650752 pos=8650752
[dbg] advance: inline=false compressed=true numBytes=131072 ramBytes=131072 diskNum=53248 diskBytenr=41463808 offset=0 inlineLen=-1 extentStart=8781824 pos=8781824
[dbg] advance: inline=false compressed=true numBytes=131072 ramBytes=131072 diskNum=45056 diskBytenr=81698816 offset=0 inlineLen=-1 extentStart=8912896 pos=8912896
[dbg] advance: inline=false compressed=true numBytes=131072 ramBytes=131072 diskNum=40960 diskBytenr=41517056 offset=0 inlineLen=-1 extentStart=9043968 pos=9043968
[dbg] advance: inline=false compressed=true numBytes=131072 ramBytes=131072 diskNum=45056 diskBytenr=41558016 offset=0 inlineLen=-1 extentStart=9175040 pos=9175040
[dbg] advance: inline=false compressed=true numBytes=131072 ramBytes=131072 diskNum=45056 diskBytenr=41603072 offset=0 inlineLen=-1 extentStart=9306112 pos=9306112
[dbg] advance: inline=false compressed=true numBytes=131072 ramBytes=131072 diskNum=45056 diskBytenr=81743872 offset=0 inlineLen=-1 extentStart=9437184 pos=9437184
[dbg] advance: inline=false compressed=true numBytes=131072 ramBytes=131072 diskNum=45056 diskBytenr=41648128 offset=0 inlineLen=-1 extentStart=9568256 pos=9568256
[dbg] advance: inline=false compressed=true numBytes=131072 ramBytes=131072 diskNum=49152 diskBytenr=41693184 offset=0 inlineLen=-1 extentStart=9699328 pos=9699328
[dbg] advance: inline=false compressed=true numBytes=131072 ramBytes=131072 diskNum=20480 diskBytenr=41742336 offset=0 inlineLen=-1 extentStart=9830400 pos=9830400
[dbg] advance: inline=false compressed=true numBytes=131072 ramBytes=131072 diskNum=24576 diskBytenr=81788928 offset=0 inlineLen=-1 extentStart=9961472 pos=9961472
[dbg] advance: inline=false compressed=true numBytes=131072 ramBytes=131072 diskNum=24576 diskBytenr=41762816 offset=0 inlineLen=-1 extentStart=10092544 pos=10092544
[dbg] advance: inline=false compressed=true numBytes=131072 ramBytes=131072 diskNum=24576 diskBytenr=41787392 offset=0 inlineLen=-1 extentStart=10223616 pos=10223616
[dbg] advance: inline=false compressed=true numBytes=131072 ramBytes=131072 diskNum=24576 diskBytenr=41811968 offset=0 inlineLen=-1 extentStart=10354688 pos=10354688
[dbg] advance: inline=false compressed=true numBytes=131072 ramBytes=131072 diskNum=24576 diskBytenr=81813504 offset=0 inlineLen=-1 extentStart=10485760 pos=10485760
[dbg] advance: inline=false compressed=true numBytes=131072 ramBytes=131072 diskNum=24576 diskBytenr=41836544 offset=0 inlineLen=-1 extentStart=10616832 pos=10616832
[dbg] advance: inline=false compressed=true numBytes=131072 ramBytes=131072 diskNum=24576 diskBytenr=41861120 offset=0 inlineLen=-1 extentStart=10747904 pos=10747904
[dbg] advance: inline=false compressed=true numBytes=131072 ramBytes=131072 diskNum=24576 diskBytenr=41885696 offset=0 inlineLen=-1 extentStart=10878976 pos=10878976
[dbg] advance: inline=false compressed=true numBytes=131072 ramBytes=131072 diskNum=24576 diskBytenr=81838080 offset=0 inlineLen=-1 extentStart=11010048 pos=11010048
[dbg] advance: inline=false compressed=true numBytes=131072 ramBytes=131072 diskNum=24576 diskBytenr=41910272 offset=0 inlineLen=-1 extentStart=11141120 pos=11141120
[dbg] advance: inline=false compressed=true numBytes=131072 ramBytes=131072 diskNum=24576 diskBytenr=41934848 offset=0 inlineLen=-1 extentStart=11272192 pos=11272192
[dbg] advance: inline=false compressed=true numBytes=131072 ramBytes=131072 diskNum=24576 diskBytenr=41959424 offset=0 inlineLen=-1 extentStart=11403264 pos=11403264
[dbg] advance: inline=false compressed=true numBytes=131072 ramBytes=131072 diskNum=24576 diskBytenr=81862656 offset=0 inlineLen=-1 extentStart=11534336 pos=11534336
[dbg] advance: inline=false compressed=true numBytes=131072 ramBytes=131072 diskNum=24576 diskBytenr=41984000 offset=0 inlineLen=-1 extentStart=11665408 pos=11665408
[dbg] advance: inline=false compressed=true numBytes=131072 ramBytes=131072 diskNum=57344 diskBytenr=42008576 offset=0 inlineLen=-1 extentStart=11796480 pos=11796480
[dbg] advance: inline=false compressed=true numBytes=131072 ramBytes=131072 diskNum=45056 diskBytenr=42065920 offset=0 inlineLen=-1 extentStart=11927552 pos=11927552
[dbg] advance: inline=false compressed=true numBytes=131072 ramBytes=131072 diskNum=32768 diskBytenr=81887232 offset=0 inlineLen=-1 extentStart=12058624 pos=12058624
[dbg] advance: inline=false compressed=true numBytes=131072 ramBytes=131072 diskNum=28672 diskBytenr=42110976 offset=0 inlineLen=-1 extentStart=12189696 pos=12189696
[dbg] advance: inline=false compressed=true numBytes=131072 ramBytes=131072 diskNum=28672 diskBytenr=42139648 offset=0 inlineLen=-1 extentStart=12320768 pos=12320768
[dbg] advance: inline=false compressed=true numBytes=131072 ramBytes=131072 diskNum=28672 diskBytenr=42168320 offset=0 inlineLen=-1 extentStart=12451840 pos=12451840
[dbg] advance: inline=false compressed=true numBytes=131072 ramBytes=131072 diskNum=32768 diskBytenr=81920000 offset=0 inlineLen=-1 extentStart=12582912 pos=12582912
[dbg] advance: inline=false compressed=true numBytes=131072 ramBytes=131072 diskNum=32768 diskBytenr=42196992 offset=0 inlineLen=-1 extentStart=12713984 pos=12713984
[dbg] advance: inline=false compressed=true numBytes=131072 ramBytes=131072 diskNum=28672 diskBytenr=42229760 offset=0 inlineLen=-1 extentStart=12845056 pos=12845056
[dbg] advance: inline=false compressed=true numBytes=131072 ramBytes=131072 diskNum=36864 diskBytenr=42258432 offset=0 inlineLen=-1 extentStart=12976128 pos=12976128
[dbg] advance: inline=false compressed=true numBytes=131072 ramBytes=131072 diskNum=32768 diskBytenr=81952768 offset=0 inlineLen=-1 extentStart=13107200 pos=13107200
[dbg] advance: inline=false compressed=true numBytes=131072 ramBytes=131072 diskNum=36864 diskBytenr=42295296 offset=0 inlineLen=-1 extentStart=13238272 pos=13238272
[dbg] advance: inline=false compressed=true numBytes=131072 ramBytes=131072 diskNum=40960 diskBytenr=42332160 offset=0 inlineLen=-1 extentStart=13369344 pos=13369344
[dbg] advance: inline=false compressed=true numBytes=131072 ramBytes=131072 diskNum=45056 diskBytenr=42373120 offset=0 inlineLen=-1 extentStart=13500416 pos=13500416
[dbg] advance: inline=false compressed=true numBytes=131072 ramBytes=131072 diskNum=49152 diskBytenr=81985536 offset=0 inlineLen=-1 extentStart=13631488 pos=13631488
[dbg] advance: inline=false compressed=true numBytes=131072 ramBytes=131072 diskNum=45056 diskBytenr=42418176 offset=0 inlineLen=-1 extentStart=13762560 pos=13762560
[dbg] advance: inline=false compressed=true numBytes=131072 ramBytes=131072 diskNum=36864 diskBytenr=42463232 offset=0 inlineLen=-1 extentStart=13893632 pos=13893632
[dbg] advance: inline=false compressed=true numBytes=131072 ramBytes=131072 diskNum=36864 diskBytenr=42500096 offset=0 inlineLen=-1 extentStart=14024704 pos=14024704
[dbg] advance: inline=false compressed=true numBytes=131072 ramBytes=131072 diskNum=24576 diskBytenr=82034688 offset=0 inlineLen=-1 extentStart=14155776 pos=14155776
[dbg] advance: inline=false compressed=true numBytes=131072 ramBytes=131072 diskNum=24576 diskBytenr=42536960 offset=0 inlineLen=-1 extentStart=14286848 pos=14286848
[dbg] advance: inline=false compressed=true numBytes=131072 ramBytes=131072 diskNum=16384 diskBytenr=42561536 offset=0 inlineLen=-1 extentStart=14417920 pos=14417920
[dbg] advance: inline=false compressed=true numBytes=131072 ramBytes=131072 diskNum=16384 diskBytenr=42577920 offset=0 inlineLen=-1 extentStart=14548992 pos=14548992
[dbg] advance: inline=false compressed=true numBytes=131072 ramBytes=131072 diskNum=12288 diskBytenr=82059264 offset=0 inlineLen=-1 extentStart=14680064 pos=14680064
[dbg] advance: inline=false compressed=true numBytes=131072 ramBytes=131072 diskNum=16384 diskBytenr=42594304 offset=0 inlineLen=-1 extentStart=14811136 pos=14811136
[dbg] advance: inline=false compressed=true numBytes=131072 ramBytes=131072 diskNum=16384 diskBytenr=42610688 offset=0 inlineLen=-1 extentStart=14942208 pos=14942208
[dbg] advance: inline=false compressed=true numBytes=131072 ramBytes=131072 diskNum=16384 diskBytenr=42627072 offset=0 inlineLen=-1 extentStart=15073280 pos=15073280
[dbg] advance: inline=false compressed=true numBytes=131072 ramBytes=131072 diskNum=16384 diskBytenr=82071552 offset=0 inlineLen=-1 extentStart=15204352 pos=15204352
[dbg] advance: inline=false compressed=true numBytes=131072 ramBytes=131072 diskNum=24576 diskBytenr=42647552 offset=0 inlineLen=-1 extentStart=15335424 pos=15335424
[dbg] advance: inline=false compressed=true numBytes=131072 ramBytes=131072 diskNum=20480 diskBytenr=42672128 offset=0 inlineLen=-1 extentStart=15466496 pos=15466496
[dbg] advance: inline=false compressed=true numBytes=131072 ramBytes=131072 diskNum=73728 diskBytenr=42692608 offset=0 inlineLen=-1 extentStart=15597568 pos=15597568
[dbg] advance: inline=false compressed=true numBytes=131072 ramBytes=131072 diskNum=86016 diskBytenr=82087936 offset=0 inlineLen=-1 extentStart=15728640 pos=15728640
[dbg] advance: inline=false compressed=true numBytes=131072 ramBytes=131072 diskNum=86016 diskBytenr=42766336 offset=0 inlineLen=-1 extentStart=15859712 pos=15859712
[dbg] advance: inline=false compressed=true numBytes=131072 ramBytes=131072 diskNum=86016 diskBytenr=42852352 offset=0 inlineLen=-1 extentStart=15990784 pos=15990784
[dbg] advance: inline=false compressed=true numBytes=131072 ramBytes=131072 diskNum=90112 diskBytenr=42938368 offset=0 inlineLen=-1 extentStart=16121856 pos=16121856
[dbg] advance: inline=false compressed=true numBytes=131072 ramBytes=131072 diskNum=86016 diskBytenr=82173952 offset=0 inlineLen=-1 extentStart=16252928 pos=16252928
[dbg] advance: inline=false compressed=true numBytes=131072 ramBytes=131072 diskNum=73728 diskBytenr=43028480 offset=0 inlineLen=-1 extentStart=16384000 pos=16384000
[dbg] advance: inline=false compressed=true numBytes=131072 ramBytes=131072 diskNum=90112 diskBytenr=43102208 offset=0 inlineLen=-1 extentStart=16515072 pos=16515072
[dbg] advance: inline=false compressed=true numBytes=131072 ramBytes=131072 diskNum=86016 diskBytenr=43192320 offset=0 inlineLen=-1 extentStart=16646144 pos=16646144
[dbg] advance: inline=false compressed=true numBytes=131072 ramBytes=131072 diskNum=81920 diskBytenr=82259968 offset=0 inlineLen=-1 extentStart=16777216 pos=16777216
[dbg] advance: inline=false compressed=true numBytes=131072 ramBytes=131072 diskNum=81920 diskBytenr=43278336 offset=0 inlineLen=-1 extentStart=16908288 pos=16908288
[dbg] advance: inline=false compressed=true numBytes=131072 ramBytes=131072 diskNum=86016 diskBytenr=43360256 offset=0 inlineLen=-1 extentStart=17039360 pos=17039360
[dbg] advance: inline=false compressed=true numBytes=131072 ramBytes=131072 diskNum=81920 diskBytenr=43446272 offset=0 inlineLen=-1 extentStart=17170432 pos=17170432
[dbg] advance: inline=false compressed=true numBytes=131072 ramBytes=131072 diskNum=69632 diskBytenr=82341888 offset=0 inlineLen=-1 extentStart=17301504 pos=17301504
[dbg] advance: inline=false compressed=true numBytes=131072 ramBytes=131072 diskNum=86016 diskBytenr=43528192 offset=0 inlineLen=-1 extentStart=17432576 pos=17432576
[dbg] advance: inline=false compressed=true numBytes=131072 ramBytes=131072 diskNum=65536 diskBytenr=43614208 offset=0 inlineLen=-1 extentStart=17563648 pos=17563648
[dbg] advance: inline=false compressed=true numBytes=131072 ramBytes=131072 diskNum=86016 diskBytenr=43679744 offset=0 inlineLen=-1 extentStart=17694720 pos=17694720
[dbg] advance: inline=false compressed=true numBytes=131072 ramBytes=131072 diskNum=102400 diskBytenr=82411520 offset=0 inlineLen=-1 extentStart=17825792 pos=17825792
[dbg] advance: inline=false compressed=true numBytes=131072 ramBytes=131072 diskNum=53248 diskBytenr=43765760 offset=0 inlineLen=-1 extentStart=17956864 pos=17956864
[dbg] advance: inline=false compressed=true numBytes=131072 ramBytes=131072 diskNum=45056 diskBytenr=43819008 offset=0 inlineLen=-1 extentStart=18087936 pos=18087936
[dbg] advance: inline=false compressed=true numBytes=131072 ramBytes=131072 diskNum=45056 diskBytenr=43864064 offset=0 inlineLen=-1 extentStart=18219008 pos=18219008
[dbg] advance: inline=false compressed=true numBytes=131072 ramBytes=131072 diskNum=49152 diskBytenr=82513920 offset=0 inlineLen=-1 extentStart=18350080 pos=18350080
[dbg] advance: inline=false compressed=true numBytes=131072 ramBytes=131072 diskNum=49152 diskBytenr=43909120 offset=0 inlineLen=-1 extentStart=18481152 pos=18481152
[dbg] advance: inline=false compressed=true numBytes=131072 ramBytes=131072 diskNum=53248 diskBytenr=43958272 offset=0 inlineLen=-1 extentStart=18612224 pos=18612224
[dbg] advance: inline=false compressed=true numBytes=131072 ramBytes=131072 diskNum=24576 diskBytenr=44011520 offset=0 inlineLen=-1 extentStart=18743296 pos=18743296
[dbg] advance: inline=false compressed=true numBytes=131072 ramBytes=131072 diskNum=40960 diskBytenr=82563072 offset=0 inlineLen=-1 extentStart=18874368 pos=18874368
[dbg] advance: inline=false compressed=true numBytes=131072 ramBytes=131072 diskNum=36864 diskBytenr=44040192 offset=0 inlineLen=-1 extentStart=19005440 pos=19005440
[dbg] advance: inline=false compressed=true numBytes=131072 ramBytes=131072 diskNum=40960 diskBytenr=44077056 offset=0 inlineLen=-1 extentStart=19136512 pos=19136512
[dbg] advance: inline=false compressed=true numBytes=131072 ramBytes=131072 diskNum=36864 diskBytenr=44118016 offset=0 inlineLen=-1 extentStart=19267584 pos=19267584
[dbg] advance: inline=false compressed=true numBytes=131072 ramBytes=131072 diskNum=45056 diskBytenr=82604032 offset=0 inlineLen=-1 extentStart=19398656 pos=19398656
[dbg] advance: inline=false compressed=true numBytes=131072 ramBytes=131072 diskNum=24576 diskBytenr=44154880 offset=0 inlineLen=-1 extentStart=19529728 pos=19529728
[dbg] advance: inline=false compressed=true numBytes=131072 ramBytes=131072 diskNum=40960 diskBytenr=44179456 offset=0 inlineLen=-1 extentStart=19660800 pos=19660800
[dbg] advance: inline=false compressed=true numBytes=131072 ramBytes=131072 diskNum=40960 diskBytenr=44220416 offset=0 inlineLen=-1 extentStart=19791872 pos=19791872
[dbg] advance: inline=false compressed=true numBytes=131072 ramBytes=131072 diskNum=49152 diskBytenr=82649088 offset=0 inlineLen=-1 extentStart=19922944 pos=19922944
[dbg] advance: inline=false compressed=true numBytes=131072 ramBytes=131072 diskNum=61440 diskBytenr=44261376 offset=0 inlineLen=-1 extentStart=20054016 pos=20054016
[dbg] advance: inline=false compressed=true numBytes=131072 ramBytes=131072 diskNum=61440 diskBytenr=44322816 offset=0 inlineLen=-1 extentStart=20185088 pos=20185088
[dbg] advance: inline=false compressed=false numBytes=131072 ramBytes=131072 diskNum=131072 diskBytenr=44384256 offset=0 inlineLen=-1 extentStart=20316160 pos=20316160
[dbg] advance: inline=false compressed=true numBytes=131072 ramBytes=131072 diskNum=28672 diskBytenr=82698240 offset=0 inlineLen=-1 extentStart=20447232 pos=20447232
[dbg] advance: inline=false compressed=true numBytes=36864 ramBytes=36864 diskNum=4096 diskBytenr=44515328 offset=0 inlineLen=-1 extentStart=20578304 pos=20578304
[dbg] advance: inline=false compressed=false numBytes=28672 ramBytes=28672 diskNum=28672 diskBytenr=201961472 offset=0 inlineLen=-1 extentStart=0 pos=0
[dbg] advance: inline=false compressed=true numBytes=8192 ramBytes=8192 diskNum=4096 diskBytenr=125218816 offset=0 inlineLen=-1 extentStart=0 pos=0
[dbg] advance: inline=false compressed=false numBytes=8192 ramBytes=8192 diskNum=8192 diskBytenr=199544832 offset=0 inlineLen=-1 extentStart=0 pos=0
[dbg] advance: inline=false compressed=true numBytes=16384 ramBytes=16384 diskNum=8192 diskBytenr=157106176 offset=0 inlineLen=-1 extentStart=0 pos=0
[dbg] advance: inline=true compressed=true numBytes=0 ramBytes=755 diskNum=0 diskBytenr=0 offset=0 inlineLen=388 extentStart=0 pos=0
[dbg] advance: inline=false compressed=true numBytes=8192 ramBytes=8192 diskNum=4096 diskBytenr=138657792 offset=0 inlineLen=-1 extentStart=0 pos=0
[dbg] advance: inline=true compressed=true numBytes=0 ramBytes=257 diskNum=0 diskBytenr=0 offset=0 inlineLen=121 extentStart=0 pos=0
[dbg] advance: inline=true compressed=true numBytes=0 ramBytes=891 diskNum=0 diskBytenr=0 offset=0 inlineLen=366 extentStart=0 pos=0
]]></system-err>
  </testcase>
  <testcase name="verifyAllCorpusImages" classname="io.spicelabs.saffron.corpus.CorpusFullVerificationTest" time="26.953">
    <system-out><![CDATA[
=== Verifying: rocky-9-cloud-amd64.qcow2 ===
PASSED
]]></system-out>
    <system-err><![CDATA[[dbg] advance: inline=true compressed=true numBytes=0 ramBytes=193 diskNum=0 diskBytenr=0 offset=0 inlineLen=154 extentStart=0 pos=0
[dbg] advance: inline=false compressed=true numBytes=20480 ramBytes=20480 diskNum=8192 diskBytenr=152821760 offset=0 inlineLen=-1 extentStart=0 pos=0
[dbg] advance: inline=false compressed=true numBytes=24576 ramBytes=24576 diskNum=8192 diskBytenr=149131264 offset=0 inlineLen=-1 extentStart=0 pos=0
[dbg] advance: inline=true compressed=true numBytes=0 ramBytes=2287 diskNum=0 diskBytenr=0 offset=0 inlineLen=1061 extentStart=0 pos=0
[dbg] advance: inline=false compressed=true numBytes=24576 ramBytes=24576 diskNum=8192 diskBytenr=137437184 offset=0 inlineLen=-1 extentStart=0 pos=0
[dbg] advance: inline=true compressed=true numBytes=0 ramBytes=1047 diskNum=0 diskBytenr=0 offset=0 inlineLen=419 extentStart=0 pos=0
[dbg] advance: inline=true compressed=true numBytes=0 ramBytes=283 diskNum=0 diskBytenr=0 offset=0 inlineLen=246 extentStart=0 pos=0
[dbg] advance: inline=false compressed=true numBytes=20480 ramBytes=20480 diskNum=4096 diskBytenr=126218240 offset=0 inlineLen=-1 extentStart=0 pos=0
[dbg] advance: inline=false compressed=false numBytes=4096 ramBytes=4096 diskNum=4096 diskBytenr=170225664 offset=0 inlineLen=-1 extentStart=0 pos=0
[dbg] advance: inline=false compressed=true numBytes=131072 ramBytes=131072 diskNum=57344 diskBytenr=340029440 offset=0 inlineLen=-1 extentStart=0 pos=0
[dbg] advance: inline=false compressed=true numBytes=131072 ramBytes=131072 diskNum=65536 diskBytenr=340086784 offset=0 inlineLen=-1 extentStart=131072 pos=131072
[dbg] advance: inline=false compressed=true numBytes=131072 ramBytes=131072 diskNum=69632 diskBytenr=340152320 offset=0 inlineLen=-1 extentStart=262144 pos=262144
[dbg] advance: inline=false compressed=true numBytes=131072 ramBytes=131072 diskNum=61440 diskBytenr=340221952 offset=0 inlineLen=-1 extentStart=393216 pos=393216
[dbg] advance: inline=false compressed=true numBytes=131072 ramBytes=131072 diskNum=61440 diskBytenr=340283392 offset=0 inlineLen=-1 extentStart=524288 pos=524288
[dbg] advance: inline=false compressed=true numBytes=131072 ramBytes=131072 diskNum=61440 diskBytenr=340344832 offset=0 inlineLen=-1 extentStart=655360 pos=655360
[dbg] advance: inline=false compressed=true numBytes=131072 ramBytes=131072 diskNum=69632 diskBytenr=340406272 offset=0 inlineLen=-1 extentStart=786432 pos=786432
[dbg] advance: inline=false compressed=true numBytes=131072 ramBytes=131072 diskNum=69632 diskBytenr=340475904 offset=0 inlineLen=-1 extentStart=917504 pos=917504
[dbg] advance: inline=false compressed=true numBytes=131072 ramBytes=131072 diskNum=65536 diskBytenr=340545536 offset=0 inlineLen=-1 extentStart=1048576 pos=1048576
[dbg] advance: inline=false compressed=true numBytes=131072 ramBytes=131072 diskNum=61440 diskBytenr=340611072 offset=0 inlineLen=-1 extentStart=1179648 pos=1179648
[dbg] advance: inline=false compressed=true numBytes=131072 ramBytes=131072 diskNum=73728 diskBytenr=340672512 offset=0 inlineLen=-1 extentStart=1310720 pos=1310720
[dbg] advance: inline=false compressed=true numBytes=131072 ramBytes=131072 diskNum=73728 diskBytenr=340746240 offset=0 inlineLen=-1 extentStart=1441792 pos=1441792
[dbg] advance: inline=false compressed=false numBytes=524288 ramBytes=524288 diskNum=524288 diskBytenr=340819968 offset=0 inlineLen=-1 extentStart=1572864 pos=1572864
[dbg] advance: inline=false compressed=true numBytes=131072 ramBytes=131072 diskNum=65536 diskBytenr=341344256 offset=0 inlineLen=-1 extentStart=2097152 pos=2097152
[dbg] advance: inline=false compressed=true numBytes=131072 ramBytes=131072 diskNum=73728 diskBytenr=341409792 offset=0 inlineLen=-1 extentStart=2228224 pos=2228224
[dbg] advance: inline=false compressed=false numBytes=262144 ramBytes=262144 diskNum=262144 diskBytenr=341483520 offset=0 inlineLen=-1 extentStart=2359296 pos=2359296
[dbg] advance: inline=false compressed=false numBytes=524288 ramBytes=524288 diskNum=524288 diskBytenr=341745664 offset=0 inlineLen=-1 extentStart=2621440 pos=2621440
[dbg] advance: inline=false compressed=false numBytes=524288 ramBytes=524288 diskNum=524288 diskBytenr=342269952 offset=0 inlineLen=-1 extentStart=3145728 pos=3145728
[dbg] advance: inline=false compressed=true numBytes=131072 ramBytes=131072 diskNum=32768 diskBytenr=342794240 offset=0 inlineLen=-1 extentStart=3670016 pos=3670016
[dbg] advance: inline=false compressed=true numBytes=131072 ramBytes=131072 diskNum=28672 diskBytenr=342827008 offset=0 inlineLen=-1 extentStart=3801088 pos=3801088
[dbg] advance: inline=false compressed=true numBytes=8192 ramBytes=8192 diskNum=4096 diskBytenr=312524800 offset=0 inlineLen=-1 extentStart=3932160 pos=3932160
[dbg] advance: inline=false compressed=true numBytes=20480 ramBytes=20480 diskNum=8192 diskBytenr=107352064 offset=0 inlineLen=-1 extentStart=0 pos=0
[dbg] advance: inline=true compressed=true numBytes=0 ramBytes=4096 diskNum=0 diskBytenr=0 offset=0 inlineLen=1376 extentStart=0 pos=0
[dbg] advance: inline=true compressed=true numBytes=0 ramBytes=114 diskNum=0 diskBytenr=0 offset=0 inlineLen=112 extentStart=0 pos=0
[dbg] advance: inline=true compressed=false numBytes=0 ramBytes=80 diskNum=0 diskBytenr=0 offset=0 inlineLen=80 extentStart=0 pos=0
]]></system-err>
  </testcase>
  <testcase name="verifyAllCorpusImages" classname="io.spicelabs.saffron.corpus.CorpusFullVerificationTest" time="8.457">
    <system-out><![CDATA[
=== Verifying: gentoo-openstack-amd64.qcow2 ===
Expected: 29516 files, 5091 dirs, 3 filesystems
Actual:   29516 files (0 hidden+system), 5091 dirs, 3 filesystems (3 mounted, 0 detected)
File count matches exactly
PASSED
]]></system-out>
  </testcase>
  <testcase name="verifyAllCorpusImages" classname="io.spicelabs.saffron.corpus.CorpusFullVerificationTest" time="6.934">
    <system-out><![CDATA[
=== Verifying: ubuntu-18.04-cloudimg-amd64.qcow2 ===
Expected: 73503 files, 4770 dirs, 2 filesystems
Actual:   73503 files (0 hidden+system), 4770 dirs, 2 filesystems (2 mounted, 0 detected)
File count matches exactly
PASSED
]]></system-out>
  </testcase>
  <testcase name="verifyAllCorpusImages" classname="io.spicelabs.saffron.corpus.CorpusFullVerificationTest" time="0.036">
    <system-out><![CDATA[
=== Verifying: hfsplus-test.dmg ===
Expected: 7 files, 4 dirs, 1 filesystems
Actual:   7 files (0 hidden+system), 5 dirs, 1 filesystems (1 mounted, 0 detected)
File count matches exactly
PASSED
]]></system-out>
  </testcase>
  <testcase name="verifyAllCorpusImages" classname="io.spicelabs.saffron.corpus.CorpusFullVerificationTest" time="2.003">
    <system-out><![CDATA[
=== Verifying: kali-2024.3-vbox.vdi ===
Expected: 363900 files, 37750 dirs, 6 filesystems
Actual:   363900 files (0 hidden+system), 37750 dirs, 6 filesystems (5 mounted, 1 detected)
File count matches exactly
PASSED
]]></system-out>
  </testcase>
  <testcase name="verifyAllCorpusImages" classname="io.spicelabs.saffron.corpus.CorpusFullVerificationTest" time="8.924">
    <system-out><![CDATA[
=== Verifying: opensuse-tumbleweed-cloud.qcow2 ===
Expected: 53457 files, 10143 dirs, 2 filesystems
Actual:   53457 files (0 hidden+system), 10143 dirs, 2 filesystems (2 mounted, 0 detected)
File count matches exactly
PASSED
]]></system-out>
  </testcase>
  <testcase name="verifyAllCorpusImages" classname="io.spicelabs.saffron.corpus.CorpusFullVerificationTest" time="0.598">
    <system-out><![CDATA[
=== Verifying: ubuntu-21.10-vbox.vdi ===
Expected: 16975 files, 3052 dirs, 2 filesystems
Actual:   16975 files (0 hidden+system), 3052 dirs, 2 filesystems (2 mounted, 0 detected)
File count matches exactly
Expected: 107232 files, 16855 dirs, 2 filesystems
Actual:   107232 files (0 hidden+system), 16855 dirs, 2 filesystems (1 mounted, 1 detected)
File count matches exactly
PASSED
]]></system-out>
  </testcase>
  <testcase name="verifyAllCorpusImages" classname="io.spicelabs.saffron.corpus.CorpusFullVerificationTest" time="4.074">
    <system-out><![CDATA[
=== Verifying: ubuntu-21.10-vmware.vmdk ===
PASSED
]]></system-out>
  </testcase>
  <testcase name="verifyAllCorpusImages" classname="io.spicelabs.saffron.corpus.CorpusFullVerificationTest" time="1.146">
    <system-out><![CDATA[
=== Verifying: rocky-9-minimal.qcow2 ===
Expected: 123511 files, 14426 dirs, 3 filesystems
Actual:   123511 files (0 hidden+system), 14426 dirs, 3 filesystems (2 mounted, 1 detected)
File count matches exactly
PASSED
]]></system-out>
  </testcase>
  <testcase name="verifyAllCorpusImages" classname="io.spicelabs.saffron.corpus.CorpusFullVerificationTest" time="8.873">
    <system-out><![CDATA[
=== Verifying: ubuntu-22.04-cloudimg-amd64.qcow2 ===
Expected: 29516 files, 5091 dirs, 3 filesystems
Actual:   29516 files (0 hidden+system), 5091 dirs, 3 filesystems (3 mounted, 0 detected)
File count matches exactly
Expected: 61368 files, 7772 dirs, 2 filesystems
Actual:   61368 files (0 hidden+system), 7772 dirs, 2 filesystems (2 mounted, 0 detected)
File count matches exactly
PASSED
]]></system-out>
  </testcase>
  <testcase name="verifyAllCorpusImages" classname="io.spicelabs.saffron.corpus.CorpusFullVerificationTest" time="10.902">
    <system-out><![CDATA[
=== Verifying: ubuntu-20.04-cloudimg-amd64.qcow2 ===
PASSED
]]></system-out>
  </testcase>
  <testcase name="verifyAllCorpusImages" classname="io.spicelabs.saffron.corpus.CorpusFullVerificationTest" time="0.823">
    <system-out><![CDATA[
=== Verifying: ubuntu-22.04-vbox.vdi ===
Expected: 128783 files, 15623 dirs, 3 filesystems
Actual:   128783 files (0 hidden+system), 15623 dirs, 3 filesystems (2 mounted, 1 detected)
File count matches exactly
PASSED
]]></system-out>
  </testcase>
  <testcase name="verifyAllCorpusImages" classname="io.spicelabs.saffron.corpus.CorpusFullVerificationTest" time="1.126">
    <system-out><![CDATA[
=== Verifying: ubuntu-23.04-vmware.vmdk ===
Expected: 116365 files, 14344 dirs, 2 filesystems
Actual:   116365 files (0 hidden+system), 14344 dirs, 2 filesystems (2 mounted, 0 detected)
File count matches exactly
PASSED
]]></system-out>
  </testcase>
  <testcase name="verifyAllCorpusImages" classname="io.spicelabs.saffron.corpus.CorpusFullVerificationTest" time="0.742">
    <system-out><![CDATA[
=== Verifying: ubuntu-23.10-vbox.vdi ===
Expected: 122304 files, 14921 dirs, 2 filesystems
Actual:   122304 files (0 hidden+system), 14921 dirs, 2 filesystems (2 mounted, 0 detected)
File count matches exactly
PASSED
]]></system-out>
  </testcase>
  <testcase name="verifyAllCorpusImages" classname="io.spicelabs.saffron.corpus.CorpusFullVerificationTest" time="1.111">
    <system-out><![CDATA[
=== Verifying: ubuntu-23.10-vmware.vmdk ===
Expected: 117034 files, 14477 dirs, 2 filesystems
Actual:   117034 files (0 hidden+system), 14477 dirs, 2 filesystems (2 mounted, 0 detected)
File count matches exactly
PASSED
]]></system-out>
  </testcase>
  <testcase name="verifyAllCorpusImages" classname="io.spicelabs.saffron.corpus.CorpusFullVerificationTest" time="0.409">
    <system-out><![CDATA[
=== Verifying: devuan-3.1-vmware.vmdk:/dev/devuan310-vg/var ===
  Expected: 6061 files, 233 dirs, ext4 fs
  Found LVM LV /dev/devuan310-vg/var (name: var)
Expected: 64732 files, 9288 dirs, 3 filesystems
Actual:   64732 files (0 hidden+system), 9288 dirs, 3 filesystems (3 mounted, 0 detected)
File count matches exactly
PASSED
]]></system-out>
  </testcase>
  <testcase name="verifyAllCorpusImages" classname="io.spicelabs.saffron.corpus.CorpusFullVerificationTest" time="11.12">
    <system-out><![CDATA[
=== Verifying: fedora-40-cloud-base-amd64.qcow2:/dev/sda2 ===
  Expected: 17 files, 4 dirs, vfat fs
  Looking for partition index 1 (device: /dev/sda2)
  Found 3 filesystem locations
    Checking partition index 1 (EFI System)
  Found partition /dev/sda2 at index 1
  Actual files: 17 (0 hidden+system, 17 visible)
  Actual dirs: 4 (visible: 4)
PASSED
]]></system-out>
  </testcase>
  <testcase name="verifyAllCorpusImages" classname="io.spicelabs.saffron.corpus.CorpusFullVerificationTest" time="0.765">
    <system-out><![CDATA[
=== Verifying: ubuntu-21.04-vbox.vdi ===
Expected: 126988 files, 18087 dirs, 3 filesystems
Actual:   126988 files (0 hidden+system), 18087 dirs, 3 filesystems (2 mounted, 1 detected)
File count matches exactly
PASSED
]]></system-out>
  </testcase>
  <testcase name="verifyAllCorpusImages" classname="io.spicelabs.saffron.corpus.CorpusFullVerificationTest" time="1.236">
    <system-out><![CDATA[
=== Verifying: ubuntu-21.04-vmware.vmdk ===
Expected: 127080 files, 18092 dirs, 3 filesystems
Actual:   127080 files (0 hidden+system), 18092 dirs, 3 filesystems (2 mounted, 1 detected)
File count matches exactly
PASSED
]]></system-out>
  </testcase>
  <testcase name="verifyAllCorpusImages" classname="io.spicelabs.saffron.corpus.CorpusFullVerificationTest" time="0.347">
    <system-out><![CDATA[
=== Verifying: ubuntu-22.04-azure.vhd ===
Expected: 59461 files, 8093 dirs, 2 filesystems
Actual:   59461 files (0 hidden+system), 8093 dirs, 2 filesystems (2 mounted, 0 detected)
File count matches exactly
PASSED
]]></system-out>
  </testcase>
  <testcase name="verifyAllCorpusImages" classname="io.spicelabs.saffron.corpus.CorpusFullVerificationTest" time="11.314">
    <system-out><![CDATA[
=== Verifying: fedora-40-cloud-base-amd64.qcow2:/dev/sda4 ===
  Expected: 26098 files, 5432 dirs, btrfs fs
  Looking for partition index 3 (device: /dev/sda4)
  Found 3 filesystem locations
    Checking partition index 1 (EFI System)
    Checking partition index 2 (Unknown (bc13c2ff-59e6-4262-a352-b275fd6f7172))
    Checking partition index 3 (Linux root (x86-64))
  Found partition /dev/sda4 at index 3
Expected: 69894 files, 9175 dirs, 3 filesystems
Actual:   69894 files (0 hidden+system), 9175 dirs, 3 filesystems (3 mounted, 0 detected)
File count matches exactly
Expected: 35966 files, 6399 dirs, 2 filesystems
Actual:   35966 files (0 hidden+system), 6399 dirs, 2 filesystems (2 mounted, 0 detected)
File count matches exactly
PASSED
]]></system-out>
  </testcase>
  <testcase name="verifyAllCorpusImages" classname="io.spicelabs.saffron.corpus.CorpusFullVerificationTest" time="7.591">
    <system-out><![CDATA[
=== Verifying: ubuntu-24.04-minimal-cloudimg.qcow2 ===
Expected: 13231 files, 2129 dirs, 3 filesystems
Actual:   13231 files (0 hidden+system), 2129 dirs, 3 filesystems (3 mounted, 0 detected)
File count matches exactly
PASSED
]]></system-out>
  </testcase>
  <testcase name="verifyAllCorpusImages" classname="io.spicelabs.saffron.corpus.CorpusFullVerificationTest" time="5.056">
    <system-out><![CDATA[
=== Verifying: ubuntu-24.04-server-cloudimg-amd64.qcow2 ===
PASSED
]]></system-out>
  </testcase>
  <testcase name="verifyAllCorpusImages" classname="io.spicelabs.saffron.corpus.CorpusFullVerificationTest" time="0.714">
    <system-out><![CDATA[
=== Verifying: ubuntu-24.04-vbox.vdi ===
Expected: 123428 files, 14978 dirs, 2 filesystems
Actual:   123428 files (0 hidden+system), 14978 dirs, 2 filesystems (2 mounted, 0 detected)
File count matches exactly
PASSED
]]></system-out>
  </testcase>
  <testcase name="verifyAllCorpusImages" classname="io.spicelabs.saffron.corpus.CorpusFullVerificationTest" time="0.16">
    <system-out><![CDATA[
=== Verifying: windows-me.vmdk ===
Expected: 4974 files, 302 dirs, 1 filesystems
Actual:   4980 files (20 hidden+system), 302 dirs, 1 filesystems (1 mounted, 0 detected)
File count matches for FAT filesystem (expected within visible..total range)
PASSED
]]></system-out>
  </testcase>
  <testcase name="verifyAllCorpusImages" classname="io.spicelabs.saffron.corpus.CorpusFullVerificationTest" time="11.918">
    <system-out><![CDATA[Expected: 69894 files, 9175 dirs, 3 filesystems
Actual:   69894 files (0 hidden+system), 9175 dirs, 3 filesystems (3 mounted, 0 detected)
File count matches exactly
PASSED
]]></system-out>
    <system-err><![CDATA[[dbg] advance: inline=false compressed=true numBytes=8192 ramBytes=8192 diskNum=4096 diskBytenr=456310784 offset=0 inlineLen=-1 extentStart=0 pos=0
[dbg] advance: inline=false compressed=false numBytes=12288 ramBytes=12288 diskNum=12288 diskBytenr=708980736 offset=0 inlineLen=-1 extentStart=0 pos=0
[dbg] advance: inline=false compressed=false numBytes=4096 ramBytes=4096 diskNum=4096 diskBytenr=444112896 offset=0 inlineLen=-1 extentStart=0 pos=0
[dbg] advance: inline=false compressed=true numBytes=20480 ramBytes=20480 diskNum=12288 diskBytenr=816447488 offset=0 inlineLen=-1 extentStart=0 pos=0
[dbg] advance: inline=true compressed=true numBytes=0 ramBytes=662 diskNum=0 diskBytenr=0 offset=0 inlineLen=516 extentStart=0 pos=0
[dbg] advance: inline=false compressed=false numBytes=20480 ramBytes=20480 diskNum=20480 diskBytenr=734019584 offset=0 inlineLen=-1 extentStart=0 pos=0
[dbg] advance: inline=true compressed=true numBytes=0 ramBytes=918 diskNum=0 diskBytenr=0 offset=0 inlineLen=438 extentStart=0 pos=0
]]></system-err>
  </testcase>
  <testcase name="verifyEachFilesystem" classname="io.spicelabs.saffron.corpus.PerFilesystemVerificationTest" time="2.632">
    <system-out><![CDATA[
=== Verifying: Fedora-Cloud-Base-Generic-42-1.1.x86_64.qcow2:/dev/sda2 ===
  Expected: 17 files, 4 dirs, vfat fs
  Looking for partition index 1 (device: /dev/sda2)
  Found 3 filesystem locations
    Checking partition index 1 (EFI System)
  Found partition /dev/sda2 at index 1
  Actual files: 17 (0 hidden+system, 17 visible)
  Actual dirs: 4 (visible: 4)
  PASSED
]]></system-out>
  </testcase>
  <testcase name="verifyEachFilesystem" classname="io.spicelabs.saffron.corpus.PerFilesystemVerificationTest" time="0.228">
    <system-out><![CDATA[
=== Verifying: Fedora-Cloud-Base-Generic-42-1.1.x86_64.qcow2:/dev/sda3 ===
  Expected: 643 files, 11 dirs, ext4 fs
  Looking for partition index 2 (device: /dev/sda3)
  Found 3 filesystem locations
    Checking partition index 1 (EFI System)
    Checking partition index 2 (Unknown (bc13c2ff-59e6-4262-a352-b275fd6f7172))
  Found partition /dev/sda3 at index 2
  Actual files: 643
  Actual dirs: 11 (visible: 11)
  PASSED
]]></system-out>
  </testcase>
  <testcase name="verifyEachFilesystem" classname="io.spicelabs.saffron.corpus.PerFilesystemVerificationTest" time="0.034">
    <system-out><![CDATA[
=== Verifying: Fedora-Cloud-Base-Generic-42-1.1.x86_64.qcow2:btrfsvol:/dev/sda4/home ===
  Expected: 0 files, 1 dirs, btrfs fs
  Btrfs subvolume: parent=/dev/sda4, subvol=home
  Found Btrfs subvolume by name: home (objectId=257)
  Actual files: 0
  Actual dirs: 1 (visible: 1)
  PASSED
]]></system-out>
  </testcase>
  <testcase name="verifyEachFilesystem" classname="io.spicelabs.saffron.corpus.PerFilesystemVerificationTest" time="85.021">
    <system-out><![CDATA[
=== Verifying: debian-10-generic-amd64.qcow2 ===
  PASSED
]]></system-out>
    <system-err><![CDATA[[dbg] advance: inline=false compressed=true numBytes=24576 ramBytes=24576 diskNum=12288 diskBytenr=803352576 offset=0 inlineLen=-1 extentStart=0 pos=0
[dbg] advance: inline=false compressed=true numBytes=65536 ramBytes=65536 diskNum=28672 diskBytenr=1064853504 offset=0 inlineLen=-1 extentStart=0 pos=0
[dbg] advance: inline=true compressed=true numBytes=0 ramBytes=458 diskNum=0 diskBytenr=0 offset=0 inlineLen=362 extentStart=0 pos=0
[dbg] advance: inline=true compressed=true numBytes=0 ramBytes=360 diskNum=0 diskBytenr=0 offset=0 inlineLen=202 extentStart=0 pos=0
[dbg] advance: inline=true compressed=true numBytes=0 ramBytes=786 diskNum=0 diskBytenr=0 offset=0 inlineLen=405 extentStart=0 pos=0
[dbg] advance: inline=false compressed=true numBytes=20480 ramBytes=20480 diskNum=8192 diskBytenr=754417664 offset=0 inlineLen=-1 extentStart=0 pos=0
[dbg] advance: inline=true compressed=true numBytes=0 ramBytes=1433 diskNum=0 diskBytenr=0 offset=0 inlineLen=823 extentStart=0 pos=0
[dbg] advance: inline=false compressed=true numBytes=16384 ramBytes=16384 diskNum=8192 diskBytenr=896958464 offset=0 inlineLen=-1 extentStart=0 pos=0
]]></system-err>
  </testcase>
  <testcase name="verifyEachFilesystem" classname="io.spicelabs.saffron.corpus.PerFilesystemVerificationTest" time="0.073">
    <system-out><![CDATA[
=== Verifying: Windows 98 Plus! Hard Disk.vhd:/dev/sda1 ===
  Expected: 4733 files, 260 dirs, vfat fs
  Looking for partition index 0 (device: /dev/sda1)
  Found 1 filesystem locations
    Checking partition index 0 (FAT32 (LBA))
  Found partition /dev/sda1 at index 0
  Actual files: 4738 (14 hidden+system, 4724 visible)
  Actual dirs: 260 (visible: 260)
  PASSED
]]></system-out>
  </testcase>
  <testcase name="verifyEachFilesystem" classname="io.spicelabs.saffron.corpus.PerFilesystemVerificationTest" time="0.088">
    <system-out><![CDATA[
=== Verifying: Windows NT Workstation 4.0 Hard Disk.vhd:/dev/sda1 ===
  Expected: 2245 files, 115 dirs, ntfs fs
  Looking for partition index 0 (device: /dev/sda1)
  Found 1 filesystem locations
    Checking partition index 0 (NTFS/exFAT)
  Found partition /dev/sda1 at index 0
  Actual files: 2245
  Actual dirs: 115 (visible: 115)
  PASSED
]]></system-out>
  </testcase>
  <testcase name="verifyEachFilesystem" classname="io.spicelabs.saffron.corpus.PerFilesystemVerificationTest" time="0.286">
    <system-out><![CDATA[
=== Verifying: Windows XP Mode.vhd:/dev/sda1 ===
  Expected: 8339 files, 1055 dirs, ntfs fs
  Looking for partition index 0 (device: /dev/sda1)
  Found 1 filesystem locations
    Checking partition index 0 (NTFS/exFAT)
  Found partition /dev/sda1 at index 0
  Actual files: 8339
  Actual dirs: 1055 (visible: 1055)
  PASSED
]]></system-out>
  </testcase>
  <testcase name="verifyEachFilesystem" classname="io.spicelabs.saffron.corpus.PerFilesystemVerificationTest" time="0.48">
    <system-out><![CDATA[
=== Verifying: debian-11-generic-amd64.qcow2 ===
  PASSED
]]></system-out>
  </testcase>
  <testcase name="verifyEachFilesystem" classname="io.spicelabs.saffron.corpus.PerFilesystemVerificationTest" time="0.23">
    <system-out><![CDATA[
=== Verifying: cirros-0.3.6-x86_64.qcow2 ===
  PASSED
]]></system-out>
  </testcase>
  <testcase name="verifyEachFilesystem" classname="io.spicelabs.saffron.corpus.PerFilesystemVerificationTest" time="19.263">
    <system-out><![CDATA[
=== Verifying: devuan-3.1-vmware.vmdk ===
  Actual dirs: 5849 (visible: 5842)
  PASSED
]]></system-out>
  </testcase>
  <testcase name="verifyEachFilesystem" classname="io.spicelabs.saffron.corpus.PerFilesystemVerificationTest" time="0.623">
    <system-out><![CDATA[
=== Verifying: almalinux-9-cloud-amd64.qcow2:/dev/sda2 ===
  Expected: 9 files, 4 dirs, vfat fs
  Looking for partition index 1 (device: /dev/sda2)
  Found 3 filesystem locations
    Checking partition index 1 (EFI System)
  Found partition /dev/sda2 at index 1
  Actual files: 9 (0 hidden+system, 9 visible)
  Actual dirs: 4 (visible: 4)
  PASSED
]]></system-out>
  </testcase>
  <testcase name="verifyEachFilesystem" classname="io.spicelabs.saffron.corpus.PerFilesystemVerificationTest" time="0.233">
    <system-out><![CDATA[
=== Verifying: almalinux-9-cloud-amd64.qcow2:/dev/sda3 ===
  Expected: 300 files, 8 dirs, xfs fs
  Looking for partition index 2 (device: /dev/sda3)
  Found 3 filesystem locations
    Checking partition index 1 (EFI System)
    Checking partition index 2 (Linux Filesystem)
  Found partition /dev/sda3 at index 2
  Actual files: 300
[...]
[dbg] advance: inline=true compressed=true numBytes=0 ramBytes=761 diskNum=0 diskBytenr=0 offset=0 inlineLen=543 extentStart=0 pos=0
]]></system-err>
  </testcase>
  <testcase name="verifyEachFilesystem" classname="io.spicelabs.saffron.corpus.PerFilesystemVerificationTest" time="0.507">
    <system-out><![CDATA[
=== Verifying: cirros-0.5.2-x86_64.qcow2:/dev/sda1 ===
  Expected: 7 files, 4 dirs, ext3 fs
  Looking for partition index 0 (device: /dev/sda1)
  Found 2 filesystem locations
    Checking partition index 0 (Linux Filesystem)
  Found partition /dev/sda1 at index 0
  Actual files: 7
  Actual dirs: 4 (visible: 4)
  PASSED
]]></system-out>
    <system-err><![CDATA[[dbg] advance: inline=false compressed=true numBytes=131072 ramBytes=131072 diskNum=57344 diskBytenr=967610368 offset=0 inlineLen=-1 extentStart=0 pos=0
[dbg] advance: inline=false compressed=true numBytes=81920 ramBytes=81920 diskNum=24576 diskBytenr=967667712 offset=0 inlineLen=-1 extentStart=131072 pos=131072
[dbg] advance: inline=false compressed=true numBytes=20480 ramBytes=20480 diskNum=8192 diskBytenr=943140864 offset=0 inlineLen=-1 extentStart=0 pos=0
]]></system-err>
  </testcase>
  <testcase name="verifyEachFilesystem" classname="io.spicelabs.saffron.corpus.PerFilesystemVerificationTest" time="0.181">
    <system-out><![CDATA[
=== Verifying: cirros-0.6.0-x86_64.qcow2:/dev/sda15 ===
  Expected: 2 files, 4 dirs, vfat fs
  Looking for partition index 14 (device: /dev/sda15)
  Found 2 filesystem locations
    Checking partition index 0 (Linux Filesystem)
    Checking partition index 14 (EFI System)
  Found partition /dev/sda15 at index 14
  Actual files: 2 (0 hidden+system, 2 visible)
  Actual dirs: 4 (visible: 4)
  PASSED
]]></system-out>
    <system-err><![CDATA[[dbg] advance: inline=false compressed=true numBytes=8192 ramBytes=8192 diskNum=4096 diskBytenr=795238400 offset=0 inlineLen=-1 extentStart=0 pos=0
]]></system-err>
  </testcase>
  <testcase name="verifyEachFilesystem" classname="io.spicelabs.saffron.corpus.PerFilesystemVerificationTest" time="0.174">
    <system-out><![CDATA[
=== Verifying: cirros-0.6.2-x86_64.qcow2:/dev/sda15 ===
  Expected: 2 files, 4 dirs, vfat fs
  Looking for partition index 14 (device: /dev/sda15)
  Found 2 filesystem locations
    Checking partition index 0 (Linux Filesystem)
    Checking partition index 14 (EFI System)
  Found partition /dev/sda15 at index 14
  Actual files: 2 (0 hidden+system, 2 visible)
  Actual dirs: 4 (visible: 4)
  PASSED
]]></system-out>
  </testcase>
  <testcase name="verifyEachFilesystem" classname="io.spicelabs.saffron.corpus.PerFilesystemVerificationTest" time="8.515">
    <system-out><![CDATA[
=== Verifying: debian-10-generic-amd64.qcow2:/dev/sda1 ===
  Expected: 21486 files, 2679 dirs, ext4 fs
  Looking for partition index 0 (device: /dev/sda1)
  Found 2 filesystem locations
    Checking partition index 0 (Linux root (x86-64))
  Found partition /dev/sda1 at index 0
  Actual files: 23059
  Actual files: 21486
  Actual dirs: 2868 (visible: 2867)
  PASSED
]]></system-out>
    <system-err><![CDATA[[dbg] advance: inline=false compressed=true numBytes=131072 ramBytes=131072 diskNum=65536 diskBytenr=829284352 offset=0 inlineLen=-1 extentStart=0 pos=0
[dbg] advance: inline=false compressed=false numBytes=208896 ramBytes=208896 diskNum=208896 diskBytenr=320794624 offset=0 inlineLen=-1 extentStart=131072 pos=131072
[dbg] advance: inline=false compressed=true numBytes=36864 ramBytes=36864 diskNum=16384 diskBytenr=943054848 offset=0 inlineLen=-1 extentStart=0 pos=0
[dbg] advance: inline=false compressed=false numBytes=4096 ramBytes=4096 diskNum=4096 diskBytenr=786202624 offset=0 inlineLen=-1 extentStart=0 pos=0
[dbg] advance: inline=false compressed=false numBytes=8192 ramBytes=8192 diskNum=8192 diskBytenr=784408576 offset=0 inlineLen=-1 extentStart=0 pos=0
[dbg] advance: inline=false compressed=true numBytes=8192 ramBytes=8192 diskNum=4096 diskBytenr=871231488 offset=0 inlineLen=-1 extentStart=0 pos=0
[dbg] advance: inline=false compressed=false numBytes=8192 ramBytes=8192 diskNum=8192 diskBytenr=762048512 offset=0 inlineLen=-1 extentStart=0 pos=0
[dbg] advance: inline=true compressed=true numBytes=0 ramBytes=1811 diskNum=0 diskBytenr=0 offset=0 inlineLen=729 extentStart=0 pos=0
[dbg] advance: inline=true compressed=false numBytes=0 ramBytes=681 diskNum=0 diskBytenr=0 offset=0 inlineLen=681 extentStart=0 pos=0
[dbg] advance: inline=true compressed=true numBytes=0 ramBytes=1698 diskNum=0 diskBytenr=0 offset=0 inlineLen=997 extentStart=0 pos=0
[dbg] advance: inline=false compressed=false numBytes=4096 ramBytes=4096 diskNum=4096 diskBytenr=782606336 offset=0 inlineLen=-1 extentStart=0 pos=0
[dbg] advance: inline=true compressed=true numBytes=0 ramBytes=244 diskNum=0 diskBytenr=0 offset=0 inlineLen=195 extentStart=0 pos=0
[dbg] advance: inline=true compressed=true numBytes=0 ramBytes=3089 diskNum=0 diskBytenr=0 offset=0 inlineLen=1012 extentStart=0 pos=0
[dbg] advance: inline=false compressed=true numBytes=12288 ramBytes=12288 diskNum=4096 diskBytenr=794673152 offset=0 inlineLen=-1 extentStart=0 pos=0
[dbg] advance: inline=false compressed=false numBytes=24576 ramBytes=24576 diskNum=24576 diskBytenr=782000128 offset=0 inlineLen=-1 extentStart=0 pos=0
[dbg] advance: inline=false compressed=true numBytes=20480 ramBytes=20480 diskNum=8192 diskBytenr=848592896 offset=0 inlineLen=-1 extentStart=0 pos=0
[dbg] advance: inline=true compressed=true numBytes=0 ramBytes=506 diskNum=0 diskBytenr=0 offset=0 inlineLen=244 extentStart=0 pos=0
[dbg] advance: inline=true compressed=true numBytes=0 ramBytes=3424 diskNum=0 diskBytenr=0 offset=0 inlineLen=1339 extentStart=0 pos=0
[dbg] advance: inline=true compressed=true numBytes=0 ramBytes=664 diskNum=0 diskBytenr=0 offset=0 inlineLen=345 extentStart=0 pos=0
[dbg] advance: inline=false compressed=false numBytes=12288 ramBytes=12288 diskNum=12288 diskBytenr=1005486080 offset=0 inlineLen=-1 extentStart=0 pos=0
[dbg] advance: inline=false compressed=false numBytes=12288 ramBytes=12288 diskNum=12288 diskBytenr=1002954752 offset=0 inlineLen=-1 extentStart=0 pos=0
[dbg] advance: inline=true compressed=false numBytes=0 ramBytes=2 diskNum=0 diskBytenr=0 offset=0 inlineLen=2 extentStart=0 pos=0
[dbg] advance: inline=false compressed=false numBytes=12288 ramBytes=12288 diskNum=12288 diskBytenr=1000026112 offset=0 inlineLen=-1 extentStart=0 pos=0
[dbg] advance: inline=true compressed=false numBytes=0 ramBytes=2 diskNum=0 diskBytenr=0 offset=0 inlineLen=2 extentStart=0 pos=0
[dbg] advance: inline=true compressed=false numBytes=0 ramBytes=1221 diskNum=0 diskBytenr=0 offset=0 inlineLen=1221 extentStart=0 pos=0
[dbg] advance: inline=false compressed=false numBytes=12288 ramBytes=12288 diskNum=12288 diskBytenr=1007280128 offset=0 inlineLen=-1 extentStart=0 pos=0
[dbg] advance: inline=false compressed=false numBytes=4096 ramBytes=4096 diskNum=4096 diskBytenr=1004412928 offset=0 inlineLen=-1 extentStart=0 pos=0
[dbg] advance: inline=false compressed=false numBytes=4096 ramBytes=4096 diskNum=4096 diskBytenr=1006977024 offset=0 inlineLen=-1 extentStart=0 pos=0
[dbg] advance: inline=true compressed=false numBytes=0 ramBytes=974 diskNum=0 diskBytenr=0 offset=0 inlineLen=974 extentStart=0 pos=0
]]></system-err>
  </testcase>
  <testcase name="verifyEachFilesystem" classname="io.spicelabs.saffron.corpus.PerFilesystemVerificationTest" time="0.398">
    <system-out><![CDATA[
=== Verifying: debian-11-vbox.vdi:/dev/debian11-vg/root ===
  Expected: 23935 files, 3202 dirs, ext4 fs
  Found LVM LV /dev/debian11-vg/root (name: root)
  Actual files: 23935
  Actual dirs: 3202 (visible: 3200)
  PASSED
]]></system-out>
    <system-err><![CDATA[[dbg] advance: inline=false compressed=false numBytes=4096 ramBytes=4096 diskNum=4096 diskBytenr=1005158400 offset=0 inlineLen=-1 extentStart=0 pos=0
]]></system-err>
  </testcase>
  <testcase name="verifyEachFilesystem" classname="io.spicelabs.saffron.corpus.PerFilesystemVerificationTest" time="0.012">
    <system-out><![CDATA[
=== Verifying: debian-11-vbox.vdi:/dev/debian11-vg/tmp ===
  Expected: 0 files, 10 dirs, ext4 fs
  Found LVM LV /dev/debian11-vg/tmp (name: tmp)
  Actual files: 0
  Actual dirs: 10 (visible: 5)
  PASSED
]]></system-out>
  </testcase>
  <testcase name="verifyEachFilesystem" classname="io.spicelabs.saffron.corpus.PerFilesystemVerificationTest" time="0.034">
    <system-out><![CDATA[
=== Verifying: debian-11-vbox.vdi:/dev/debian11-vg/var ===
  Expected: 1862 files, 204 dirs, ext4 fs
  Found LVM LV /dev/debian11-vg/var (name: var)
  Actual files: 1862
  Actual dirs: 204 (visible: 204)
  PASSED
]]></system-out>
  </testcase>
  <testcase name="verifyEachFilesystem" classname="io.spicelabs.saffron.corpus.PerFilesystemVerificationTest" time="0.015">
    <system-out><![CDATA[
=== Verifying: debian-11-vbox.vdi:/dev/sda1 ===
  Expected: 332 files, 6 dirs, ext2 fs
  Looking for partition index 0 (device: /dev/sda1)
  Found 1 filesystem locations
    Checking partition index 0 (Linux)
  Found partition /dev/sda1 at index 0
  Actual files: 332
  Actual dirs: 6 (visible: 6)
  PASSED
]]></system-out>
  </testcase>
  <testcase name="verifyEachFilesystem" classname="io.spicelabs.saffron.corpus.PerFilesystemVerificationTest" time="8.052">
    <system-out><![CDATA[
=== Verifying: debian-12-generic-amd64.qcow2:/dev/sda1 ===
  Expected: 24248 files, 3000 dirs, ext4 fs
  Looking for partition index 0 (device: /dev/sda1)
  Found 2 filesystem locations
    Checking partition index 0 (Linux root (x86-64))
  Found partition /dev/sda1 at index 0
  Actual dirs: 2679 (visible: 2679)
  PASSED
]]></system-out>
    <system-err><![CDATA[[dbg] advance: inline=false compressed=false numBytes=12288 ramBytes=12288 diskNum=12288 diskBytenr=1000943616 offset=0 inlineLen=-1 extentStart=0 pos=0
[dbg] advance: inline=false compressed=false numBytes=12288 ramBytes=12288 diskNum=12288 diskBytenr=1002979328 offset=0 inlineLen=-1 extentStart=0 pos=0
[dbg] advance: inline=true compressed=false numBytes=0 ramBytes=2 diskNum=0 diskBytenr=0 offset=0 inlineLen=2 extentStart=0 pos=0
[dbg] advance: inline=false compressed=false numBytes=4096 ramBytes=4096 diskNum=4096 diskBytenr=1000984576 offset=0 inlineLen=-1 extentStart=0 pos=0
[dbg] advance: inline=false compressed=false numBytes=12288 ramBytes=12288 diskNum=12288 diskBytenr=1003483136 offset=0 inlineLen=-1 extentStart=0 pos=0
[dbg] advance: inline=true compressed=false numBytes=0 ramBytes=2 diskNum=0 diskBytenr=0 offset=0 inlineLen=2 extentStart=0 pos=0
[dbg] advance: inline=true compressed=false numBytes=0 ramBytes=2 diskNum=0 diskBytenr=0 offset=0 inlineLen=2 extentStart=0 pos=0
]]></system-err>
  </testcase>
  <testcase name="verifyEachFilesystem" classname="io.spicelabs.saffron.corpus.PerFilesystemVerificationTest" time="1.704">
    <system-out><![CDATA[
=== Verifying: kali-2024.3-vmware.vmdk ===
  Actual files: 24248
  PASSED
]]></system-out>
  </testcase>
  <testcase name="verifyEachFilesystem" classname="io.spicelabs.saffron.corpus.PerFilesystemVerificationTest" time="9.696">
    <system-out><![CDATA[
=== Verifying: opensuse-leap-15.5.qcow2 ===
  Actual dirs: 3000 (visible: 2998)
  PASSED
]]></system-out>
  </testcase>
  <testcase name="verifyEachFilesystem" classname="io.spicelabs.saffron.corpus.PerFilesystemVerificationTest" time="0.071">
    <system-out><![CDATA[
=== Verifying: debian-12-genericcloud-amd64.raw:/dev/sda15 ===
  Expected: 9 files, 4 dirs, vfat fs
  Looking for partition index 14 (device: /dev/sda15)
  Found 2 filesystem locations
    Checking partition index 0 (Linux root (x86-64))
    Checking partition index 14 (EFI System)
  Found partition /dev/sda15 at index 14
  Actual files: 9 (0 hidden+system, 9 visible)
  Actual dirs: 4 (visible: 4)
  PASSED
]]></system-out>
  </testcase>
  <testcase name="verifyEachFilesystem" classname="io.spicelabs.saffron.corpus.PerFilesystemVerificationTest" time="7.902">
    <system-out><![CDATA[
=== Verifying: debian-12-nocloud.qcow2:/dev/sda1 ===
  Expected: 21558 files, 2762 dirs, ext4 fs
  Looking for partition index 0 (device: /dev/sda1)
  Found 2 filesystem locations
    Checking partition index 0 (Linux root (x86-64))
  Found partition /dev/sda1 at index 0
  Actual dirs: 2610 (visible: 2610)
  PASSED
]]></system-out>
  </testcase>
  <testcase name="verifyEachFilesystem" classname="io.spicelabs.saffron.corpus.PerFilesystemVerificationTest" time="1.635">
    <system-out><![CDATA[
=== Verifying: opensuse-leap-15.6.qcow2 ===
  Actual files: 21558
  PASSED
]]></system-out>
  </testcase>
  <testcase name="verifyEachFilesystem" classname="io.spicelabs.saffron.corpus.PerFilesystemVerificationTest" time="0.019">
    <system-out><![CDATA[
=== Verifying: debian-11-vbox.vdi:/dev/debian11-vg/home ===
  Expected: 4 files, 3 dirs, ext4 fs
  Found LVM LV /dev/debian11-vg/home (name: home)
  Actual files: 4
  Actual dirs: 3 (visible: 3)
  PASSED
]]></system-out>
  </testcase>
  <testcase name="verifyEachFilesystem" classname="io.spicelabs.saffron.corpus.PerFilesystemVerificationTest" time="1.865">
    <system-out><![CDATA[
=== Verifying: debian-12-generic-amd64.qcow2:/dev/sda15 ===
  Expected: 9 files, 4 dirs, vfat fs
  Looking for partition index 14 (device: /dev/sda15)
  Found 2 filesystem locations
    Checking partition index 0 (Linux root (x86-64))
    Checking partition index 14 (EFI System)
  Found partition /dev/sda15 at index 14
  Actual files: 9 (0 hidden+system, 9 visible)
  Actual dirs: 4 (visible: 4)
  PASSED
]]></system-out>
  </testcase>
  <testcase name="verifyEachFilesystem" classname="io.spicelabs.saffron.corpus.PerFilesystemVerificationTest" time="0.277">
    <system-out><![CDATA[
=== Verifying: debian-12-genericcloud-amd64.raw:/dev/sda1 ===
  Expected: 21347 files, 2341 dirs, ext4 fs
  Looking for partition index 0 (device: /dev/sda1)
  Found 2 filesystem locations
    Checking partition index 0 (Linux root (x86-64))
  Found partition /dev/sda1 at index 0
  Actual files: 21347
  Actual dirs: 2341 (visible: 2339)
  PASSED
]]></system-out>
  </testcase>
  <testcase name="verifyEachFilesystem" classname="io.spicelabs.saffron.corpus.PerFilesystemVerificationTest" time="8.058">
    <system-out><![CDATA[
=== Verifying: flatcar-stable.qcow2 ===
  Actual dirs: 2762 (visible: 2761)
  PASSED
]]></system-out>
  </testcase>
  <testcase name="verifyEachFilesystem" classname="io.spicelabs.saffron.corpus.PerFilesystemVerificationTest" time="0.034">
    <system-out><![CDATA[
=== Verifying: debian-12-vbox.vdi:/dev/debian12-vg/var ===
  Expected: 1839 files, 205 dirs, ext4 fs
  Found LVM LV /dev/debian12-vg/var (name: var)
  Actual files: 1839
  Actual dirs: 205 (visible: 205)
  PASSED
]]></system-out>
  </testcase>
  <testcase name="verifyEachFilesystem" classname="io.spicelabs.saffron.corpus.PerFilesystemVerificationTest" time="0.01">
    <system-out><![CDATA[
=== Verifying: debian-12-vbox.vdi:/dev/sda1 ===
  Expected: 337 files, 6 dirs, ext2 fs
  Looking for partition index 0 (device: /dev/sda1)
  Found 1 filesystem locations
    Checking partition index 0 (Linux)
  Found partition /dev/sda1 at index 0
  Actual files: 337
  Actual dirs: 6 (visible: 6)
  PASSED
]]></system-out>
  </testcase>
  <testcase name="verifyEachFilesystem" classname="io.spicelabs.saffron.corpus.PerFilesystemVerificationTest" time="0.644">
    <system-out><![CDATA[
=== Verifying: devuan-3.1-vmware.vmdk:/dev/devuan310-vg/home ===
  Expected: 80 files, 35 dirs, ext4 fs
  Found LVM LV /dev/devuan310-vg/home (name: home)
  Actual files: 80
  Actual dirs: 35 (visible: 29)
  PASSED
]]></system-out>
  </testcase>
  <testcase name="verifyEachFilesystem" classname="io.spicelabs.saffron.corpus.PerFilesystemVerificationTest" time="52.498">
    <system-out><![CDATA[
=== Verifying: ubuntu-24.04-azure-amd64.vhd ===
  Actual dirs: 13771 (visible: 13765)
  PASSED
]]></system-out>
  </testcase>
  <testcase name="verifyEachFilesystem" classname="io.spicelabs.saffron.corpus.PerFilesystemVerificationTest" time="0.011">
    <system-out><![CDATA[
=== Verifying: devuan-3.1-vmware.vmdk:/dev/devuan310-vg/tmp ===
  Expected: 0 files, 5 dirs, ext4 fs
  Found LVM LV /dev/devuan310-vg/tmp (name: tmp)
  Actual files: 0
  Actual dirs: 5 (visible: 3)
  PASSED
]]></system-out>
  </testcase>
  <testcase name="verifyEachFilesystem" classname="io.spicelabs.saffron.corpus.PerFilesystemVerificationTest" time="3.488">
    <system-out><![CDATA[
=== Verifying: ubuntu-24.04-cloudimg-amd64.qcow2 ===
Expected: 57940 files, 10914 dirs, 2 filesystems
Actual:   57940 files (0 hidden+system), 10914 dirs, 2 filesystems (2 mounted, 0 detected)
File count matches exactly
  Actual files: 6061
  Actual dirs: 233 (visible: 233)
  PASSED
]]></system-out>
  </testcase>
  <testcase name="verifyEachFilesystem" classname="io.spicelabs.saffron.corpus.PerFilesystemVerificationTest" time="0.337">
    <system-out><![CDATA[
=== Verifying: devuan-3.1-vmware.vmdk:/dev/sda1 ===
  Expected: 324 files, 6 dirs, ext2 fs
  Looking for partition index 0 (device: /dev/sda1)
  Found 1 filesystem locations
    Checking partition index 0 (Linux)
  Found partition /dev/sda1 at index 0
  Actual files: 324
  Actual dirs: 6 (visible: 6)
  PASSED
]]></system-out>
  </testcase>
  <testcase name="verifyEachFilesystem" classname="io.spicelabs.saffron.corpus.PerFilesystemVerificationTest" time="2.752">
    <system-out><![CDATA[
=== Verifying: ubuntu-22.04-minimal-cloudimg.qcow2 ===
  PASSED
]]></system-out>
  </testcase>
  <testcase name="verifyEachFilesystem" classname="io.spicelabs.saffron.corpus.PerFilesystemVerificationTest" time="0.218">
    <system-out><![CDATA[
=== Verifying: fedora-40-cloud-base-amd64.qcow2:/dev/sda3 ===
  Expected: 637 files, 11 dirs, ext4 fs
  Looking for partition index 2 (device: /dev/sda3)
  Found 3 filesystem locations
    Checking partition index 1 (EFI System)
    Checking partition index 2 (Unknown (bc13c2ff-59e6-4262-a352-b275fd6f7172))
  Found partition /dev/sda3 at index 2
  Actual files: 637
  Actual dirs: 11 (visible: 11)
  PASSED
]]></system-out>
  </testcase>
  <testcase name="verifyEachFilesystem" classname="io.spicelabs.saffron.corpus.PerFilesystemVerificationTest" time="1.803">
    <system-out><![CDATA[
=== Verifying: debian-12-nocloud.qcow2:/dev/sda15 ===
  Expected: 9 files, 4 dirs, vfat fs
  Looking for partition index 14 (device: /dev/sda15)
  Found 2 filesystem locations
    Checking partition index 0 (Linux root (x86-64))
    Checking partition index 14 (EFI System)
  Found partition /dev/sda15 at index 14
  Actual files: 9 (0 hidden+system, 9 visible)
  Actual dirs: 4 (visible: 4)
  Actual dirs: 3007 (visible: 3005)
  PASSED
]]></system-out>
  </testcase>
  <testcase name="verifyEachFilesystem" classname="io.spicelabs.saffron.corpus.PerFilesystemVerificationTest" time="0.014">
    <system-out><![CDATA[
=== Verifying: debian-12-vbox.vdi:/dev/debian12-vg/home ===
  Expected: 5 files, 3 dirs, ext4 fs
  Found LVM LV /dev/debian12-vg/home (name: home)
  Actual files: 5
  Actual dirs: 3 (visible: 3)
  PASSED
]]></system-out>
  </testcase>
  <testcase name="verifyEachFilesystem" classname="io.spicelabs.saffron.corpus.PerFilesystemVerificationTest" time="0.38">
    <system-out><![CDATA[
=== Verifying: debian-12-vbox.vdi:/dev/debian12-vg/root ===
  Expected: 25112 files, 3378 dirs, ext4 fs
  Found LVM LV /dev/debian12-vg/root (name: root)
  Actual files: 25112
  Actual dirs: 3378 (visible: 3375)
  PASSED
]]></system-out>
  </testcase>
  <testcase name="verifyEachFilesystem" classname="io.spicelabs.saffron.corpus.PerFilesystemVerificationTest" time="0.006">
    <system-out><![CDATA[
=== Verifying: debian-12-vbox.vdi:/dev/debian12-vg/tmp ===
  Expected: 0 files, 9 dirs, ext4 fs
  Found LVM LV /dev/debian12-vg/tmp (name: tmp)
  Actual files: 0
  Actual dirs: 9 (visible: 5)
  PASSED
]]></system-out>
  </testcase>
</testsuite>